{"/Users/ssimonsen/Code/unexpected-dom/bootstrap-unexpected-markdown.js":{"path":"/Users/ssimonsen/Code/unexpected-dom/bootstrap-unexpected-markdown.js","statementMap":{"0":{"start":{"line":2,"column":0},"end":{"line":2,"column":43}},"1":{"start":{"line":3,"column":0},"end":{"line":3,"column":38}},"2":{"start":{"line":4,"column":0},"end":{"line":4,"column":34}},"3":{"start":{"line":6,"column":12},"end":{"line":6,"column":28}},"4":{"start":{"line":7,"column":13},"end":{"line":7,"column":37}},"5":{"start":{"line":8,"column":15},"end":{"line":8,"column":30}},"6":{"start":{"line":10,"column":0},"end":{"line":20,"column":2}},"7":{"start":{"line":11,"column":13},"end":{"line":11,"column":42}},"8":{"start":{"line":13,"column":2},"end":{"line":17,"column":12}},"9":{"start":{"line":19,"column":2},"end":{"line":19,"column":25}},"10":{"start":{"line":22,"column":0},"end":{"line":22,"column":20}}},"fnMap":{"0":{"name":"createElement","decl":{"start":{"line":10,"column":25},"end":{"line":10,"column":38}},"loc":{"start":{"line":10,"column":45},"end":{"line":20,"column":1}},"line":10}},"branchMap":{},"s":{"0":1,"1":1,"2":1,"3":1,"4":1,"5":1,"6":1,"7":43,"8":43,"9":43,"10":1},"f":{"0":43},"b":{},"_coverageSchema":"d34fc3e6b8297bcde183f5492bcb8fcb36775295","hash":"69a30864ed688fef6e5e79f6d64b54ded06977a9","contentHash":"e1a00e17d3f9347115e1de277111644b"},"/Users/ssimonsen/Code/unexpected-dom/src/index.js":{"path":"/Users/ssimonsen/Code/unexpected-dom/src/index.js","statementMap":{"0":{"start":{"line":2,"column":24},"end":{"line":2,"column":52}},"1":{"start":{"line":5,"column":2},"end":{"line":11,"column":3}},"2":{"start":{"line":6,"column":4},"end":{"line":6,"column":33}},"3":{"start":{"line":8,"column":4},"end":{"line":10,"column":6}},"4":{"start":{"line":15,"column":2},"end":{"line":33,"column":3}},"5":{"start":{"line":16,"column":4},"end":{"line":16,"column":61}},"6":{"start":{"line":17,"column":9},"end":{"line":33,"column":3}},"7":{"start":{"line":22,"column":25},"end":{"line":22,"column":71}},"8":{"start":{"line":23,"column":4},"end":{"line":23,"column":24}},"9":{"start":{"line":24,"column":4},"end":{"line":24,"column":28}},"10":{"start":{"line":25,"column":4},"end":{"line":25,"column":25}},"11":{"start":{"line":26,"column":4},"end":{"line":26,"column":24}},"12":{"start":{"line":28,"column":18},"end":{"line":28,"column":28}},"13":{"start":{"line":30,"column":4},"end":{"line":32,"column":25}},"14":{"start":{"line":37,"column":2},"end":{"line":39,"column":3}},"15":{"start":{"line":38,"column":4},"end":{"line":38,"column":58}},"16":{"start":{"line":40,"column":23},"end":{"line":40,"column":43}},"17":{"start":{"line":42,"column":2},"end":{"line":53,"column":3}},"18":{"start":{"line":43,"column":17},"end":{"line":43,"column":34}},"19":{"start":{"line":44,"column":29},"end":{"line":44,"column":66}},"20":{"start":{"line":45,"column":4},"end":{"line":49,"column":5}},"21":{"start":{"line":46,"column":6},"end":{"line":48,"column":7}},"22":{"start":{"line":47,"column":8},"end":{"line":47,"column":73}},"23":{"start":{"line":50,"column":4},"end":{"line":50,"column":28}},"24":{"start":{"line":52,"column":4},"end":{"line":52,"column":24}},"25":{"start":{"line":57,"column":2},"end":{"line":67,"column":3}},"26":{"start":{"line":58,"column":4},"end":{"line":58,"column":60}},"27":{"start":{"line":60,"column":18},"end":{"line":60,"column":28}},"28":{"start":{"line":62,"column":4},"end":{"line":66,"column":5}},"29":{"start":{"line":63,"column":6},"end":{"line":63,"column":79}},"30":{"start":{"line":65,"column":6},"end":{"line":65,"column":54}},"31":{"start":{"line":71,"column":34},"end":{"line":73,"column":1}},"32":{"start":{"line":75,"column":29},"end":{"line":75,"column":427}},"33":{"start":{"line":78,"column":2},"end":{"line":78,"column":45}},"34":{"start":{"line":82,"column":2},"end":{"line":82,"column":47}},"35":{"start":{"line":86,"column":24},"end":{"line":88,"column":59}},"36":{"start":{"line":88,"column":20},"end":{"line":88,"column":58}},"37":{"start":{"line":90,"column":2},"end":{"line":96,"column":3}},"38":{"start":{"line":91,"column":4},"end":{"line":91,"column":32}},"39":{"start":{"line":92,"column":4},"end":{"line":95,"column":6}},"40":{"start":{"line":100,"column":17},"end":{"line":100,"column":19}},"41":{"start":{"line":102,"column":2},"end":{"line":108,"column":5}},"42":{"start":{"line":103,"column":18},"end":{"line":103,"column":58}},"43":{"start":{"line":103,"column":46},"end":{"line":103,"column":57}},"44":{"start":{"line":105,"column":4},"end":{"line":107,"column":5}},"45":{"start":{"line":106,"column":6},"end":{"line":106,"column":34}},"46":{"start":{"line":110,"column":2},"end":{"line":110,"column":16}},"47":{"start":{"line":114,"column":2},"end":{"line":116,"column":3}},"48":{"start":{"line":115,"column":4},"end":{"line":115,"column":14}},"49":{"start":{"line":118,"column":2},"end":{"line":120,"column":3}},"50":{"start":{"line":119,"column":4},"end":{"line":119,"column":14}},"51":{"start":{"line":122,"column":21},"end":{"line":122,"column":48}},"52":{"start":{"line":123,"column":2},"end":{"line":125,"column":3}},"53":{"start":{"line":124,"column":4},"end":{"line":124,"column":21}},"54":{"start":{"line":126,"column":2},"end":{"line":126,"column":20}},"55":{"start":{"line":131,"column":4},"end":{"line":133,"column":26}},"56":{"start":{"line":135,"column":2},"end":{"line":139,"column":3}},"57":{"start":{"line":136,"column":4},"end":{"line":136,"column":53}},"58":{"start":{"line":138,"column":4},"end":{"line":138,"column":64}},"59":{"start":{"line":143,"column":17},"end":{"line":143,"column":46}},"60":{"start":{"line":144,"column":16},"end":{"line":144,"column":34}},"61":{"start":{"line":145,"column":17},"end":{"line":145,"column":19}},"62":{"start":{"line":147,"column":2},"end":{"line":159,"column":3}},"63":{"start":{"line":148,"column":4},"end":{"line":158,"column":5}},"64":{"start":{"line":149,"column":6},"end":{"line":150,"column":60}},"65":{"start":{"line":151,"column":11},"end":{"line":158,"column":5}},"66":{"start":{"line":152,"column":6},"end":{"line":152,"column":66}},"67":{"start":{"line":154,"column":6},"end":{"line":157,"column":33}},"68":{"start":{"line":161,"column":2},"end":{"line":161,"column":16}},"69":{"start":{"line":165,"column":16},"end":{"line":165,"column":38}},"70":{"start":{"line":166,"column":17},"end":{"line":166,"column":19}},"71":{"start":{"line":168,"column":2},"end":{"line":172,"column":7}},"72":{"start":{"line":171,"column":6},"end":{"line":171,"column":31}},"73":{"start":{"line":174,"column":2},"end":{"line":174,"column":16}},"74":{"start":{"line":178,"column":2},"end":{"line":181,"column":27}},"75":{"start":{"line":185,"column":2},"end":{"line":187,"column":4}},"76":{"start":{"line":191,"column":2},"end":{"line":191,"column":38}},"77":{"start":{"line":192,"column":2},"end":{"line":204,"column":3}},"78":{"start":{"line":193,"column":4},"end":{"line":199,"column":5}},"79":{"start":{"line":194,"column":6},"end":{"line":194,"column":30}},"80":{"start":{"line":195,"column":11},"end":{"line":199,"column":5}},"81":{"start":{"line":196,"column":6},"end":{"line":198,"column":20}},"82":{"start":{"line":197,"column":24},"end":{"line":197,"column":55}},"83":{"start":{"line":200,"column":4},"end":{"line":203,"column":29}},"84":{"start":{"line":208,"column":2},"end":{"line":222,"column":3}},"85":{"start":{"line":212,"column":4},"end":{"line":212,"column":25}},"86":{"start":{"line":213,"column":9},"end":{"line":222,"column":3}},"87":{"start":{"line":214,"column":4},"end":{"line":214,"column":40}},"88":{"start":{"line":215,"column":9},"end":{"line":222,"column":3}},"89":{"start":{"line":216,"column":4},"end":{"line":219,"column":21}},"90":{"start":{"line":218,"column":22},"end":{"line":218,"column":58}},"91":{"start":{"line":221,"column":4},"end":{"line":221,"column":51}},"92":{"start":{"line":227,"column":4},"end":{"line":229,"column":24}},"93":{"start":{"line":230,"column":12},"end":{"line":230,"column":29}},"94":{"start":{"line":231,"column":16},"end":{"line":231,"column":47}},"95":{"start":{"line":233,"column":2},"end":{"line":235,"column":5}},"96":{"start":{"line":234,"column":4},"end":{"line":234,"column":53}},"97":{"start":{"line":237,"column":2},"end":{"line":237,"column":13}},"98":{"start":{"line":238,"column":2},"end":{"line":238,"column":13}},"99":{"start":{"line":242,"column":17},"end":{"line":242,"column":46}},"100":{"start":{"line":243,"column":22},"end":{"line":245,"column":22}},"101":{"start":{"line":246,"column":2},"end":{"line":250,"column":3}},"102":{"start":{"line":247,"column":4},"end":{"line":247,"column":14}},"103":{"start":{"line":249,"column":4},"end":{"line":249,"column":31}},"104":{"start":{"line":253,"column":0},"end":{"line":1441,"column":2}},"105":{"start":{"line":256,"column":4},"end":{"line":256,"column":28}},"106":{"start":{"line":257,"column":4},"end":{"line":257,"column":42}},"107":{"start":{"line":260,"column":6},"end":{"line":263,"column":9}},"108":{"start":{"line":261,"column":8},"end":{"line":261,"column":33}},"109":{"start":{"line":262,"column":8},"end":{"line":262,"column":18}},"110":{"start":{"line":266,"column":4},"end":{"line":285,"column":7}},"111":{"start":{"line":270,"column":8},"end":{"line":274,"column":10}},"112":{"start":{"line":277,"column":8},"end":{"line":277,"column":43}},"113":{"start":{"line":280,"column":8},"end":{"line":283,"column":10}},"114":{"start":{"line":287,"column":4},"end":{"line":307,"column":7}},"115":{"start":{"line":291,"column":8},"end":{"line":291,"column":77}},"116":{"start":{"line":294,"column":8},"end":{"line":294,"column":43}},"117":{"start":{"line":297,"column":8},"end":{"line":297,"column":66}},"118":{"start":{"line":300,"column":18},"end":{"line":303,"column":9}},"119":{"start":{"line":304,"column":8},"end":{"line":304,"column":24}},"120":{"start":{"line":305,"column":8},"end":{"line":305,"column":17}},"121":{"start":{"line":310,"column":4},"end":{"line":318,"column":7}},"122":{"start":{"line":314,"column":8},"end":{"line":316,"column":10}},"123":{"start":{"line":320,"column":4},"end":{"line":337,"column":7}},"124":{"start":{"line":324,"column":8},"end":{"line":324,"column":77}},"125":{"start":{"line":327,"column":8},"end":{"line":327,"column":43}},"126":{"start":{"line":330,"column":8},"end":{"line":330,"column":71}},"127":{"start":{"line":333,"column":18},"end":{"line":333,"column":60}},"128":{"start":{"line":334,"column":8},"end":{"line":334,"column":24}},"129":{"start":{"line":335,"column":8},"end":{"line":335,"column":17}},"130":{"start":{"line":339,"column":4},"end":{"line":365,"column":7}},"131":{"start":{"line":343,"column":8},"end":{"line":343,"column":40}},"132":{"start":{"line":346,"column":8},"end":{"line":346,"column":32}},"133":{"start":{"line":350,"column":8},"end":{"line":352,"column":10}},"134":{"start":{"line":355,"column":8},"end":{"line":363,"column":10}},"135":{"start":{"line":368,"column":4},"end":{"line":384,"column":7}},"136":{"start":{"line":373,"column":8},"end":{"line":373,"column":22}},"137":{"start":{"line":376,"column":8},"end":{"line":376,"column":22}},"138":{"start":{"line":379,"column":8},"end":{"line":379,"column":22}},"139":{"start":{"line":382,"column":8},"end":{"line":382,"column":49}},"140":{"start":{"line":387,"column":34},"end":{"line":387,"column":36}},"141":{"start":{"line":388,"column":6},"end":{"line":390,"column":7}},"142":{"start":{"line":389,"column":8},"end":{"line":389,"column":49}},"143":{"start":{"line":391,"column":6},"end":{"line":391,"column":56}},"144":{"start":{"line":392,"column":6},"end":{"line":392,"column":58}},"145":{"start":{"line":393,"column":6},"end":{"line":393,"column":33}},"146":{"start":{"line":396,"column":4},"end":{"line":421,"column":7}},"147":{"start":{"line":400,"column":8},"end":{"line":405,"column":10}},"148":{"start":{"line":408,"column":8},"end":{"line":408,"column":65}},"149":{"start":{"line":411,"column":8},"end":{"line":411,"column":45}},"150":{"start":{"line":414,"column":18},"end":{"line":417,"column":9}},"151":{"start":{"line":418,"column":8},"end":{"line":418,"column":24}},"152":{"start":{"line":419,"column":8},"end":{"line":419,"column":17}},"153":{"start":{"line":423,"column":4},"end":{"line":451,"column":7}},"154":{"start":{"line":427,"column":8},"end":{"line":433,"column":10}},"155":{"start":{"line":436,"column":8},"end":{"line":438,"column":9}},"156":{"start":{"line":437,"column":10},"end":{"line":437,"column":57}},"157":{"start":{"line":439,"column":8},"end":{"line":439,"column":22}},"158":{"start":{"line":442,"column":8},"end":{"line":442,"column":29}},"159":{"start":{"line":443,"column":8},"end":{"line":448,"column":10}},"160":{"start":{"line":449,"column":8},"end":{"line":449,"column":22}},"161":{"start":{"line":453,"column":4},"end":{"line":459,"column":7}},"162":{"start":{"line":457,"column":8},"end":{"line":457,"column":78}},"163":{"start":{"line":461,"column":4},"end":{"line":477,"column":7}},"164":{"start":{"line":465,"column":8},"end":{"line":468,"column":10}},"165":{"start":{"line":471,"column":8},"end":{"line":471,"column":52}},"166":{"start":{"line":472,"column":8},"end":{"line":474,"column":9}},"167":{"start":{"line":473,"column":10},"end":{"line":473,"column":68}},"168":{"start":{"line":475,"column":8},"end":{"line":475,"column":22}},"169":{"start":{"line":479,"column":4},"end":{"line":501,"column":7}},"170":{"start":{"line":483,"column":8},"end":{"line":483,"column":42}},"171":{"start":{"line":486,"column":8},"end":{"line":489,"column":21}},"172":{"start":{"line":492,"column":8},"end":{"line":492,"column":29}},"173":{"start":{"line":493,"column":8},"end":{"line":498,"column":10}},"174":{"start":{"line":499,"column":8},"end":{"line":499,"column":22}},"175":{"start":{"line":503,"column":4},"end":{"line":698,"column":7}},"176":{"start":{"line":507,"column":8},"end":{"line":513,"column":10}},"177":{"start":{"line":516,"column":24},"end":{"line":516,"column":47}},"178":{"start":{"line":517,"column":24},"end":{"line":517,"column":47}},"179":{"start":{"line":518,"column":8},"end":{"line":525,"column":10}},"180":{"start":{"line":528,"column":28},"end":{"line":528,"column":58}},"181":{"start":{"line":529,"column":25},"end":{"line":529,"column":51}},"182":{"start":{"line":531,"column":8},"end":{"line":531,"column":38}},"183":{"start":{"line":532,"column":8},"end":{"line":584,"column":9}},"184":{"start":{"line":533,"column":10},"end":{"line":583,"column":11}},"185":{"start":{"line":534,"column":12},"end":{"line":534,"column":31}},"186":{"start":{"line":536,"column":38},"end":{"line":536,"column":40}},"187":{"start":{"line":537,"column":12},"end":{"line":558,"column":13}},"188":{"start":{"line":538,"column":25},"end":{"line":538,"column":53}},"189":{"start":{"line":539,"column":14},"end":{"line":541,"column":15}},"190":{"start":{"line":540,"column":16},"end":{"line":540,"column":36}},"191":{"start":{"line":542,"column":14},"end":{"line":544,"column":16}},"192":{"start":{"line":545,"column":19},"end":{"line":558,"column":13}},"193":{"start":{"line":546,"column":14},"end":{"line":553,"column":16}},"194":{"start":{"line":555,"column":14},"end":{"line":557,"column":15}},"195":{"start":{"line":556,"column":16},"end":{"line":556,"column":71}},"196":{"start":{"line":560,"column":24},"end":{"line":560,"column":39}},"197":{"start":{"line":561,"column":34},"end":{"line":565,"column":14}},"198":{"start":{"line":562,"column":27},"end":{"line":562,"column":35}},"199":{"start":{"line":563,"column":14},"end":{"line":563,"column":34}},"200":{"start":{"line":564,"column":14},"end":{"line":564,"column":48}},"201":{"start":{"line":567,"column":12},"end":{"line":582,"column":13}},"202":{"start":{"line":568,"column":14},"end":{"line":568,"column":40}},"203":{"start":{"line":570,"column":14},"end":{"line":575,"column":17}},"204":{"start":{"line":571,"column":16},"end":{"line":574,"column":24}},"205":{"start":{"line":577,"column":14},"end":{"line":577,"column":36}},"206":{"start":{"line":579,"column":14},"end":{"line":581,"column":16}},"207":{"start":{"line":580,"column":16},"end":{"line":580,"column":45}},"208":{"start":{"line":585,"column":8},"end":{"line":585,"column":54}},"209":{"start":{"line":586,"column":8},"end":{"line":586,"column":22}},"210":{"start":{"line":590,"column":23},"end":{"line":590,"column":51}},"211":{"start":{"line":591,"column":8},"end":{"line":591,"column":29}},"212":{"start":{"line":593,"column":8},"end":{"line":596,"column":9}},"213":{"start":{"line":594,"column":10},"end":{"line":594,"column":78}},"214":{"start":{"line":595,"column":10},"end":{"line":595,"column":24}},"215":{"start":{"line":599,"column":10},"end":{"line":599,"column":76}},"216":{"start":{"line":601,"column":10},"end":{"line":602,"column":64}},"217":{"start":{"line":604,"column":8},"end":{"line":678,"column":9}},"218":{"start":{"line":605,"column":32},"end":{"line":605,"column":36}},"219":{"start":{"line":606,"column":10},"end":{"line":606,"column":79}},"220":{"start":{"line":607,"column":10},"end":{"line":620,"column":11}},"221":{"start":{"line":610,"column":12},"end":{"line":618,"column":20}},"222":{"start":{"line":613,"column":16},"end":{"line":616,"column":60}},"223":{"start":{"line":619,"column":12},"end":{"line":619,"column":36}},"224":{"start":{"line":621,"column":35},"end":{"line":621,"column":56}},"225":{"start":{"line":622,"column":37},"end":{"line":622,"column":60}},"226":{"start":{"line":623,"column":10},"end":{"line":659,"column":13}},"227":{"start":{"line":624,"column":12},"end":{"line":624,"column":72}},"228":{"start":{"line":625,"column":12},"end":{"line":630,"column":14}},"229":{"start":{"line":631,"column":12},"end":{"line":658,"column":13}},"230":{"start":{"line":632,"column":14},"end":{"line":650,"column":15}},"231":{"start":{"line":636,"column":16},"end":{"line":636,"column":39}},"232":{"start":{"line":638,"column":16},"end":{"line":648,"column":24}},"233":{"start":{"line":641,"column":20},"end":{"line":646,"column":23}},"234":{"start":{"line":649,"column":16},"end":{"line":649,"column":40}},"235":{"start":{"line":651,"column":14},"end":{"line":651,"column":55}},"236":{"start":{"line":653,"column":14},"end":{"line":656,"column":22}},"237":{"start":{"line":655,"column":43},"end":{"line":655,"column":76}},"238":{"start":{"line":657,"column":14},"end":{"line":657,"column":38}},"239":{"start":{"line":660,"column":10},"end":{"line":674,"column":13}},"240":{"start":{"line":661,"column":12},"end":{"line":661,"column":72}},"241":{"start":{"line":662,"column":12},"end":{"line":672,"column":20}},"242":{"start":{"line":664,"column":16},"end":{"line":664,"column":45}},"243":{"start":{"line":665,"column":16},"end":{"line":670,"column":18}},"244":{"start":{"line":673,"column":12},"end":{"line":673,"column":36}},"245":{"start":{"line":675,"column":10},"end":{"line":675,"column":39}},"246":{"start":{"line":677,"column":10},"end":{"line":677,"column":57}},"247":{"start":{"line":680,"column":8},"end":{"line":693,"column":9}},"248":{"start":{"line":681,"column":10},"end":{"line":692,"column":28}},"249":{"start":{"line":695,"column":8},"end":{"line":695,"column":53}},"250":{"start":{"line":696,"column":8},"end":{"line":696,"column":22}},"251":{"start":{"line":700,"column":4},"end":{"line":704,"column":6}},"252":{"start":{"line":703,"column":8},"end":{"line":703,"column":63}},"253":{"start":{"line":706,"column":4},"end":{"line":720,"column":6}},"254":{"start":{"line":709,"column":8},"end":{"line":719,"column":10}},"255":{"start":{"line":711,"column":34},"end":{"line":711,"column":76}},"256":{"start":{"line":712,"column":12},"end":{"line":714,"column":13}},"257":{"start":{"line":713,"column":14},"end":{"line":713,"column":61}},"258":{"start":{"line":715,"column":12},"end":{"line":717,"column":14}},"259":{"start":{"line":716,"column":14},"end":{"line":716,"column":68}},"260":{"start":{"line":722,"column":4},"end":{"line":726,"column":6}},"261":{"start":{"line":725,"column":8},"end":{"line":725,"column":62}},"262":{"start":{"line":728,"column":4},"end":{"line":732,"column":6}},"263":{"start":{"line":731,"column":8},"end":{"line":731,"column":62}},"264":{"start":{"line":735,"column":4},"end":{"line":738,"column":6}},"265":{"start":{"line":737,"column":34},"end":{"line":737,"column":47}},"266":{"start":{"line":741,"column":4},"end":{"line":745,"column":6}},"267":{"start":{"line":748,"column":4},"end":{"line":751,"column":6}},"268":{"start":{"line":750,"column":40},"end":{"line":750,"column":78}},"269":{"start":{"line":753,"column":4},"end":{"line":756,"column":6}},"270":{"start":{"line":755,"column":40},"end":{"line":755,"column":78}},"271":{"start":{"line":759,"column":6},"end":{"line":793,"column":7}},"272":{"start":{"line":761,"column":8},"end":{"line":761,"column":39}},"273":{"start":{"line":762,"column":13},"end":{"line":793,"column":7}},"274":{"start":{"line":764,"column":21},"end":{"line":764,"column":73}},"275":{"start":{"line":766,"column":23},"end":{"line":766,"column":31}},"276":{"start":{"line":768,"column":8},"end":{"line":776,"column":9}},"277":{"start":{"line":769,"column":10},"end":{"line":769,"column":33}},"278":{"start":{"line":770,"column":10},"end":{"line":775,"column":11}},"279":{"start":{"line":771,"column":12},"end":{"line":774,"column":49}},"280":{"start":{"line":777,"column":8},"end":{"line":779,"column":10}},"281":{"start":{"line":778,"column":10},"end":{"line":778,"column":56}},"282":{"start":{"line":780,"column":8},"end":{"line":780,"column":22}},"283":{"start":{"line":781,"column":13},"end":{"line":793,"column":7}},"284":{"start":{"line":783,"column":8},"end":{"line":783,"column":30}},"285":{"start":{"line":784,"column":13},"end":{"line":793,"column":7}},"286":{"start":{"line":786,"column":8},"end":{"line":786,"column":20}},"287":{"start":{"line":788,"column":8},"end":{"line":792,"column":10}},"288":{"start":{"line":796,"column":4},"end":{"line":810,"column":6}},"289":{"start":{"line":799,"column":23},"end":{"line":799,"column":72}},"290":{"start":{"line":801,"column":8},"end":{"line":802,"column":54}},"291":{"start":{"line":802,"column":10},"end":{"line":802,"column":53}},"292":{"start":{"line":804,"column":8},"end":{"line":808,"column":10}},"293":{"start":{"line":812,"column":4},"end":{"line":822,"column":6}},"294":{"start":{"line":815,"column":23},"end":{"line":815,"column":72}},"295":{"start":{"line":816,"column":29},"end":{"line":816,"column":31}},"296":{"start":{"line":817,"column":8},"end":{"line":819,"column":9}},"297":{"start":{"line":818,"column":10},"end":{"line":818,"column":75}},"298":{"start":{"line":820,"column":8},"end":{"line":820,"column":74}},"299":{"start":{"line":824,"column":4},"end":{"line":838,"column":6}},"300":{"start":{"line":827,"column":23},"end":{"line":827,"column":52}},"301":{"start":{"line":829,"column":8},"end":{"line":830,"column":54}},"302":{"start":{"line":830,"column":10},"end":{"line":830,"column":53}},"303":{"start":{"line":832,"column":8},"end":{"line":836,"column":10}},"304":{"start":{"line":840,"column":4},"end":{"line":852,"column":6}},"305":{"start":{"line":843,"column":23},"end":{"line":843,"column":72}},"306":{"start":{"line":844,"column":8},"end":{"line":850,"column":10}},"307":{"start":{"line":848,"column":12},"end":{"line":848,"column":58}},"308":{"start":{"line":854,"column":4},"end":{"line":858,"column":6}},"309":{"start":{"line":857,"column":8},"end":{"line":857,"column":62}},"310":{"start":{"line":860,"column":4},"end":{"line":882,"column":6}},"311":{"start":{"line":863,"column":23},"end":{"line":863,"column":52}},"312":{"start":{"line":864,"column":33},"end":{"line":866,"column":27}},"313":{"start":{"line":867,"column":8},"end":{"line":871,"column":9}},"314":{"start":{"line":868,"column":10},"end":{"line":870,"column":12}},"315":{"start":{"line":873,"column":8},"end":{"line":874,"column":54}},"316":{"start":{"line":874,"column":10},"end":{"line":874,"column":53}},"317":{"start":{"line":876,"column":8},"end":{"line":880,"column":10}},"318":{"start":{"line":884,"column":4},"end":{"line":899,"column":6}},"319":{"start":{"line":887,"column":23},"end":{"line":887,"column":52}},"320":{"start":{"line":888,"column":30},"end":{"line":890,"column":27}},"321":{"start":{"line":891,"column":8},"end":{"line":897,"column":10}},"322":{"start":{"line":895,"column":12},"end":{"line":895,"column":58}},"323":{"start":{"line":901,"column":4},"end":{"line":913,"column":6}},"324":{"start":{"line":904,"column":23},"end":{"line":904,"column":52}},"325":{"start":{"line":905,"column":8},"end":{"line":911,"column":10}},"326":{"start":{"line":909,"column":12},"end":{"line":909,"column":58}},"327":{"start":{"line":915,"column":4},"end":{"line":923,"column":6}},"328":{"start":{"line":918,"column":8},"end":{"line":922,"column":9}},"329":{"start":{"line":925,"column":4},"end":{"line":932,"column":6}},"330":{"start":{"line":931,"column":34},"end":{"line":931,"column":47}},"331":{"start":{"line":934,"column":4},"end":{"line":1308,"column":6}},"332":{"start":{"line":937,"column":23},"end":{"line":937,"column":52}},"333":{"start":{"line":938,"column":35},"end":{"line":945,"column":9}},"334":{"start":{"line":940,"column":12},"end":{"line":944,"column":33}},"335":{"start":{"line":946,"column":8},"end":{"line":952,"column":9}},"336":{"start":{"line":947,"column":10},"end":{"line":951,"column":12}},"337":{"start":{"line":954,"column":29},"end":{"line":990,"column":9}},"338":{"start":{"line":956,"column":12},"end":{"line":964,"column":13}},"339":{"start":{"line":957,"column":14},"end":{"line":963,"column":16}},"340":{"start":{"line":958,"column":16},"end":{"line":962,"column":17}},"341":{"start":{"line":967,"column":12},"end":{"line":987,"column":13}},"342":{"start":{"line":968,"column":14},"end":{"line":972,"column":15}},"343":{"start":{"line":969,"column":16},"end":{"line":971,"column":18}},"344":{"start":{"line":973,"column":14},"end":{"line":982,"column":16}},"345":{"start":{"line":974,"column":16},"end":{"line":981,"column":17}},"346":{"start":{"line":983,"column":19},"end":{"line":987,"column":13}},"347":{"start":{"line":984,"column":14},"end":{"line":986,"column":16}},"348":{"start":{"line":985,"column":16},"end":{"line":985,"column":76}},"349":{"start":{"line":993,"column":10},"end":{"line":993,"column":70}},"350":{"start":{"line":994,"column":22},"end":{"line":994,"column":44}},"351":{"start":{"line":995,"column":33},"end":{"line":995,"column":58}},"352":{"start":{"line":996,"column":39},"end":{"line":996,"column":41}},"353":{"start":{"line":997,"column":43},"end":{"line":997,"column":45}},"354":{"start":{"line":999,"column":8},"end":{"line":1136,"column":9}},"355":{"start":{"line":1000,"column":10},"end":{"line":1002,"column":11}},"356":{"start":{"line":1001,"column":12},"end":{"line":1001,"column":54}},"357":{"start":{"line":1003,"column":10},"end":{"line":1012,"column":11}},"358":{"start":{"line":1004,"column":12},"end":{"line":1006,"column":15}},"359":{"start":{"line":1005,"column":14},"end":{"line":1005,"column":65}},"360":{"start":{"line":1007,"column":17},"end":{"line":1012,"column":11}},"361":{"start":{"line":1011,"column":12},"end":{"line":1011,"column":62}},"362":{"start":{"line":1013,"column":10},"end":{"line":1015,"column":13}},"363":{"start":{"line":1014,"column":12},"end":{"line":1014,"column":55}},"364":{"start":{"line":1017,"column":10},"end":{"line":1113,"column":13}},"365":{"start":{"line":1018,"column":35},"end":{"line":1018,"column":70}},"366":{"start":{"line":1020,"column":14},"end":{"line":1020,"column":57}},"367":{"start":{"line":1021,"column":12},"end":{"line":1112,"column":15}},"368":{"start":{"line":1022,"column":14},"end":{"line":1111,"column":15}},"369":{"start":{"line":1023,"column":16},"end":{"line":1025,"column":18}},"370":{"start":{"line":1024,"column":18},"end":{"line":1024,"column":76}},"371":{"start":{"line":1026,"column":21},"end":{"line":1111,"column":15}},"372":{"start":{"line":1027,"column":56},"end":{"line":1029,"column":49}},"373":{"start":{"line":1031,"column":16},"end":{"line":1046,"column":19}},"374":{"start":{"line":1032,"column":18},"end":{"line":1043,"column":19}},"375":{"start":{"line":1033,"column":20},"end":{"line":1042,"column":22}},"376":{"start":{"line":1034,"column":22},"end":{"line":1041,"column":25}},"377":{"start":{"line":1045,"column":18},"end":{"line":1045,"column":79}},"378":{"start":{"line":1047,"column":21},"end":{"line":1111,"column":15}},"379":{"start":{"line":1048,"column":16},"end":{"line":1050,"column":18}},"380":{"start":{"line":1049,"column":18},"end":{"line":1049,"column":75}},"381":{"start":{"line":1051,"column":21},"end":{"line":1111,"column":15}},"382":{"start":{"line":1056,"column":38},"end":{"line":1058,"column":17}},"383":{"start":{"line":1059,"column":38},"end":{"line":1059,"column":60}},"384":{"start":{"line":1060,"column":16},"end":{"line":1064,"column":17}},"385":{"start":{"line":1061,"column":18},"end":{"line":1063,"column":20}},"386":{"start":{"line":1065,"column":16},"end":{"line":1082,"column":17}},"387":{"start":{"line":1066,"column":18},"end":{"line":1072,"column":20}},"388":{"start":{"line":1067,"column":20},"end":{"line":1071,"column":21}},"389":{"start":{"line":1074,"column":18},"end":{"line":1078,"column":19}},"390":{"start":{"line":1075,"column":20},"end":{"line":1077,"column":22}},"391":{"start":{"line":1076,"column":22},"end":{"line":1076,"column":60}},"392":{"start":{"line":1079,"column":18},"end":{"line":1081,"column":20}},"393":{"start":{"line":1080,"column":20},"end":{"line":1080,"column":75}},"394":{"start":{"line":1083,"column":21},"end":{"line":1111,"column":15}},"395":{"start":{"line":1085,"column":16},"end":{"line":1092,"column":17}},"396":{"start":{"line":1086,"column":18},"end":{"line":1086,"column":77}},"397":{"start":{"line":1087,"column":18},"end":{"line":1089,"column":20}},"398":{"start":{"line":1091,"column":18},"end":{"line":1091,"column":72}},"399":{"start":{"line":1094,"column":16},"end":{"line":1106,"column":17}},"400":{"start":{"line":1095,"column":18},"end":{"line":1101,"column":20}},"401":{"start":{"line":1096,"column":20},"end":{"line":1100,"column":21}},"402":{"start":{"line":1103,"column":18},"end":{"line":1105,"column":20}},"403":{"start":{"line":1104,"column":20},"end":{"line":1104,"column":71}},"404":{"start":{"line":1108,"column":16},"end":{"line":1110,"column":18}},"405":{"start":{"line":1109,"column":18},"end":{"line":1109,"column":78}},"406":{"start":{"line":1115,"column":10},"end":{"line":1135,"column":13}},"407":{"start":{"line":1116,"column":54},"end":{"line":1116,"column":56}},"408":{"start":{"line":1117,"column":12},"end":{"line":1127,"column":15}},"409":{"start":{"line":1118,"column":14},"end":{"line":1126,"column":15}},"410":{"start":{"line":1122,"column":16},"end":{"line":1122,"column":64}},"411":{"start":{"line":1124,"column":16},"end":{"line":1124,"column":70}},"412":{"start":{"line":1125,"column":16},"end":{"line":1125,"column":60}},"413":{"start":{"line":1128,"column":12},"end":{"line":1134,"column":13}},"414":{"start":{"line":1129,"column":14},"end":{"line":1133,"column":16}},"415":{"start":{"line":1138,"column":8},"end":{"line":1306,"column":10}},"416":{"start":{"line":1139,"column":10},"end":{"line":1305,"column":12}},"417":{"start":{"line":1140,"column":12},"end":{"line":1304,"column":15}},"418":{"start":{"line":1142,"column":16},"end":{"line":1300,"column":19}},"419":{"start":{"line":1143,"column":34},"end":{"line":1143,"column":39}},"420":{"start":{"line":1144,"column":18},"end":{"line":1148,"column":22}},"421":{"start":{"line":1149,"column":18},"end":{"line":1161,"column":19}},"422":{"start":{"line":1150,"column":20},"end":{"line":1150,"column":37}},"423":{"start":{"line":1151,"column":38},"end":{"line":1151,"column":64}},"424":{"start":{"line":1152,"column":20},"end":{"line":1160,"column":22}},"425":{"start":{"line":1153,"column":22},"end":{"line":1159,"column":52}},"426":{"start":{"line":1162,"column":46},"end":{"line":1162,"column":48}},"427":{"start":{"line":1163,"column":18},"end":{"line":1194,"column":21}},"428":{"start":{"line":1164,"column":44},"end":{"line":1164,"column":58}},"429":{"start":{"line":1165,"column":36},"end":{"line":1165,"column":74}},"430":{"start":{"line":1166,"column":20},"end":{"line":1171,"column":22}},"431":{"start":{"line":1172,"column":20},"end":{"line":1192,"column":21}},"432":{"start":{"line":1179,"column":22},"end":{"line":1179,"column":39}},"433":{"start":{"line":1180,"column":22},"end":{"line":1191,"column":25}},"434":{"start":{"line":1181,"column":24},"end":{"line":1190,"column":25}},"435":{"start":{"line":1186,"column":26},"end":{"line":1186,"column":70}},"436":{"start":{"line":1189,"column":26},"end":{"line":1189,"column":60}},"437":{"start":{"line":1193,"column":20},"end":{"line":1193,"column":62}},"438":{"start":{"line":1195,"column":18},"end":{"line":1228,"column":21}},"439":{"start":{"line":1196,"column":20},"end":{"line":1227,"column":21}},"440":{"start":{"line":1197,"column":38},"end":{"line":1197,"column":76}},"441":{"start":{"line":1198,"column":22},"end":{"line":1226,"column":23}},"442":{"start":{"line":1199,"column":24},"end":{"line":1199,"column":41}},"443":{"start":{"line":1200,"column":36},"end":{"line":1200,"column":63}},"444":{"start":{"line":1201,"column":48},"end":{"line":1224,"column":28}},"445":{"start":{"line":1204,"column":28},"end":{"line":1207,"column":68}},"446":{"start":{"line":1208,"column":28},"end":{"line":1223,"column":29}},"447":{"start":{"line":1212,"column":30},"end":{"line":1222,"column":34}},"448":{"start":{"line":1225,"column":24},"end":{"line":1225,"column":66}},"449":{"start":{"line":1229,"column":18},"end":{"line":1257,"column":19}},"450":{"start":{"line":1230,"column":20},"end":{"line":1253,"column":21}},"451":{"start":{"line":1231,"column":22},"end":{"line":1244,"column":30}},"452":{"start":{"line":1236,"column":26},"end":{"line":1241,"column":29}},"453":{"start":{"line":1237,"column":28},"end":{"line":1239,"column":29}},"454":{"start":{"line":1238,"column":30},"end":{"line":1238,"column":42}},"455":{"start":{"line":1240,"column":28},"end":{"line":1240,"column":48}},"456":{"start":{"line":1246,"column":22},"end":{"line":1246,"column":34}},"457":{"start":{"line":1247,"column":22},"end":{"line":1252,"column":25}},"458":{"start":{"line":1248,"column":24},"end":{"line":1250,"column":25}},"459":{"start":{"line":1249,"column":26},"end":{"line":1249,"column":38}},"460":{"start":{"line":1251,"column":24},"end":{"line":1251,"column":44}},"461":{"start":{"line":1254,"column":25},"end":{"line":1257,"column":19}},"462":{"start":{"line":1256,"column":20},"end":{"line":1256,"column":32}},"463":{"start":{"line":1259,"column":18},"end":{"line":1259,"column":47}},"464":{"start":{"line":1261,"column":20},"end":{"line":1262,"column":50}},"465":{"start":{"line":1263,"column":18},"end":{"line":1298,"column":19}},"466":{"start":{"line":1264,"column":41},"end":{"line":1264,"column":70}},"467":{"start":{"line":1265,"column":20},"end":{"line":1293,"column":21}},"468":{"start":{"line":1266,"column":22},"end":{"line":1272,"column":40}},"469":{"start":{"line":1274,"column":22},"end":{"line":1286,"column":27}},"470":{"start":{"line":1279,"column":26},"end":{"line":1285,"column":27}},"471":{"start":{"line":1284,"column":28},"end":{"line":1284,"column":79}},"472":{"start":{"line":1287,"column":22},"end":{"line":1291,"column":26}},"473":{"start":{"line":1290,"column":26},"end":{"line":1290,"column":66}},"474":{"start":{"line":1292,"column":22},"end":{"line":1292,"column":34}},"475":{"start":{"line":1295,"column":20},"end":{"line":1297,"column":21}},"476":{"start":{"line":1296,"column":22},"end":{"line":1296,"column":68}},"477":{"start":{"line":1299,"column":18},"end":{"line":1299,"column":64}},"478":{"start":{"line":1301,"column":16},"end":{"line":1301,"column":37}},"479":{"start":{"line":1302,"column":16},"end":{"line":1302,"column":30}},"480":{"start":{"line":1310,"column":4},"end":{"line":1314,"column":6}},"481":{"start":{"line":1313,"column":8},"end":{"line":1313,"column":58}},"482":{"start":{"line":1316,"column":4},"end":{"line":1327,"column":6}},"483":{"start":{"line":1319,"column":27},"end":{"line":1319,"column":49}},"484":{"start":{"line":1321,"column":8},"end":{"line":1323,"column":11}},"485":{"start":{"line":1322,"column":10},"end":{"line":1322,"column":34}},"486":{"start":{"line":1325,"column":8},"end":{"line":1325,"column":70}},"487":{"start":{"line":1329,"column":4},"end":{"line":1333,"column":6}},"488":{"start":{"line":1332,"column":8},"end":{"line":1332,"column":55}},"489":{"start":{"line":1335,"column":4},"end":{"line":1342,"column":6}},"490":{"start":{"line":1338,"column":8},"end":{"line":1341,"column":10}},"491":{"start":{"line":1344,"column":4},"end":{"line":1350,"column":6}},"492":{"start":{"line":1347,"column":8},"end":{"line":1349,"column":49}},"493":{"start":{"line":1352,"column":4},"end":{"line":1356,"column":6}},"494":{"start":{"line":1355,"column":8},"end":{"line":1355,"column":48}},"495":{"start":{"line":1358,"column":4},"end":{"line":1399,"column":6}},"496":{"start":{"line":1363,"column":8},"end":{"line":1363,"column":61}},"497":{"start":{"line":1363,"column":41},"end":{"line":1363,"column":60}},"498":{"start":{"line":1364,"column":8},"end":{"line":1364,"column":36}},"499":{"start":{"line":1366,"column":8},"end":{"line":1396,"column":9}},"500":{"start":{"line":1367,"column":10},"end":{"line":1367,"column":53}},"501":{"start":{"line":1368,"column":10},"end":{"line":1380,"column":11}},"502":{"start":{"line":1369,"column":12},"end":{"line":1370,"column":56}},"503":{"start":{"line":1370,"column":14},"end":{"line":1370,"column":55}},"504":{"start":{"line":1372,"column":12},"end":{"line":1379,"column":14}},"505":{"start":{"line":1373,"column":14},"end":{"line":1378,"column":44}},"506":{"start":{"line":1382,"column":10},"end":{"line":1382,"column":56}},"507":{"start":{"line":1383,"column":10},"end":{"line":1395,"column":11}},"508":{"start":{"line":1384,"column":12},"end":{"line":1385,"column":56}},"509":{"start":{"line":1385,"column":14},"end":{"line":1385,"column":55}},"510":{"start":{"line":1387,"column":12},"end":{"line":1394,"column":14}},"511":{"start":{"line":1388,"column":14},"end":{"line":1393,"column":44}},"512":{"start":{"line":1397,"column":8},"end":{"line":1397,"column":41}},"513":{"start":{"line":1401,"column":4},"end":{"line":1413,"column":6}},"514":{"start":{"line":1404,"column":8},"end":{"line":1406,"column":9}},"515":{"start":{"line":1405,"column":10},"end":{"line":1405,"column":75}},"516":{"start":{"line":1408,"column":8},"end":{"line":1409,"column":52}},"517":{"start":{"line":1409,"column":10},"end":{"line":1409,"column":51}},"518":{"start":{"line":1411,"column":8},"end":{"line":1411,"column":77}},"519":{"start":{"line":1415,"column":4},"end":{"line":1423,"column":6}},"520":{"start":{"line":1418,"column":8},"end":{"line":1419,"column":52}},"521":{"start":{"line":1419,"column":10},"end":{"line":1419,"column":51}},"522":{"start":{"line":1421,"column":8},"end":{"line":1421,"column":75}},"523":{"start":{"line":1425,"column":4},"end":{"line":1431,"column":6}},"524":{"start":{"line":1428,"column":8},"end":{"line":1428,"column":36}},"525":{"start":{"line":1429,"column":8},"end":{"line":1429,"column":71}},"526":{"start":{"line":1433,"column":4},"end":{"line":1439,"column":6}},"527":{"start":{"line":1436,"column":8},"end":{"line":1436,"column":36}},"528":{"start":{"line":1437,"column":8},"end":{"line":1437,"column":47}}},"fnMap":{"0":{"name":"getJSDOM","decl":{"start":{"line":4,"column":9},"end":{"line":4,"column":17}},"loc":{"start":{"line":4,"column":20},"end":{"line":12,"column":1}},"line":4},"1":{"name":"getHtmlDocument","decl":{"start":{"line":14,"column":9},"end":{"line":14,"column":24}},"loc":{"start":{"line":14,"column":30},"end":{"line":34,"column":1}},"line":14},"2":{"name":"parseHtml","decl":{"start":{"line":36,"column":9},"end":{"line":36,"column":18}},"loc":{"start":{"line":36,"column":36},"end":{"line":54,"column":1}},"line":36},"3":{"name":"parseXml","decl":{"start":{"line":56,"column":9},"end":{"line":56,"column":17}},"loc":{"start":{"line":56,"column":23},"end":{"line":68,"column":1}},"line":56},"4":{"name":"isBooleanAttribute","decl":{"start":{"line":77,"column":9},"end":{"line":77,"column":27}},"loc":{"start":{"line":77,"column":38},"end":{"line":79,"column":1}},"line":77},"5":{"name":"isEnumeratedAttribute","decl":{"start":{"line":81,"column":9},"end":{"line":81,"column":30}},"loc":{"start":{"line":81,"column":41},"end":{"line":83,"column":1}},"line":81},"6":{"name":"validateStyles","decl":{"start":{"line":85,"column":9},"end":{"line":85,"column":23}},"loc":{"start":{"line":85,"column":37},"end":{"line":97,"column":1}},"line":85},"7":{"name":"(anonymous_7)","decl":{"start":{"line":88,"column":12},"end":{"line":88,"column":13}},"loc":{"start":{"line":88,"column":20},"end":{"line":88,"column":58}},"line":88},"8":{"name":"styleStringToObject","decl":{"start":{"line":99,"column":9},"end":{"line":99,"column":28}},"loc":{"start":{"line":99,"column":34},"end":{"line":111,"column":1}},"line":99},"9":{"name":"(anonymous_9)","decl":{"start":{"line":102,"column":25},"end":{"line":102,"column":26}},"loc":{"start":{"line":102,"column":33},"end":{"line":108,"column":3}},"line":102},"10":{"name":"(anonymous_10)","decl":{"start":{"line":103,"column":38},"end":{"line":103,"column":39}},"loc":{"start":{"line":103,"column":46},"end":{"line":103,"column":57}},"line":103},"11":{"name":"getClassNamesFromAttributeValue","decl":{"start":{"line":113,"column":9},"end":{"line":113,"column":40}},"loc":{"start":{"line":113,"column":57},"end":{"line":127,"column":1}},"line":113},"12":{"name":"isInsideHtmlDocument","decl":{"start":{"line":129,"column":9},"end":{"line":129,"column":29}},"loc":{"start":{"line":129,"column":36},"end":{"line":140,"column":1}},"line":129},"13":{"name":"getAttributes","decl":{"start":{"line":142,"column":9},"end":{"line":142,"column":22}},"loc":{"start":{"line":142,"column":32},"end":{"line":162,"column":1}},"line":142},"14":{"name":"getCanonicalAttributes","decl":{"start":{"line":164,"column":9},"end":{"line":164,"column":31}},"loc":{"start":{"line":164,"column":41},"end":{"line":175,"column":1}},"line":164},"15":{"name":"(anonymous_15)","decl":{"start":{"line":170,"column":13},"end":{"line":170,"column":14}},"loc":{"start":{"line":170,"column":20},"end":{"line":172,"column":5}},"line":170},"16":{"name":"entitify","decl":{"start":{"line":177,"column":9},"end":{"line":177,"column":17}},"loc":{"start":{"line":177,"column":25},"end":{"line":182,"column":1}},"line":177},"17":{"name":"isVoidElement","decl":{"start":{"line":184,"column":9},"end":{"line":184,"column":22}},"loc":{"start":{"line":184,"column":36},"end":{"line":188,"column":1}},"line":184},"18":{"name":"writeAttributeToMagicPen","decl":{"start":{"line":190,"column":9},"end":{"line":190,"column":33}},"loc":{"start":{"line":190,"column":72},"end":{"line":205,"column":1}},"line":190},"19":{"name":"(anonymous_19)","decl":{"start":{"line":197,"column":13},"end":{"line":197,"column":14}},"loc":{"start":{"line":197,"column":24},"end":{"line":197,"column":55}},"line":197},"20":{"name":"stringifyAttribute","decl":{"start":{"line":207,"column":9},"end":{"line":207,"column":27}},"loc":{"start":{"line":207,"column":50},"end":{"line":223,"column":1}},"line":207},"21":{"name":"(anonymous_21)","decl":{"start":{"line":218,"column":11},"end":{"line":218,"column":12}},"loc":{"start":{"line":218,"column":22},"end":{"line":218,"column":58}},"line":218},"22":{"name":"stringifyStartTag","decl":{"start":{"line":225,"column":9},"end":{"line":225,"column":26}},"loc":{"start":{"line":225,"column":36},"end":{"line":239,"column":1}},"line":225},"23":{"name":"(anonymous_23)","decl":{"start":{"line":233,"column":29},"end":{"line":233,"column":30}},"loc":{"start":{"line":233,"column":36},"end":{"line":235,"column":3}},"line":233},"24":{"name":"stringifyEndTag","decl":{"start":{"line":241,"column":9},"end":{"line":241,"column":24}},"loc":{"start":{"line":241,"column":34},"end":{"line":251,"column":1}},"line":241},"25":{"name":"(anonymous_25)","decl":{"start":{"line":255,"column":2},"end":{"line":255,"column":3}},"loc":{"start":{"line":255,"column":22},"end":{"line":1440,"column":3}},"line":255},"26":{"name":"bubbleError","decl":{"start":{"line":259,"column":13},"end":{"line":259,"column":24}},"loc":{"start":{"line":259,"column":31},"end":{"line":264,"column":5}},"line":259},"27":{"name":"(anonymous_27)","decl":{"start":{"line":260,"column":36},"end":{"line":260,"column":37}},"loc":{"start":{"line":260,"column":43},"end":{"line":263,"column":7}},"line":260},"28":{"name":"(anonymous_28)","decl":{"start":{"line":269,"column":6},"end":{"line":269,"column":7}},"loc":{"start":{"line":269,"column":20},"end":{"line":275,"column":7}},"line":269},"29":{"name":"(anonymous_29)","decl":{"start":{"line":276,"column":6},"end":{"line":276,"column":7}},"loc":{"start":{"line":276,"column":18},"end":{"line":278,"column":7}},"line":276},"30":{"name":"(anonymous_30)","decl":{"start":{"line":279,"column":6},"end":{"line":279,"column":7}},"loc":{"start":{"line":279,"column":38},"end":{"line":284,"column":7}},"line":279},"31":{"name":"(anonymous_31)","decl":{"start":{"line":290,"column":6},"end":{"line":290,"column":7}},"loc":{"start":{"line":290,"column":20},"end":{"line":292,"column":7}},"line":290},"32":{"name":"(anonymous_32)","decl":{"start":{"line":293,"column":6},"end":{"line":293,"column":7}},"loc":{"start":{"line":293,"column":18},"end":{"line":295,"column":7}},"line":293},"33":{"name":"(anonymous_33)","decl":{"start":{"line":296,"column":6},"end":{"line":296,"column":7}},"loc":{"start":{"line":296,"column":38},"end":{"line":298,"column":7}},"line":296},"34":{"name":"(anonymous_34)","decl":{"start":{"line":299,"column":6},"end":{"line":299,"column":7}},"loc":{"start":{"line":299,"column":59},"end":{"line":306,"column":7}},"line":299},"35":{"name":"(anonymous_35)","decl":{"start":{"line":313,"column":6},"end":{"line":313,"column":7}},"loc":{"start":{"line":313,"column":20},"end":{"line":317,"column":7}},"line":313},"36":{"name":"(anonymous_36)","decl":{"start":{"line":323,"column":6},"end":{"line":323,"column":7}},"loc":{"start":{"line":323,"column":20},"end":{"line":325,"column":7}},"line":323},"37":{"name":"(anonymous_37)","decl":{"start":{"line":326,"column":6},"end":{"line":326,"column":7}},"loc":{"start":{"line":326,"column":18},"end":{"line":328,"column":7}},"line":326},"38":{"name":"(anonymous_38)","decl":{"start":{"line":329,"column":6},"end":{"line":329,"column":7}},"loc":{"start":{"line":329,"column":38},"end":{"line":331,"column":7}},"line":329},"39":{"name":"(anonymous_39)","decl":{"start":{"line":332,"column":6},"end":{"line":332,"column":7}},"loc":{"start":{"line":332,"column":59},"end":{"line":336,"column":7}},"line":332},"40":{"name":"(anonymous_40)","decl":{"start":{"line":342,"column":6},"end":{"line":342,"column":7}},"loc":{"start":{"line":342,"column":21},"end":{"line":344,"column":7}},"line":342},"41":{"name":"(anonymous_41)","decl":{"start":{"line":345,"column":6},"end":{"line":345,"column":7}},"loc":{"start":{"line":345,"column":21},"end":{"line":347,"column":7}},"line":345},"42":{"name":"(anonymous_42)","decl":{"start":{"line":348,"column":6},"end":{"line":348,"column":7}},"loc":{"start":{"line":348,"column":20},"end":{"line":353,"column":7}},"line":348},"43":{"name":"(anonymous_43)","decl":{"start":{"line":354,"column":6},"end":{"line":354,"column":7}},"loc":{"start":{"line":354,"column":20},"end":{"line":364,"column":7}},"line":354},"44":{"name":"(anonymous_44)","decl":{"start":{"line":372,"column":6},"end":{"line":372,"column":7}},"loc":{"start":{"line":372,"column":21},"end":{"line":374,"column":7}},"line":372},"45":{"name":"(anonymous_45)","decl":{"start":{"line":375,"column":6},"end":{"line":375,"column":7}},"loc":{"start":{"line":375,"column":21},"end":{"line":377,"column":7}},"line":375},"46":{"name":"(anonymous_46)","decl":{"start":{"line":378,"column":6},"end":{"line":378,"column":7}},"loc":{"start":{"line":378,"column":24},"end":{"line":380,"column":7}},"line":378},"47":{"name":"(anonymous_47)","decl":{"start":{"line":381,"column":6},"end":{"line":381,"column":7}},"loc":{"start":{"line":381,"column":20},"end":{"line":383,"column":7}},"line":381},"48":{"name":"makeAttachedDOMNodeList","decl":{"start":{"line":386,"column":13},"end":{"line":386,"column":36}},"loc":{"start":{"line":386,"column":63},"end":{"line":394,"column":5}},"line":386},"49":{"name":"(anonymous_49)","decl":{"start":{"line":399,"column":6},"end":{"line":399,"column":7}},"loc":{"start":{"line":399,"column":20},"end":{"line":406,"column":7}},"line":399},"50":{"name":"(anonymous_50)","decl":{"start":{"line":407,"column":6},"end":{"line":407,"column":7}},"loc":{"start":{"line":407,"column":47},"end":{"line":409,"column":7}},"line":407},"51":{"name":"(anonymous_51)","decl":{"start":{"line":410,"column":6},"end":{"line":410,"column":7}},"loc":{"start":{"line":410,"column":18},"end":{"line":412,"column":7}},"line":410},"52":{"name":"(anonymous_52)","decl":{"start":{"line":413,"column":6},"end":{"line":413,"column":7}},"loc":{"start":{"line":413,"column":43},"end":{"line":420,"column":7}},"line":413},"53":{"name":"(anonymous_53)","decl":{"start":{"line":426,"column":6},"end":{"line":426,"column":7}},"loc":{"start":{"line":426,"column":20},"end":{"line":434,"column":7}},"line":426},"54":{"name":"(anonymous_54)","decl":{"start":{"line":435,"column":6},"end":{"line":435,"column":7}},"loc":{"start":{"line":435,"column":48},"end":{"line":440,"column":7}},"line":435},"55":{"name":"(anonymous_55)","decl":{"start":{"line":441,"column":6},"end":{"line":441,"column":7}},"loc":{"start":{"line":441,"column":59},"end":{"line":450,"column":7}},"line":441},"56":{"name":"(anonymous_56)","decl":{"start":{"line":456,"column":6},"end":{"line":456,"column":7}},"loc":{"start":{"line":456,"column":20},"end":{"line":458,"column":7}},"line":456},"57":{"name":"(anonymous_57)","decl":{"start":{"line":464,"column":6},"end":{"line":464,"column":7}},"loc":{"start":{"line":464,"column":20},"end":{"line":469,"column":7}},"line":464},"58":{"name":"(anonymous_58)","decl":{"start":{"line":470,"column":6},"end":{"line":470,"column":7}},"loc":{"start":{"line":470,"column":48},"end":{"line":476,"column":7}},"line":470},"59":{"name":"(anonymous_59)","decl":{"start":{"line":482,"column":6},"end":{"line":482,"column":7}},"loc":{"start":{"line":482,"column":20},"end":{"line":484,"column":7}},"line":482},"60":{"name":"(anonymous_60)","decl":{"start":{"line":485,"column":6},"end":{"line":485,"column":7}},"loc":{"start":{"line":485,"column":56},"end":{"line":490,"column":7}},"line":485},"61":{"name":"(anonymous_61)","decl":{"start":{"line":491,"column":6},"end":{"line":491,"column":7}},"loc":{"start":{"line":491,"column":59},"end":{"line":500,"column":7}},"line":491},"62":{"name":"(anonymous_62)","decl":{"start":{"line":506,"column":6},"end":{"line":506,"column":7}},"loc":{"start":{"line":506,"column":20},"end":{"line":514,"column":7}},"line":506},"63":{"name":"(anonymous_63)","decl":{"start":{"line":515,"column":6},"end":{"line":515,"column":7}},"loc":{"start":{"line":515,"column":25},"end":{"line":526,"column":7}},"line":515},"64":{"name":"(anonymous_64)","decl":{"start":{"line":527,"column":6},"end":{"line":527,"column":7}},"loc":{"start":{"line":527,"column":47},"end":{"line":587,"column":7}},"line":527},"65":{"name":"(anonymous_65)","decl":{"start":{"line":561,"column":57},"end":{"line":561,"column":58}},"loc":{"start":{"line":561,"column":62},"end":{"line":565,"column":13}},"line":561},"66":{"name":"(anonymous_66)","decl":{"start":{"line":570,"column":40},"end":{"line":570,"column":41}},"loc":{"start":{"line":570,"column":67},"end":{"line":575,"column":15}},"line":570},"67":{"name":"(anonymous_67)","decl":{"start":{"line":579,"column":40},"end":{"line":579,"column":41}},"loc":{"start":{"line":580,"column":16},"end":{"line":580,"column":45}},"line":580},"68":{"name":"(anonymous_68)","decl":{"start":{"line":589,"column":6},"end":{"line":589,"column":7}},"loc":{"start":{"line":589,"column":59},"end":{"line":697,"column":7}},"line":589},"69":{"name":"(anonymous_69)","decl":{"start":{"line":612,"column":31},"end":{"line":612,"column":32}},"loc":{"start":{"line":613,"column":16},"end":{"line":616,"column":60}},"line":613},"70":{"name":"(anonymous_70)","decl":{"start":{"line":623,"column":48},"end":{"line":623,"column":49}},"loc":{"start":{"line":623,"column":65},"end":{"line":659,"column":11}},"line":623},"71":{"name":"(anonymous_71)","decl":{"start":{"line":640,"column":35},"end":{"line":640,"column":36}},"loc":{"start":{"line":641,"column":20},"end":{"line":646,"column":23}},"line":641},"72":{"name":"(anonymous_72)","decl":{"start":{"line":655,"column":33},"end":{"line":655,"column":34}},"loc":{"start":{"line":655,"column":43},"end":{"line":655,"column":76}},"line":655},"73":{"name":"(anonymous_73)","decl":{"start":{"line":660,"column":50},"end":{"line":660,"column":51}},"loc":{"start":{"line":660,"column":67},"end":{"line":674,"column":11}},"line":660},"74":{"name":"(anonymous_74)","decl":{"start":{"line":663,"column":31},"end":{"line":663,"column":32}},"loc":{"start":{"line":663,"column":41},"end":{"line":671,"column":15}},"line":663},"75":{"name":"(anonymous_75)","decl":{"start":{"line":702,"column":6},"end":{"line":702,"column":7}},"loc":{"start":{"line":703,"column":8},"end":{"line":703,"column":63}},"line":703},"76":{"name":"(anonymous_76)","decl":{"start":{"line":708,"column":6},"end":{"line":708,"column":7}},"loc":{"start":{"line":709,"column":8},"end":{"line":719,"column":10}},"line":709},"77":{"name":"(anonymous_77)","decl":{"start":{"line":710,"column":17},"end":{"line":710,"column":18}},"loc":{"start":{"line":710,"column":30},"end":{"line":718,"column":11}},"line":710},"78":{"name":"(anonymous_78)","decl":{"start":{"line":715,"column":31},"end":{"line":715,"column":32}},"loc":{"start":{"line":716,"column":14},"end":{"line":716,"column":68}},"line":716},"79":{"name":"(anonymous_79)","decl":{"start":{"line":724,"column":6},"end":{"line":724,"column":7}},"loc":{"start":{"line":725,"column":8},"end":{"line":725,"column":62}},"line":725},"80":{"name":"(anonymous_80)","decl":{"start":{"line":730,"column":6},"end":{"line":730,"column":7}},"loc":{"start":{"line":731,"column":8},"end":{"line":731,"column":62}},"line":731},"81":{"name":"(anonymous_81)","decl":{"start":{"line":737,"column":6},"end":{"line":737,"column":7}},"loc":{"start":{"line":737,"column":34},"end":{"line":737,"column":47}},"line":737},"82":{"name":"(anonymous_82)","decl":{"start":{"line":744,"column":6},"end":{"line":744,"column":7}},"loc":{"start":{"line":744,"column":34},"end":{"line":744,"column":36}},"line":744},"83":{"name":"(anonymous_83)","decl":{"start":{"line":750,"column":6},"end":{"line":750,"column":7}},"loc":{"start":{"line":750,"column":40},"end":{"line":750,"column":78}},"line":750},"84":{"name":"(anonymous_84)","decl":{"start":{"line":755,"column":6},"end":{"line":755,"column":7}},"loc":{"start":{"line":755,"column":40},"end":{"line":755,"column":78}},"line":755},"85":{"name":"convertDOMNodeToSatisfySpec","decl":{"start":{"line":758,"column":13},"end":{"line":758,"column":40}},"loc":{"start":{"line":758,"column":55},"end":{"line":794,"column":5}},"line":758},"86":{"name":"(anonymous_86)","decl":{"start":{"line":777,"column":68},"end":{"line":777,"column":69}},"loc":{"start":{"line":778,"column":10},"end":{"line":778,"column":56}},"line":778},"87":{"name":"(anonymous_87)","decl":{"start":{"line":798,"column":6},"end":{"line":798,"column":7}},"loc":{"start":{"line":798,"column":34},"end":{"line":809,"column":7}},"line":798},"88":{"name":"(anonymous_88)","decl":{"start":{"line":801,"column":28},"end":{"line":801,"column":29}},"loc":{"start":{"line":802,"column":10},"end":{"line":802,"column":53}},"line":802},"89":{"name":"(anonymous_89)","decl":{"start":{"line":814,"column":6},"end":{"line":814,"column":7}},"loc":{"start":{"line":814,"column":34},"end":{"line":821,"column":7}},"line":814},"90":{"name":"(anonymous_90)","decl":{"start":{"line":826,"column":6},"end":{"line":826,"column":7}},"loc":{"start":{"line":826,"column":34},"end":{"line":837,"column":7}},"line":826},"91":{"name":"(anonymous_91)","decl":{"start":{"line":829,"column":28},"end":{"line":829,"column":29}},"loc":{"start":{"line":830,"column":10},"end":{"line":830,"column":53}},"line":830},"92":{"name":"(anonymous_92)","decl":{"start":{"line":842,"column":6},"end":{"line":842,"column":7}},"loc":{"start":{"line":842,"column":43},"end":{"line":851,"column":7}},"line":842},"93":{"name":"(anonymous_93)","decl":{"start":{"line":847,"column":47},"end":{"line":847,"column":48}},"loc":{"start":{"line":848,"column":12},"end":{"line":848,"column":58}},"line":848},"94":{"name":"(anonymous_94)","decl":{"start":{"line":856,"column":6},"end":{"line":856,"column":7}},"loc":{"start":{"line":857,"column":8},"end":{"line":857,"column":62}},"line":857},"95":{"name":"(anonymous_95)","decl":{"start":{"line":862,"column":6},"end":{"line":862,"column":7}},"loc":{"start":{"line":862,"column":34},"end":{"line":881,"column":7}},"line":862},"96":{"name":"(anonymous_96)","decl":{"start":{"line":873,"column":28},"end":{"line":873,"column":29}},"loc":{"start":{"line":874,"column":10},"end":{"line":874,"column":53}},"line":874},"97":{"name":"(anonymous_97)","decl":{"start":{"line":886,"column":6},"end":{"line":886,"column":7}},"loc":{"start":{"line":886,"column":34},"end":{"line":898,"column":7}},"line":886},"98":{"name":"(anonymous_98)","decl":{"start":{"line":894,"column":61},"end":{"line":894,"column":62}},"loc":{"start":{"line":895,"column":12},"end":{"line":895,"column":58}},"line":895},"99":{"name":"(anonymous_99)","decl":{"start":{"line":903,"column":6},"end":{"line":903,"column":7}},"loc":{"start":{"line":903,"column":43},"end":{"line":912,"column":7}},"line":903},"100":{"name":"(anonymous_100)","decl":{"start":{"line":908,"column":47},"end":{"line":908,"column":48}},"loc":{"start":{"line":909,"column":12},"end":{"line":909,"column":58}},"line":909},"101":{"name":"(anonymous_101)","decl":{"start":{"line":917,"column":6},"end":{"line":917,"column":7}},"loc":{"start":{"line":918,"column":8},"end":{"line":922,"column":9}},"line":918},"102":{"name":"(anonymous_102)","decl":{"start":{"line":931,"column":6},"end":{"line":931,"column":7}},"loc":{"start":{"line":931,"column":34},"end":{"line":931,"column":47}},"line":931},"103":{"name":"(anonymous_103)","decl":{"start":{"line":936,"column":6},"end":{"line":936,"column":7}},"loc":{"start":{"line":936,"column":34},"end":{"line":1307,"column":7}},"line":936},"104":{"name":"(anonymous_104)","decl":{"start":{"line":939,"column":10},"end":{"line":939,"column":11}},"loc":{"start":{"line":940,"column":12},"end":{"line":944,"column":33}},"line":940},"105":{"name":"(anonymous_105)","decl":{"start":{"line":955,"column":31},"end":{"line":955,"column":32}},"loc":{"start":{"line":955,"column":37},"end":{"line":965,"column":11}},"line":955},"106":{"name":"(anonymous_106)","decl":{"start":{"line":957,"column":33},"end":{"line":957,"column":34}},"loc":{"start":{"line":958,"column":16},"end":{"line":962,"column":17}},"line":958},"107":{"name":"(anonymous_107)","decl":{"start":{"line":966,"column":35},"end":{"line":966,"column":36}},"loc":{"start":{"line":966,"column":41},"end":{"line":988,"column":11}},"line":966},"108":{"name":"(anonymous_108)","decl":{"start":{"line":973,"column":33},"end":{"line":973,"column":34}},"loc":{"start":{"line":974,"column":16},"end":{"line":981,"column":17}},"line":974},"109":{"name":"(anonymous_109)","decl":{"start":{"line":984,"column":33},"end":{"line":984,"column":34}},"loc":{"start":{"line":985,"column":16},"end":{"line":985,"column":76}},"line":985},"110":{"name":"(anonymous_110)","decl":{"start":{"line":1004,"column":39},"end":{"line":1004,"column":40}},"loc":{"start":{"line":1004,"column":56},"end":{"line":1006,"column":13}},"line":1004},"111":{"name":"(anonymous_111)","decl":{"start":{"line":1013,"column":60},"end":{"line":1013,"column":61}},"loc":{"start":{"line":1013,"column":77},"end":{"line":1015,"column":11}},"line":1013},"112":{"name":"(anonymous_112)","decl":{"start":{"line":1017,"column":41},"end":{"line":1017,"column":42}},"loc":{"start":{"line":1017,"column":58},"end":{"line":1113,"column":11}},"line":1017},"113":{"name":"(anonymous_113)","decl":{"start":{"line":1021,"column":68},"end":{"line":1021,"column":69}},"loc":{"start":{"line":1021,"column":74},"end":{"line":1112,"column":13}},"line":1021},"114":{"name":"(anonymous_114)","decl":{"start":{"line":1023,"column":35},"end":{"line":1023,"column":36}},"loc":{"start":{"line":1024,"column":18},"end":{"line":1024,"column":76}},"line":1024},"115":{"name":"(anonymous_115)","decl":{"start":{"line":1031,"column":35},"end":{"line":1031,"column":36}},"loc":{"start":{"line":1031,"column":41},"end":{"line":1046,"column":17}},"line":1031},"116":{"name":"(anonymous_116)","decl":{"start":{"line":1033,"column":32},"end":{"line":1033,"column":33}},"loc":{"start":{"line":1034,"column":22},"end":{"line":1041,"column":25}},"line":1034},"117":{"name":"(anonymous_117)","decl":{"start":{"line":1048,"column":35},"end":{"line":1048,"column":36}},"loc":{"start":{"line":1049,"column":18},"end":{"line":1049,"column":75}},"line":1049},"118":{"name":"(anonymous_118)","decl":{"start":{"line":1066,"column":37},"end":{"line":1066,"column":38}},"loc":{"start":{"line":1067,"column":20},"end":{"line":1071,"column":21}},"line":1067},"119":{"name":"(anonymous_119)","decl":{"start":{"line":1075,"column":39},"end":{"line":1075,"column":40}},"loc":{"start":{"line":1076,"column":22},"end":{"line":1076,"column":60}},"line":1076},"120":{"name":"(anonymous_120)","decl":{"start":{"line":1079,"column":37},"end":{"line":1079,"column":38}},"loc":{"start":{"line":1080,"column":20},"end":{"line":1080,"column":75}},"line":1080},"121":{"name":"(anonymous_121)","decl":{"start":{"line":1095,"column":37},"end":{"line":1095,"column":38}},"loc":{"start":{"line":1096,"column":20},"end":{"line":1100,"column":21}},"line":1096},"122":{"name":"(anonymous_122)","decl":{"start":{"line":1103,"column":37},"end":{"line":1103,"column":38}},"loc":{"start":{"line":1104,"column":20},"end":{"line":1104,"column":71}},"line":1104},"123":{"name":"(anonymous_123)","decl":{"start":{"line":1108,"column":35},"end":{"line":1108,"column":36}},"loc":{"start":{"line":1109,"column":18},"end":{"line":1109,"column":78}},"line":1109},"124":{"name":"(anonymous_124)","decl":{"start":{"line":1115,"column":58},"end":{"line":1115,"column":59}},"loc":{"start":{"line":1115,"column":64},"end":{"line":1135,"column":11}},"line":1115},"125":{"name":"(anonymous_125)","decl":{"start":{"line":1117,"column":43},"end":{"line":1117,"column":44}},"loc":{"start":{"line":1117,"column":60},"end":{"line":1127,"column":13}},"line":1117},"126":{"name":"(anonymous_126)","decl":{"start":{"line":1138,"column":55},"end":{"line":1138,"column":56}},"loc":{"start":{"line":1139,"column":10},"end":{"line":1305,"column":12}},"line":1139},"127":{"name":"(anonymous_127)","decl":{"start":{"line":1139,"column":51},"end":{"line":1139,"column":52}},"loc":{"start":{"line":1139,"column":57},"end":{"line":1305,"column":11}},"line":1139},"128":{"name":"(anonymous_128)","decl":{"start":{"line":1141,"column":14},"end":{"line":1141,"column":15}},"loc":{"start":{"line":1141,"column":49},"end":{"line":1303,"column":15}},"line":1141},"129":{"name":"(anonymous_129)","decl":{"start":{"line":1142,"column":29},"end":{"line":1142,"column":30}},"loc":{"start":{"line":1142,"column":39},"end":{"line":1300,"column":17}},"line":1142},"130":{"name":"(anonymous_130)","decl":{"start":{"line":1152,"column":48},"end":{"line":1152,"column":49}},"loc":{"start":{"line":1153,"column":22},"end":{"line":1159,"column":52}},"line":1153},"131":{"name":"(anonymous_131)","decl":{"start":{"line":1163,"column":45},"end":{"line":1163,"column":46}},"loc":{"start":{"line":1163,"column":62},"end":{"line":1194,"column":19}},"line":1163},"132":{"name":"(anonymous_132)","decl":{"start":{"line":1180,"column":59},"end":{"line":1180,"column":60}},"loc":{"start":{"line":1180,"column":69},"end":{"line":1191,"column":23}},"line":1180},"133":{"name":"(anonymous_133)","decl":{"start":{"line":1195,"column":49},"end":{"line":1195,"column":50}},"loc":{"start":{"line":1195,"column":66},"end":{"line":1228,"column":19}},"line":1195},"134":{"name":"(anonymous_134)","decl":{"start":{"line":1203,"column":43},"end":{"line":1203,"column":44}},"loc":{"start":{"line":1203,"column":53},"end":{"line":1224,"column":27}},"line":1203},"135":{"name":"(anonymous_135)","decl":{"start":{"line":1235,"column":31},"end":{"line":1235,"column":32}},"loc":{"start":{"line":1235,"column":41},"end":{"line":1242,"column":25}},"line":1235},"136":{"name":"(anonymous_136)","decl":{"start":{"line":1236,"column":54},"end":{"line":1236,"column":55}},"loc":{"start":{"line":1236,"column":67},"end":{"line":1241,"column":27}},"line":1236},"137":{"name":"(anonymous_137)","decl":{"start":{"line":1247,"column":50},"end":{"line":1247,"column":51}},"loc":{"start":{"line":1247,"column":63},"end":{"line":1252,"column":23}},"line":1247},"138":{"name":"(anonymous_138)","decl":{"start":{"line":1278,"column":31},"end":{"line":1278,"column":32}},"loc":{"start":{"line":1278,"column":41},"end":{"line":1286,"column":25}},"line":1278},"139":{"name":"(anonymous_139)","decl":{"start":{"line":1289,"column":41},"end":{"line":1289,"column":42}},"loc":{"start":{"line":1290,"column":26},"end":{"line":1290,"column":66}},"line":1290},"140":{"name":"(anonymous_140)","decl":{"start":{"line":1312,"column":6},"end":{"line":1312,"column":7}},"loc":{"start":{"line":1313,"column":8},"end":{"line":1313,"column":58}},"line":1313},"141":{"name":"(anonymous_141)","decl":{"start":{"line":1318,"column":6},"end":{"line":1318,"column":7}},"loc":{"start":{"line":1318,"column":34},"end":{"line":1326,"column":7}},"line":1318},"142":{"name":"(anonymous_142)","decl":{"start":{"line":1321,"column":22},"end":{"line":1321,"column":23}},"loc":{"start":{"line":1321,"column":30},"end":{"line":1323,"column":9}},"line":1321},"143":{"name":"(anonymous_143)","decl":{"start":{"line":1331,"column":6},"end":{"line":1331,"column":7}},"loc":{"start":{"line":1332,"column":8},"end":{"line":1332,"column":55}},"line":1332},"144":{"name":"(anonymous_144)","decl":{"start":{"line":1337,"column":6},"end":{"line":1337,"column":7}},"loc":{"start":{"line":1338,"column":8},"end":{"line":1341,"column":10}},"line":1338},"145":{"name":"(anonymous_145)","decl":{"start":{"line":1346,"column":6},"end":{"line":1346,"column":7}},"loc":{"start":{"line":1347,"column":8},"end":{"line":1349,"column":49}},"line":1347},"146":{"name":"(anonymous_146)","decl":{"start":{"line":1354,"column":6},"end":{"line":1354,"column":7}},"loc":{"start":{"line":1355,"column":8},"end":{"line":1355,"column":48}},"line":1355},"147":{"name":"(anonymous_147)","decl":{"start":{"line":1360,"column":6},"end":{"line":1360,"column":7}},"loc":{"start":{"line":1360,"column":34},"end":{"line":1398,"column":7}},"line":1360},"148":{"name":"(anonymous_148)","decl":{"start":{"line":1363,"column":31},"end":{"line":1363,"column":32}},"loc":{"start":{"line":1363,"column":41},"end":{"line":1363,"column":60}},"line":1363},"149":{"name":"(anonymous_149)","decl":{"start":{"line":1369,"column":35},"end":{"line":1369,"column":36}},"loc":{"start":{"line":1370,"column":14},"end":{"line":1370,"column":55}},"line":1370},"150":{"name":"(anonymous_150)","decl":{"start":{"line":1372,"column":24},"end":{"line":1372,"column":25}},"loc":{"start":{"line":1373,"column":14},"end":{"line":1378,"column":44}},"line":1373},"151":{"name":"(anonymous_151)","decl":{"start":{"line":1384,"column":35},"end":{"line":1384,"column":36}},"loc":{"start":{"line":1385,"column":14},"end":{"line":1385,"column":55}},"line":1385},"152":{"name":"(anonymous_152)","decl":{"start":{"line":1387,"column":24},"end":{"line":1387,"column":25}},"loc":{"start":{"line":1388,"column":14},"end":{"line":1393,"column":44}},"line":1388},"153":{"name":"(anonymous_153)","decl":{"start":{"line":1403,"column":6},"end":{"line":1403,"column":7}},"loc":{"start":{"line":1403,"column":34},"end":{"line":1412,"column":7}},"line":1403},"154":{"name":"(anonymous_154)","decl":{"start":{"line":1408,"column":31},"end":{"line":1408,"column":32}},"loc":{"start":{"line":1409,"column":10},"end":{"line":1409,"column":51}},"line":1409},"155":{"name":"(anonymous_155)","decl":{"start":{"line":1417,"column":6},"end":{"line":1417,"column":7}},"loc":{"start":{"line":1417,"column":34},"end":{"line":1422,"column":7}},"line":1417},"156":{"name":"(anonymous_156)","decl":{"start":{"line":1418,"column":31},"end":{"line":1418,"column":32}},"loc":{"start":{"line":1419,"column":10},"end":{"line":1419,"column":51}},"line":1419},"157":{"name":"(anonymous_157)","decl":{"start":{"line":1427,"column":6},"end":{"line":1427,"column":7}},"loc":{"start":{"line":1427,"column":27},"end":{"line":1430,"column":7}},"line":1427},"158":{"name":"(anonymous_158)","decl":{"start":{"line":1435,"column":6},"end":{"line":1435,"column":7}},"loc":{"start":{"line":1435,"column":27},"end":{"line":1438,"column":7}},"line":1435}},"branchMap":{"0":{"loc":{"start":{"line":15,"column":2},"end":{"line":33,"column":3}},"type":"if","locations":[{"start":{"line":15,"column":2},"end":{"line":33,"column":3}},{"start":{"line":15,"column":2},"end":{"line":33,"column":3}}],"line":15},"1":{"loc":{"start":{"line":17,"column":9},"end":{"line":33,"column":3}},"type":"if","locations":[{"start":{"line":17,"column":9},"end":{"line":33,"column":3}},{"start":{"line":17,"column":9},"end":{"line":33,"column":3}}],"line":17},"2":{"loc":{"start":{"line":18,"column":4},"end":{"line":20,"column":46}},"type":"binary-expr","locations":[{"start":{"line":18,"column":4},"end":{"line":18,"column":35}},{"start":{"line":19,"column":4},"end":{"line":19,"column":27}},{"start":{"line":20,"column":4},"end":{"line":20,"column":46}}],"line":18},"3":{"loc":{"start":{"line":30,"column":11},"end":{"line":32,"column":24}},"type":"cond-expr","locations":[{"start":{"line":31,"column":8},"end":{"line":31,"column":44}},{"start":{"line":32,"column":8},"end":{"line":32,"column":24}}],"line":30},"4":{"loc":{"start":{"line":37,"column":2},"end":{"line":39,"column":3}},"type":"if","locations":[{"start":{"line":37,"column":2},"end":{"line":39,"column":3}},{"start":{"line":37,"column":2},"end":{"line":39,"column":3}}],"line":37},"5":{"loc":{"start":{"line":42,"column":2},"end":{"line":53,"column":3}},"type":"if","locations":[{"start":{"line":42,"column":2},"end":{"line":53,"column":3}},{"start":{"line":42,"column":2},"end":{"line":53,"column":3}}],"line":42},"6":{"loc":{"start":{"line":45,"column":4},"end":{"line":49,"column":5}},"type":"if","locations":[{"start":{"line":45,"column":4},"end":{"line":49,"column":5}},{"start":{"line":45,"column":4},"end":{"line":49,"column":5}}],"line":45},"7":{"loc":{"start":{"line":57,"column":2},"end":{"line":67,"column":3}},"type":"if","locations":[{"start":{"line":57,"column":2},"end":{"line":67,"column":3}},{"start":{"line":57,"column":2},"end":{"line":67,"column":3}}],"line":57},"8":{"loc":{"start":{"line":62,"column":4},"end":{"line":66,"column":5}},"type":"if","locations":[{"start":{"line":62,"column":4},"end":{"line":66,"column":5}},{"start":{"line":62,"column":4},"end":{"line":66,"column":5}}],"line":62},"9":{"loc":{"start":{"line":90,"column":2},"end":{"line":96,"column":3}},"type":"if","locations":[{"start":{"line":90,"column":2},"end":{"line":96,"column":3}},{"start":{"line":90,"column":2},"end":{"line":96,"column":3}}],"line":90},"10":{"loc":{"start":{"line":105,"column":4},"end":{"line":107,"column":5}},"type":"if","locations":[{"start":{"line":105,"column":4},"end":{"line":107,"column":5}},{"start":{"line":105,"column":4},"end":{"line":107,"column":5}}],"line":105},"11":{"loc":{"start":{"line":105,"column":8},"end":{"line":105,"column":28}},"type":"binary-expr","locations":[{"start":{"line":105,"column":8},"end":{"line":105,"column":16}},{"start":{"line":105,"column":20},"end":{"line":105,"column":28}}],"line":105},"12":{"loc":{"start":{"line":114,"column":2},"end":{"line":116,"column":3}},"type":"if","locations":[{"start":{"line":114,"column":2},"end":{"line":116,"column":3}},{"start":{"line":114,"column":2},"end":{"line":116,"column":3}}],"line":114},"13":{"loc":{"start":{"line":118,"column":2},"end":{"line":120,"column":3}},"type":"if","locations":[{"start":{"line":118,"column":2},"end":{"line":120,"column":3}},{"start":{"line":118,"column":2},"end":{"line":120,"column":3}}],"line":118},"14":{"loc":{"start":{"line":123,"column":2},"end":{"line":125,"column":3}},"type":"if","locations":[{"start":{"line":123,"column":2},"end":{"line":125,"column":3}},{"start":{"line":123,"column":2},"end":{"line":125,"column":3}}],"line":123},"15":{"loc":{"start":{"line":123,"column":6},"end":{"line":123,"column":53}},"type":"binary-expr","locations":[{"start":{"line":123,"column":6},"end":{"line":123,"column":29}},{"start":{"line":123,"column":33},"end":{"line":123,"column":53}}],"line":123},"16":{"loc":{"start":{"line":131,"column":4},"end":{"line":133,"column":26}},"type":"cond-expr","locations":[{"start":{"line":132,"column":8},"end":{"line":132,"column":12}},{"start":{"line":133,"column":8},"end":{"line":133,"column":26}}],"line":131},"17":{"loc":{"start":{"line":131,"column":4},"end":{"line":131,"column":70}},"type":"binary-expr","locations":[{"start":{"line":131,"column":4},"end":{"line":131,"column":23}},{"start":{"line":131,"column":27},"end":{"line":131,"column":47}},{"start":{"line":131,"column":51},"end":{"line":131,"column":70}}],"line":131},"18":{"loc":{"start":{"line":135,"column":2},"end":{"line":139,"column":3}},"type":"if","locations":[{"start":{"line":135,"column":2},"end":{"line":139,"column":3}},{"start":{"line":135,"column":2},"end":{"line":139,"column":3}}],"line":135},"19":{"loc":{"start":{"line":148,"column":4},"end":{"line":158,"column":5}},"type":"if","locations":[{"start":{"line":148,"column":4},"end":{"line":158,"column":5}},{"start":{"line":148,"column":4},"end":{"line":158,"column":5}}],"line":148},"20":{"loc":{"start":{"line":150,"column":8},"end":{"line":150,"column":59}},"type":"binary-expr","locations":[{"start":{"line":150,"column":9},"end":{"line":150,"column":23}},{"start":{"line":150,"column":27},"end":{"line":150,"column":52}},{"start":{"line":150,"column":57},"end":{"line":150,"column":59}}],"line":150},"21":{"loc":{"start":{"line":151,"column":11},"end":{"line":158,"column":5}},"type":"if","locations":[{"start":{"line":151,"column":11},"end":{"line":158,"column":5}},{"start":{"line":151,"column":11},"end":{"line":158,"column":5}}],"line":151},"22":{"loc":{"start":{"line":155,"column":8},"end":{"line":157,"column":32}},"type":"cond-expr","locations":[{"start":{"line":156,"column":12},"end":{"line":156,"column":16}},{"start":{"line":157,"column":12},"end":{"line":157,"column":32}}],"line":155},"23":{"loc":{"start":{"line":155,"column":8},"end":{"line":155,"column":51}},"type":"binary-expr","locations":[{"start":{"line":155,"column":8},"end":{"line":155,"column":14}},{"start":{"line":155,"column":18},"end":{"line":155,"column":51}}],"line":155},"24":{"loc":{"start":{"line":157,"column":12},"end":{"line":157,"column":32}},"type":"binary-expr","locations":[{"start":{"line":157,"column":12},"end":{"line":157,"column":26}},{"start":{"line":157,"column":30},"end":{"line":157,"column":32}}],"line":157},"25":{"loc":{"start":{"line":192,"column":2},"end":{"line":204,"column":3}},"type":"if","locations":[{"start":{"line":192,"column":2},"end":{"line":204,"column":3}},{"start":{"line":192,"column":2},"end":{"line":204,"column":3}}],"line":192},"26":{"loc":{"start":{"line":192,"column":6},"end":{"line":192,"column":51}},"type":"binary-expr","locations":[{"start":{"line":192,"column":6},"end":{"line":192,"column":13}},{"start":{"line":192,"column":17},"end":{"line":192,"column":51}}],"line":192},"27":{"loc":{"start":{"line":193,"column":4},"end":{"line":199,"column":5}},"type":"if","locations":[{"start":{"line":193,"column":4},"end":{"line":199,"column":5}},{"start":{"line":193,"column":4},"end":{"line":199,"column":5}}],"line":193},"28":{"loc":{"start":{"line":195,"column":11},"end":{"line":199,"column":5}},"type":"if","locations":[{"start":{"line":195,"column":11},"end":{"line":199,"column":5}},{"start":{"line":195,"column":11},"end":{"line":199,"column":5}}],"line":195},"29":{"loc":{"start":{"line":208,"column":2},"end":{"line":222,"column":3}},"type":"if","locations":[{"start":{"line":208,"column":2},"end":{"line":222,"column":3}},{"start":{"line":208,"column":2},"end":{"line":222,"column":3}}],"line":208},"30":{"loc":{"start":{"line":209,"column":4},"end":{"line":210,"column":40}},"type":"binary-expr","locations":[{"start":{"line":209,"column":4},"end":{"line":209,"column":37}},{"start":{"line":210,"column":4},"end":{"line":210,"column":40}}],"line":209},"31":{"loc":{"start":{"line":213,"column":9},"end":{"line":222,"column":3}},"type":"if","locations":[{"start":{"line":213,"column":9},"end":{"line":222,"column":3}},{"start":{"line":213,"column":9},"end":{"line":222,"column":3}}],"line":213},"32":{"loc":{"start":{"line":215,"column":9},"end":{"line":222,"column":3}},"type":"if","locations":[{"start":{"line":215,"column":9},"end":{"line":222,"column":3}},{"start":{"line":215,"column":9},"end":{"line":222,"column":3}}],"line":215},"33":{"loc":{"start":{"line":227,"column":4},"end":{"line":229,"column":24}},"type":"cond-expr","locations":[{"start":{"line":228,"column":8},"end":{"line":228,"column":38}},{"start":{"line":229,"column":8},"end":{"line":229,"column":24}}],"line":227},"34":{"loc":{"start":{"line":243,"column":22},"end":{"line":245,"column":22}},"type":"cond-expr","locations":[{"start":{"line":244,"column":6},"end":{"line":244,"column":36}},{"start":{"line":245,"column":6},"end":{"line":245,"column":22}}],"line":243},"35":{"loc":{"start":{"line":246,"column":2},"end":{"line":250,"column":3}},"type":"if","locations":[{"start":{"line":246,"column":2},"end":{"line":250,"column":3}},{"start":{"line":246,"column":2},"end":{"line":250,"column":3}}],"line":246},"36":{"loc":{"start":{"line":246,"column":6},"end":{"line":246,"column":77}},"type":"binary-expr","locations":[{"start":{"line":246,"column":6},"end":{"line":246,"column":12}},{"start":{"line":246,"column":16},"end":{"line":246,"column":42}},{"start":{"line":246,"column":46},"end":{"line":246,"column":77}}],"line":246},"37":{"loc":{"start":{"line":271,"column":10},"end":{"line":273,"column":67}},"type":"binary-expr","locations":[{"start":{"line":271,"column":10},"end":{"line":271,"column":13}},{"start":{"line":272,"column":10},"end":{"line":272,"column":22}},{"start":{"line":273,"column":10},"end":{"line":273,"column":67}}],"line":271},"38":{"loc":{"start":{"line":291,"column":15},"end":{"line":291,"column":76}},"type":"binary-expr","locations":[{"start":{"line":291,"column":15},"end":{"line":291,"column":18}},{"start":{"line":291,"column":22},"end":{"line":291,"column":54}},{"start":{"line":291,"column":58},"end":{"line":291,"column":76}}],"line":291},"39":{"loc":{"start":{"line":315,"column":10},"end":{"line":315,"column":77}},"type":"binary-expr","locations":[{"start":{"line":315,"column":10},"end":{"line":315,"column":37}},{"start":{"line":315,"column":41},"end":{"line":315,"column":77}}],"line":315},"40":{"loc":{"start":{"line":324,"column":15},"end":{"line":324,"column":76}},"type":"binary-expr","locations":[{"start":{"line":324,"column":15},"end":{"line":324,"column":18}},{"start":{"line":324,"column":22},"end":{"line":324,"column":54}},{"start":{"line":324,"column":58},"end":{"line":324,"column":76}}],"line":324},"41":{"loc":{"start":{"line":351,"column":10},"end":{"line":351,"column":75}},"type":"binary-expr","locations":[{"start":{"line":351,"column":10},"end":{"line":351,"column
[...]
":[{"start":{"line":1060,"column":16},"end":{"line":1064,"column":17}},{"start":{"line":1060,"column":16},"end":{"line":1064,"column":17}}],"line":1060},"112":{"loc":{"start":{"line":1065,"column":16},"end":{"line":1082,"column":17}},"type":"if","locations":[{"start":{"line":1065,"column":16},"end":{"line":1082,"column":17}},{"start":{"line":1065,"column":16},"end":{"line":1082,"column":17}}],"line":1065},"113":{"loc":{"start":{"line":1074,"column":18},"end":{"line":1078,"column":19}},"type":"if","locations":[{"start":{"line":1074,"column":18},"end":{"line":1078,"column":19}},{"start":{"line":1074,"column":18},"end":{"line":1078,"column":19}}],"line":1074},"114":{"loc":{"start":{"line":1083,"column":21},"end":{"line":1111,"column":15}},"type":"if","locations":[{"start":{"line":1083,"column":21},"end":{"line":1111,"column":15}},{"start":{"line":1083,"column":21},"end":{"line":1111,"column":15}}],"line":1083},"115":{"loc":{"start":{"line":1085,"column":16},"end":{"line":1092,"column":17}},"type":"if","locations":[{"start":{"line":1085,"column":16},"end":{"line":1092,"column":17}},{"start":{"line":1085,"column":16},"end":{"line":1092,"column":17}}],"line":1085},"116":{"loc":{"start":{"line":1094,"column":16},"end":{"line":1106,"column":17}},"type":"if","locations":[{"start":{"line":1094,"column":16},"end":{"line":1106,"column":17}},{"start":{"line":1094,"column":16},"end":{"line":1106,"column":17}}],"line":1094},"117":{"loc":{"start":{"line":1118,"column":14},"end":{"line":1126,"column":15}},"type":"if","locations":[{"start":{"line":1118,"column":14},"end":{"line":1126,"column":15}},{"start":{"line":1118,"column":14},"end":{"line":1126,"column":15}}],"line":1118},"118":{"loc":{"start":{"line":1128,"column":12},"end":{"line":1134,"column":13}},"type":"if","locations":[{"start":{"line":1128,"column":12},"end":{"line":1134,"column":13}},{"start":{"line":1128,"column":12},"end":{"line":1134,"column":13}}],"line":1128},"119":{"loc":{"start":{"line":1147,"column":22},"end":{"line":1147,"column":80}},"type":"cond-expr","locations":[{"start":{"line":1147,"column":31},"end":{"line":1147,"column":61}},{"start":{"line":1147,"column":64},"end":{"line":1147,"column":80}}],"line":1147},"120":{"loc":{"start":{"line":1149,"column":18},"end":{"line":1161,"column":19}},"type":"if","locations":[{"start":{"line":1149,"column":18},"end":{"line":1161,"column":19}},{"start":{"line":1149,"column":18},"end":{"line":1161,"column":19}}],"line":1149},"121":{"loc":{"start":{"line":1155,"column":26},"end":{"line":1156,"column":44}},"type":"binary-expr","locations":[{"start":{"line":1155,"column":27},"end":{"line":1155,"column":36}},{"start":{"line":1155,"column":40},"end":{"line":1155,"column":60}},{"start":{"line":1156,"column":28},"end":{"line":1156,"column":44}}],"line":1155},"122":{"loc":{"start":{"line":1172,"column":20},"end":{"line":1192,"column":21}},"type":"if","locations":[{"start":{"line":1172,"column":20},"end":{"line":1192,"column":21}},{"start":{"line":1172,"column":20},"end":{"line":1192,"column":21}}],"line":1172},"123":{"loc":{"start":{"line":1173,"column":22},"end":{"line":1176,"column":80}},"type":"binary-expr","locations":[{"start":{"line":1173,"column":23},"end":{"line":1173,"column":30}},{"start":{"line":1173,"column":34},"end":{"line":1173,"column":55}},{"start":{"line":1174,"column":23},"end":{"line":1174,"column":31}},{"start":{"line":1175,"column":25},"end":{"line":1175,"column":40}},{"start":{"line":1176,"column":26},"end":{"line":1176,"column":78}}],"line":1173},"124":{"loc":{"start":{"line":1181,"column":24},"end":{"line":1190,"column":25}},"type":"if","locations":[{"start":{"line":1181,"column":24},"end":{"line":1190,"column":25}},{"start":{"line":1181,"column":24},"end":{"line":1190,"column":25}}],"line":1181},"125":{"loc":{"start":{"line":1182,"column":26},"end":{"line":1184,"column":39}},"type":"binary-expr","locations":[{"start":{"line":1182,"column":26},"end":{"line":1182,"column":33}},{"start":{"line":1183,"column":26},"end":{"line":1184,"column":39}}],"line":1182},"126":{"loc":{"start":{"line":1196,"column":20},"end":{"line":1227,"column":21}},"type":"if","locations":[{"start":{"line":1196,"column":20},"end":{"line":1227,"column":21}},{"start":{"line":1196,"column":20},"end":{"line":1227,"column":21}}],"line":1196},"127":{"loc":{"start":{"line":1198,"column":22},"end":{"line":1226,"column":23}},"type":"if","locations":[{"start":{"line":1198,"column":22},"end":{"line":1226,"column":23}},{"start":{"line":1198,"column":22},"end":{"line":1226,"column":23}}],"line":1198},"128":{"loc":{"start":{"line":1198,"column":26},"end":{"line":1198,"column":58}},"type":"binary-expr","locations":[{"start":{"line":1198,"column":26},"end":{"line":1198,"column":34}},{"start":{"line":1198,"column":38},"end":{"line":1198,"column":58}}],"line":1198},"129":{"loc":{"start":{"line":1200,"column":36},"end":{"line":1200,"column":63}},"type":"binary-expr","locations":[{"start":{"line":1200,"column":36},"end":{"line":1200,"column":43}},{"start":{"line":1200,"column":47},"end":{"line":1200,"column":63}}],"line":1200},"130":{"loc":{"start":{"line":1208,"column":28},"end":{"line":1223,"column":29}},"type":"if","locations":[{"start":{"line":1208,"column":28},"end":{"line":1223,"column":29}},{"start":{"line":1208,"column":28},"end":{"line":1223,"column":29}}],"line":1208},"131":{"loc":{"start":{"line":1215,"column":34},"end":{"line":1215,"column":77}},"type":"binary-expr","locations":[{"start":{"line":1215,"column":35},"end":{"line":1215,"column":38}},{"start":{"line":1215,"column":42},"end":{"line":1215,"column":56}},{"start":{"line":1215,"column":61},"end":{"line":1215,"column":77}}],"line":1215},"132":{"loc":{"start":{"line":1229,"column":18},"end":{"line":1257,"column":19}},"type":"if","locations":[{"start":{"line":1229,"column":18},"end":{"line":1257,"column":19}},{"start":{"line":1229,"column":18},"end":{"line":1257,"column":19}}],"line":1229},"133":{"loc":{"start":{"line":1230,"column":20},"end":{"line":1253,"column":21}},"type":"if","locations":[{"start":{"line":1230,"column":20},"end":{"line":1253,"column":21}},{"start":{"line":1230,"column":20},"end":{"line":1253,"column":21}}],"line":1230},"134":{"loc":{"start":{"line":1237,"column":28},"end":{"line":1239,"column":29}},"type":"if","locations":[{"start":{"line":1237,"column":28},"end":{"line":1239,"column":29}},{"start":{"line":1237,"column":28},"end":{"line":1239,"column":29}}],"line":1237},"135":{"loc":{"start":{"line":1248,"column":24},"end":{"line":1250,"column":25}},"type":"if","locations":[{"start":{"line":1248,"column":24},"end":{"line":1250,"column":25}},{"start":{"line":1248,"column":24},"end":{"line":1250,"column":25}}],"line":1248},"136":{"loc":{"start":{"line":1254,"column":25},"end":{"line":1257,"column":19}},"type":"if","locations":[{"start":{"line":1254,"column":25},"end":{"line":1257,"column":19}},{"start":{"line":1254,"column":25},"end":{"line":1257,"column":19}}],"line":1254},"137":{"loc":{"start":{"line":1261,"column":20},"end":{"line":1262,"column":50}},"type":"binary-expr","locations":[{"start":{"line":1261,"column":20},"end":{"line":1261,"column":54}},{"start":{"line":1262,"column":20},"end":{"line":1262,"column":50}}],"line":1261},"138":{"loc":{"start":{"line":1263,"column":18},"end":{"line":1298,"column":19}},"type":"if","locations":[{"start":{"line":1263,"column":18},"end":{"line":1298,"column":19}},{"start":{"line":1263,"column":18},"end":{"line":1298,"column":19}}],"line":1263},"139":{"loc":{"start":{"line":1265,"column":20},"end":{"line":1293,"column":21}},"type":"if","locations":[{"start":{"line":1265,"column":20},"end":{"line":1293,"column":21}},{"start":{"line":1265,"column":20},"end":{"line":1293,"column":21}}],"line":1265},"140":{"loc":{"start":{"line":1265,"column":24},"end":{"line":1265,"column":59}},"type":"binary-expr","locations":[{"start":{"line":1265,"column":24},"end":{"line":1265,"column":36}},{"start":{"line":1265,"column":40},"end":{"line":1265,"column":59}}],"line":1265},"141":{"loc":{"start":{"line":1347,"column":8},"end":{"line":1349,"column":49}},"type":"cond-expr","locations":[{"start":{"line":1348,"column":12},"end":{"line":1348,"column":45}},{"start":{"line":1349,"column":12},"end":{"line":1349,"column":49}}],"line":1347},"142":{"loc":{"start":{"line":1366,"column":8},"end":{"line":1396,"column":9}},"type":"if","locations":[{"start":{"line":1366,"column":8},"end":{"line":1396,"column":9}},{"start":{"line":1366,"column":8},"end":{"line":1396,"column":9}}],"line":1366},"143":{"loc":{"start":{"line":1368,"column":10},"end":{"line":1380,"column":11}},"type":"if","locations":[{"start":{"line":1368,"column":10},"end":{"line":1380,"column":11}},{"start":{"line":1368,"column":10},"end":{"line":1380,"column":11}}],"line":1368},"144":{"loc":{"start":{"line":1383,"column":10},"end":{"line":1395,"column":11}},"type":"if","locations":[{"start":{"line":1383,"column":10},"end":{"line":1395,"column":11}},{"start":{"line":1383,"column":10},"end":{"line":1395,"column":11}}],"line":1383},"145":{"loc":{"start":{"line":1404,"column":8},"end":{"line":1406,"column":9}},"type":"if","locations":[{"start":{"line":1404,"column":8},"end":{"line":1406,"column":9}},{"start":{"line":1404,"column":8},"end":{"line":1406,"column":9}}],"line":1404}},"s":{"0":1,"1":100,"2":100,"3":0,"4":96,"5":1,"6":95,"7":1,"8":1,"9":1,"10":1,"11":1,"12":94,"13":94,"14":96,"15":77,"16":96,"17":96,"18":77,"19":77,"20":77,"21":77,"22":104,"23":77,"24":19,"25":7,"26":1,"27":6,"28":6,"29":6,"30":0,"31":1,"32":1,"33":1194,"34":647,"35":14,"36":25,"37":14,"38":1,"39":1,"40":122,"41":122,"42":245,"43":460,"44":245,"45":215,"46":122,"47":120,"48":1,"49":119,"50":2,"51":117,"52":117,"53":0,"54":117,"55":2342,"56":2342,"57":2342,"58":0,"59":1051,"60":1051,"61":1051,"62":1051,"63":936,"64":342,"65":594,"66":109,"67":485,"68":1051,"69":603,"70":603,"71":603,"72":428,"73":603,"74":812,"75":740,"76":252,"77":252,"78":232,"79":76,"80":156,"81":36,"82":66,"83":232,"84":428,"85":26,"86":402,"87":168,"88":234,"89":42,"90":72,"91":192,"92":603,"93":603,"94":603,"95":603,"96":428,"97":603,"98":603,"99":758,"100":758,"101":758,"102":29,"103":729,"104":1,"105":3,"106":3,"107":577,"108":97,"109":97,"110":3,"111":19892,"112":14,"113":0,"114":3,"115":39910,"116":13,"117":14,"118":1,"119":1,"120":1,"121":3,"122":19967,"123":3,"124":20612,"125":45,"126":383,"127":6,"128":6,"129":6,"130":3,"131":60,"132":60,"133":165,"134":20868,"135":3,"136":56,"137":56,"138":89,"139":21266,"140":211,"141":211,"142":258,"143":211,"144":211,"145":211,"146":3,"147":21307,"148":25,"149":3,"150":0,"151":0,"152":0,"153":3,"154":64089,"155":20,"156":42,"157":20,"158":1,"159":1,"160":1,"161":3,"162":21383,"163":3,"164":21399,"165":1,"166":1,"167":1,"168":1,"169":3,"170":21478,"171":24,"172":2,"173":2,"174":2,"175":3,"176":23270,"177":40,"178":40,"179":40,"180":591,"181":591,"182":591,"183":591,"184":457,"185":81,"186":376,"187":376,"188":0,"189":0,"190":0,"191":0,"192":376,"193":0,"194":376,"195":534,"196":376,"197":376,"198":507,"199":507,"200":507,"201":376,"202":96,"203":96,"204":182,"205":96,"206":280,"207":352,"208":591,"209":591,"210":22,"211":22,"212":22,"213":0,"214":0,"215":22,"216":22,"217":22,"218":10,"219":10,"220":10,"221":2,"222":2,"223":2,"224":10,"225":10,"226":10,"227":10,"228":10,"229":10,"230":7,"231":2,"232":5,"233":5,"234":5,"235":7,"236":3,"237":3,"238":3,"239":10,"240":2,"241":2,"242":2,"243":2,"244":2,"245":10,"246":12,"247":22,"248":14,"249":22,"250":22,"251":3,"252":16,"253":3,"254":7,"255":7,"256":7,"257":3,"258":7,"259":7,"260":3,"261":3,"262":3,"263":0,"264":3,"265":1,"266":3,"267":3,"268":9,"269":3,"270":127,"271":219,"272":4,"273":215,"274":116,"275":116,"276":116,"277":116,"278":116,"279":39,"280":116,"281":114,"282":116,"283":99,"284":96,"285":3,"286":3,"287":0,"288":3,"289":5,"290":5,"291":0,"292":5,"293":3,"294":5,"295":5,"296":5,"297":7,"298":5,"299":3,"300":3,"301":3,"302":4,"303":3,"304":3,"305":8,"306":8,"307":23,"308":3,"309":16,"310":3,"311":51,"312":51,"313":51,"314":0,"315":51,"316":11,"317":51,"318":3,"319":5,"320":5,"321":5,"322":7,"323":3,"324":2,"325":2,"326":4,"327":3,"328":64,"329":3,"330":4,"331":3,"332":306,"333":306,"334":698,"335":306,"336":1,"337":305,"338":305,"339":153,"340":153,"341":305,"342":170,"343":0,"344":170,"345":170,"346":135,"347":2,"348":2,"349":305,"350":305,"351":305,"352":305,"353":305,"354":305,"355":259,"356":0,"357":259,"358":34,"359":74,"360":225,"361":225,"362":259,"363":246,"364":259,"365":246,"366":246,"367":246,"368":246,"369":3,"370":3,"371":243,"372":3,"373":3,"374":3,"375":1,"376":2,"377":2,"378":240,"379":75,"380":75,"381":165,"382":65,"383":65,"384":65,"385":45,"386":65,"387":13,"388":13,"389":52,"390":1,"391":1,"392":51,"393":51,"394":100,"395":34,"396":14,"397":13,"398":20,"399":33,"400":12,"401":12,"402":21,"403":21,"404":66,"405":66,"406":259,"407":259,"408":259,"409":246,"410":3,"411":243,"412":243,"413":239,"414":39,"415":305,"416":96,"417":96,"418":145,"419":145,"420":145,"421":145,"422":10,"423":10,"424":10,"425":10,"426":145,"427":145,"428":240,"429":240,"430":240,"431":240,"432":104,"433":104,"434":104,"435":58,"436":46,"437":240,"438":145,"439":142,"440":24,"441":24,"442":22,"443":22,"444":22,"445":22,"446":22,"447":12,"448":22,"449":145,"450":123,"451":106,"452":106,"453":238,"454":132,"455":238,"456":17,"457":17,"458":24,"459":7,"460":24,"461":22,"462":6,"463":145,"464":145,"465":145,"466":37,"467":37,"468":35,"469":2,"470":2,"471":2,"472":2,"473":2,"474":2,"475":108,"476":74,"477":145,"478":145,"479":145,"480":3,"481":24,"482":3,"483":13,"484":13,"485":23,"486":13,"487":3,"488":8,"489":3,"490":113,"491":3,"492":19,"493":3,"494":18,"495":3,"496":76,"497":31,"498":76,"499":76,"500":58,"501":58,"502":3,"503":5,"504":3,"505":5,"506":18,"507":18,"508":1,"509":2,"510":1,"511":2,"512":72,"513":3,"514":15,"515":6,"516":9,"517":6,"518":9,"519":3,"520":16,"521":7,"522":16,"523":3,"524":32,"525":32,"526":3,"527":7,"528":7},"f":{"0":100,"1":96,"2":96,"3":7,"4":1194,"5":647,"6":14,"7":25,"8":122,"9":245,"10":460,"11":120,"12":2342,"13":1051,"14":603,"15":428,"16":812,"17":740,"18":252,"19":66,"20":428,"21":72,"22":603,"23":428,"24":758,"25":3,"26":577,"27":97,"28":19892,"29":14,"30":0,"31":39910,"32":13,"33":14,"34":1,"35":19967,"36":20612,"37":45,"38":383,"39":6,"40":60,"41":60,"42":165,"43":20868,"44":56,"45":56,"46":89,"47":21266,"48":211,"49":21307,"50":25,"51":3,"52":0,"53":64089,"54":20,"55":1,"56":21383,"57":21399,"58":1,"59":21478,"60":24,"61":2,"62":23270,"63":40,"64":591,"65":507,"66":182,"67":352,"68":22,"69":2,"70":10,"71":5,"72":3,"73":2,"74":2,"75":16,"76":7,"77":7,"78":7,"79":3,"80":0,"81":1,"82":10,"83":9,"84":127,"85":219,"86":114,"87":5,"88":0,"89":5,"90":3,"91":4,"92":8,"93":23,"94":16,"95":51,"96":11,"97":5,"98":7,"99":2,"100":4,"101":64,"102":4,"103":306,"104":698,"105":305,"106":153,"107":305,"108":170,"109":2,"110":74,"111":246,"112":246,"113":246,"114":3,"115":3,"116":2,"117":75,"118":13,"119":1,"120":51,"121":12,"122":21,"123":66,"124":259,"125":246,"126":96,"127":96,"128":145,"129":145,"130":10,"131":240,"132":104,"133":142,"134":22,"135":106,"136":238,"137":24,"138":2,"139":2,"140":24,"141":13,"142":23,"143":8,"144":113,"145":19,"146":18,"147":76,"148":31,"149":5,"150":5,"151":2,"152":2,"153":15,"154":6,"155":16,"156":7,"157":32,"158":7},"b":{"0":[1,95],"1":[1,94],"2":[95,1,1],"3":[94,0],"4":[77,19],"5":[77,19],"6":[77,0],"7":[1,6],"8":[6,0],"9":[1,13],"10":[215,30],"11":[245,221],"12":[1,119],"13":[2,117],"14":[0,117],"15":[117,74],"16":[7,2335],"17":[2342,7,7],"18":[2342,0],"19":[342,594],"20":[342,340,2],"21":[109,485],"22":[44,441],"23":[485,477],"24":[441,1],"25":[232,20],"26":[252,250],"27":[76,156],"28":[36,120],"29":[26,402],"30":[428,404],"31":[168,234],"32":[42,192],"33":[593,10],"34":[740,18],"35":[29,729],"36":[758,740,29],"37":[19892,19253,0],"38":[39910,38632,128],"39":[19967,75],"40":[20612,19973,721],"41":[165,87,17],"42":[20868,20229,13903,13903,256,0,0],"43":[21266,20627],"44":[21307,20668,762,41],"45":[64089,62172,2454,168,168],"46":[21383,76],"47":[21399,92],"48":[21478,20839],"49":[23270,22631,2725,1793,1792],"50":[40,40,35,28],"51":[40,0],"52":[457,134],"53":[81,376],"54":[0,376],"55":[0,0],"56":[0,0],"57":[0,376],"58":[0,0],"59":[507,411],"60":[96,280],"61":[0,22],"62":[22,8],"63":[22,20],"64":[10,12],"65":[2,8],"66":[7,3],"67":[7,3],"68":[2,5],"69":[2,0],"70":[14,8],"71":[3,4],"72":[4,215],"73":[116,99],"74":[116,0],"75":[116,0],"76":[0,39],"77":[39,39],"78":[39,2],"79":[96,3],"80":[3,0],"81":[0,0],"82":[5,0],"83":[4,0],"84":[3,0],"85":[51,0],"86":[0,51],"87":[11,0],"88":[5,0],"89":[698,439,286,116,3],"90":[1,305],"91":[1,0],"92":[153,152],"93":[305,305],"94":[148,5],"95":[170,135],"96":[0,170],"97":[2,133],"98":[305,305,273],"99":[305,305],"100":[259,46],"101":[0,259],"102":[34,225],"103":[225,0],"104":[225,225],"105":[3,243],"106":[3,240],"107":[1,2],"108":[75,165],"109":[65,100],"110":[165,72,27],"111":[45,20],"112":[13,52],"113":[1,51],"114":[34,66],"115":[14,20],"116":[12,21],"117":[3,243],"118":[39,200],"119":[137,8],"120":[10,135],"121":[10,10,0],"122":[136,104],"123":[240,118,182,122,44],"124":[58,46],"125":[104,60],"126":[24,118],"127":[22,2],"128":[24,24],"129":[22,22],"130":[12,10],"131":[12,12,2],"132":[123,22],"133":[106,17],"134":[132,106],"135":[7,17],"136":[6,16],"137":[145,37],"138":[37,108],"139":[35,2],"140":[37,37],"141":[12,7],"142":[58,18],"143":[3,55],"144":[1,17],"145":[6,9]},"_coverageSchema":"d34fc3e6b8297bcde183f5492bcb8fcb36775295","hash":"44d2d8effc4ac8c68b9c50bc855dec2915449912","contentHash":"d771da35491648f4653c6daeee2a21c1"},"/Users/ssimonsen/Code/unexpected-dom/src/matchesSelector.js":{"path":"/Users/ssimonsen/Code/unexpected-dom/src/matchesSelector.js","statementMap":{"0":{"start":{"line":1,"column":0},"end":{"line":23,"column":2}},"1":{"start":{"line":3,"column":4},"end":{"line":20,"column":5}},"2":{"start":{"line":9,"column":19},"end":{"line":9,"column":23}},"3":{"start":{"line":10,"column":20},"end":{"line":12,"column":7}},"4":{"start":{"line":13,"column":14},"end":{"line":13,"column":15}},"5":{"start":{"line":15,"column":6},"end":{"line":17,"column":7}},"6":{"start":{"line":16,"column":8},"end":{"line":16,"column":15}},"7":{"start":{"line":19,"column":6},"end":{"line":19,"column":24}},"8":{"start":{"line":22,"column":2},"end":{"line":22,"column":42}}},"fnMap":{"0":{"name":"(anonymous_0)","decl":{"start":{"line":1,"column":17},"end":{"line":1,"column":18}},"loc":{"start":{"line":1,"column":36},"end":{"line":23,"column":1}},"line":1},"1":{"name":"(anonymous_1)","decl":{"start":{"line":8,"column":4},"end":{"line":8,"column":5}},"loc":{"start":{"line":8,"column":23},"end":{"line":20,"column":5}},"line":8}},"branchMap":{"0":{"loc":{"start":{"line":3,"column":4},"end":{"line":20,"column":5}},"type":"binary-expr","locations":[{"start":{"line":3,"column":4},"end":{"line":3,"column":23}},{"start":{"line":4,"column":4},"end":{"line":4,"column":26}},{"start":{"line":5,"column":4},"end":{"line":5,"column":25}},{"start":{"line":6,"column":4},"end":{"line":6,"column":24}},{"start":{"line":7,"column":4},"end":{"line":7,"column":29}},{"start":{"line":8,"column":4},"end":{"line":20,"column":5}}],"line":3},"1":{"loc":{"start":{"line":10,"column":21},"end":{"line":10,"column":53}},"type":"binary-expr","locations":[{"start":{"line":10,"column":21},"end":{"line":10,"column":36}},{"start":{"line":10,"column":40},"end":{"line":10,"column":53}}],"line":10},"2":{"loc":{"start":{"line":15,"column":13},"end":{"line":15,"column":42}},"type":"binary-expr","locations":[{"start":{"line":15,"column":13},"end":{"line":15,"column":21}},{"start":{"line":15,"column":25},"end":{"line":15,"column":42}}],"line":15}},"s":{"0":1,"1":16,"2":0,"3":0,"4":0,"5":0,"6":0,"7":0,"8":16},"f":{"0":16,"1":0},"b":{"0":[16,16,16,16,16,0],"1":[0,0],"2":[0,0]},"_coverageSchema":"d34fc3e6b8297bcde183f5492bcb8fcb36775295","hash":"e237499f333c1e8b08fe7ebdf2faa7f775e8640f","contentHash":"918387548202deb62704be9177f42f51"}}