{"/home/andreas/work/unexpected-dom/bootstrap-unexpected-markdown.js":{"path":"/home/andreas/work/unexpected-dom/bootstrap-unexpected-markdown.js","statementMap":{"0":{"start":{"line":2,"column":0},"end":{"line":2,"column":43}},"1":{"start":{"line":3,"column":0},"end":{"line":3,"column":38}},"2":{"start":{"line":4,"column":0},"end":{"line":4,"column":34}},"3":{"start":{"line":6,"column":12},"end":{"line":6,"column":28}},"4":{"start":{"line":7,"column":13},"end":{"line":7,"column":37}},"5":{"start":{"line":8,"column":15},"end":{"line":8,"column":30}},"6":{"start":{"line":10,"column":0},"end":{"line":20,"column":2}},"7":{"start":{"line":11,"column":13},"end":{"line":11,"column":42}},"8":{"start":{"line":13,"column":2},"end":{"line":17,"column":12}},"9":{"start":{"line":19,"column":2},"end":{"line":19,"column":25}},"10":{"start":{"line":22,"column":0},"end":{"line":22,"column":20}}},"fnMap":{"0":{"name":"createElement","decl":{"start":{"line":10,"column":25},"end":{"line":10,"column":38}},"loc":{"start":{"line":10,"column":45},"end":{"line":20,"column":1}},"line":10}},"branchMap":{},"s":{"0":1,"1":1,"2":1,"3":1,"4":1,"5":1,"6":1,"7":43,"8":43,"9":43,"10":1},"f":{"0":43},"b":{},"_coverageSchema":"d34fc3e6b8297bcde183f5492bcb8fcb36775295","hash":"3e80e1f777ad0a4756468fb57745a8d3cce2fc31","contentHash":"bfe6cad3d21ec86f36e1b557265e3e53"},"/home/andreas/work/unexpected-dom/lib/index.js":{"path":"/home/andreas/work/unexpected-dom/lib/index.js","statementMap":{"0":{"start":{"line":2,"column":22},"end":{"line":2,"column":50}},"1":{"start":{"line":5,"column":2},"end":{"line":7,"column":3}},"2":{"start":{"line":6,"column":4},"end":{"line":6,"column":63}},"3":{"start":{"line":9,"column":2},"end":{"line":38,"column":3}},"4":{"start":{"line":10,"column":4},"end":{"line":10,"column":69}},"5":{"start":{"line":11,"column":9},"end":{"line":38,"column":3}},"6":{"start":{"line":16,"column":4},"end":{"line":16,"column":66}},"7":{"start":{"line":17,"column":4},"end":{"line":17,"column":24}},"8":{"start":{"line":18,"column":4},"end":{"line":18,"column":28}},"9":{"start":{"line":19,"column":4},"end":{"line":19,"column":25}},"10":{"start":{"line":22,"column":4},"end":{"line":32,"column":5}},"11":{"start":{"line":23,"column":6},"end":{"line":23,"column":36}},"12":{"start":{"line":25,"column":6},"end":{"line":31,"column":8}},"13":{"start":{"line":33,"column":4},"end":{"line":37,"column":5}},"14":{"start":{"line":34,"column":6},"end":{"line":34,"column":58}},"15":{"start":{"line":36,"column":6},"end":{"line":36,"column":38}},"16":{"start":{"line":39,"column":2},"end":{"line":50,"column":3}},"17":{"start":{"line":40,"column":15},"end":{"line":40,"column":32}},"18":{"start":{"line":41,"column":27},"end":{"line":41,"column":64}},"19":{"start":{"line":42,"column":4},"end":{"line":46,"column":5}},"20":{"start":{"line":43,"column":6},"end":{"line":45,"column":7}},"21":{"start":{"line":44,"column":8},"end":{"line":44,"column":73}},"22":{"start":{"line":47,"column":4},"end":{"line":47,"column":28}},"23":{"start":{"line":49,"column":4},"end":{"line":49,"column":24}},"24":{"start":{"line":54,"column":2},"end":{"line":74,"column":3}},"25":{"start":{"line":55,"column":4},"end":{"line":55,"column":60}},"26":{"start":{"line":58,"column":4},"end":{"line":68,"column":5}},"27":{"start":{"line":59,"column":6},"end":{"line":59,"column":36}},"28":{"start":{"line":61,"column":6},"end":{"line":67,"column":8}},"29":{"start":{"line":69,"column":4},"end":{"line":73,"column":5}},"30":{"start":{"line":70,"column":6},"end":{"line":70,"column":79}},"31":{"start":{"line":72,"column":6},"end":{"line":72,"column":54}},"32":{"start":{"line":78,"column":32},"end":{"line":80,"column":1}},"33":{"start":{"line":82,"column":27},"end":{"line":82,"column":425}},"34":{"start":{"line":85,"column":2},"end":{"line":85,"column":45}},"35":{"start":{"line":89,"column":2},"end":{"line":89,"column":47}},"36":{"start":{"line":93,"column":22},"end":{"line":95,"column":4}},"37":{"start":{"line":94,"column":4},"end":{"line":94,"column":50}},"38":{"start":{"line":97,"column":2},"end":{"line":103,"column":3}},"39":{"start":{"line":98,"column":4},"end":{"line":98,"column":32}},"40":{"start":{"line":99,"column":4},"end":{"line":102,"column":6}},"41":{"start":{"line":107,"column":15},"end":{"line":107,"column":17}},"42":{"start":{"line":109,"column":2},"end":{"line":118,"column":5}},"43":{"start":{"line":110,"column":16},"end":{"line":112,"column":6}},"44":{"start":{"line":111,"column":6},"end":{"line":111,"column":25}},"45":{"start":{"line":115,"column":4},"end":{"line":117,"column":5}},"46":{"start":{"line":116,"column":6},"end":{"line":116,"column":34}},"47":{"start":{"line":120,"column":2},"end":{"line":120,"column":16}},"48":{"start":{"line":124,"column":2},"end":{"line":126,"column":3}},"49":{"start":{"line":125,"column":4},"end":{"line":125,"column":14}},"50":{"start":{"line":128,"column":2},"end":{"line":130,"column":3}},"51":{"start":{"line":129,"column":4},"end":{"line":129,"column":14}},"52":{"start":{"line":132,"column":19},"end":{"line":132,"column":46}},"53":{"start":{"line":133,"column":2},"end":{"line":135,"column":3}},"54":{"start":{"line":134,"column":4},"end":{"line":134,"column":21}},"55":{"start":{"line":136,"column":2},"end":{"line":136,"column":20}},"56":{"start":{"line":141,"column":2},"end":{"line":145,"column":3}},"57":{"start":{"line":142,"column":4},"end":{"line":142,"column":25}},"58":{"start":{"line":144,"column":4},"end":{"line":144,"column":39}},"59":{"start":{"line":146,"column":2},"end":{"line":150,"column":3}},"60":{"start":{"line":147,"column":4},"end":{"line":147,"column":53}},"61":{"start":{"line":149,"column":4},"end":{"line":149,"column":64}},"62":{"start":{"line":154,"column":15},"end":{"line":154,"column":44}},"63":{"start":{"line":155,"column":14},"end":{"line":155,"column":32}},"64":{"start":{"line":156,"column":15},"end":{"line":156,"column":17}},"65":{"start":{"line":158,"column":2},"end":{"line":170,"column":3}},"66":{"start":{"line":159,"column":4},"end":{"line":169,"column":5}},"67":{"start":{"line":160,"column":6},"end":{"line":161,"column":60}},"68":{"start":{"line":162,"column":11},"end":{"line":169,"column":5}},"69":{"start":{"line":163,"column":6},"end":{"line":163,"column":66}},"70":{"start":{"line":165,"column":6},"end":{"line":168,"column":33}},"71":{"start":{"line":172,"column":2},"end":{"line":172,"column":16}},"72":{"start":{"line":176,"column":14},"end":{"line":176,"column":36}},"73":{"start":{"line":177,"column":15},"end":{"line":177,"column":17}},"74":{"start":{"line":179,"column":2},"end":{"line":183,"column":7}},"75":{"start":{"line":182,"column":6},"end":{"line":182,"column":31}},"76":{"start":{"line":185,"column":2},"end":{"line":185,"column":16}},"77":{"start":{"line":189,"column":2},"end":{"line":192,"column":27}},"78":{"start":{"line":196,"column":2},"end":{"line":198,"column":4}},"79":{"start":{"line":202,"column":2},"end":{"line":202,"column":38}},"80":{"start":{"line":203,"column":2},"end":{"line":217,"column":3}},"81":{"start":{"line":204,"column":4},"end":{"line":212,"column":5}},"82":{"start":{"line":205,"column":6},"end":{"line":205,"column":30}},"83":{"start":{"line":206,"column":11},"end":{"line":212,"column":5}},"84":{"start":{"line":207,"column":6},"end":{"line":211,"column":20}},"85":{"start":{"line":209,"column":10},"end":{"line":209,"column":49}},"86":{"start":{"line":213,"column":4},"end":{"line":216,"column":29}},"87":{"start":{"line":221,"column":2},"end":{"line":240,"column":3}},"88":{"start":{"line":225,"column":4},"end":{"line":225,"column":25}},"89":{"start":{"line":226,"column":9},"end":{"line":240,"column":3}},"90":{"start":{"line":227,"column":4},"end":{"line":227,"column":45}},"91":{"start":{"line":228,"column":9},"end":{"line":240,"column":3}},"92":{"start":{"line":229,"column":4},"end":{"line":237,"column":6}},"93":{"start":{"line":233,"column":10},"end":{"line":233,"column":54}},"94":{"start":{"line":239,"column":4},"end":{"line":239,"column":56}},"95":{"start":{"line":245,"column":4},"end":{"line":247,"column":24}},"96":{"start":{"line":248,"column":12},"end":{"line":248,"column":29}},"97":{"start":{"line":249,"column":14},"end":{"line":249,"column":45}},"98":{"start":{"line":251,"column":2},"end":{"line":253,"column":5}},"99":{"start":{"line":252,"column":4},"end":{"line":252,"column":53}},"100":{"start":{"line":255,"column":2},"end":{"line":255,"column":13}},"101":{"start":{"line":256,"column":2},"end":{"line":256,"column":13}},"102":{"start":{"line":260,"column":15},"end":{"line":260,"column":44}},"103":{"start":{"line":261,"column":20},"end":{"line":261,"column":78}},"104":{"start":{"line":262,"column":2},"end":{"line":266,"column":3}},"105":{"start":{"line":263,"column":4},"end":{"line":263,"column":14}},"106":{"start":{"line":265,"column":4},"end":{"line":265,"column":36}},"107":{"start":{"line":269,"column":0},"end":{"line":1517,"column":2}},"108":{"start":{"line":272,"column":4},"end":{"line":272,"column":28}},"109":{"start":{"line":273,"column":4},"end":{"line":273,"column":42}},"110":{"start":{"line":276,"column":6},"end":{"line":279,"column":9}},"111":{"start":{"line":277,"column":8},"end":{"line":277,"column":33}},"112":{"start":{"line":278,"column":8},"end":{"line":278,"column":18}},"113":{"start":{"line":282,"column":4},"end":{"line":301,"column":7}},"114":{"start":{"line":286,"column":8},"end":{"line":290,"column":10}},"115":{"start":{"line":293,"column":8},"end":{"line":293,"column":43}},"116":{"start":{"line":296,"column":8},"end":{"line":299,"column":10}},"117":{"start":{"line":303,"column":4},"end":{"line":323,"column":7}},"118":{"start":{"line":307,"column":8},"end":{"line":307,"column":77}},"119":{"start":{"line":310,"column":8},"end":{"line":310,"column":43}},"120":{"start":{"line":313,"column":8},"end":{"line":313,"column":71}},"121":{"start":{"line":316,"column":16},"end":{"line":319,"column":9}},"122":{"start":{"line":320,"column":8},"end":{"line":320,"column":24}},"123":{"start":{"line":321,"column":8},"end":{"line":321,"column":17}},"124":{"start":{"line":326,"column":4},"end":{"line":334,"column":7}},"125":{"start":{"line":330,"column":8},"end":{"line":332,"column":10}},"126":{"start":{"line":336,"column":4},"end":{"line":353,"column":7}},"127":{"start":{"line":340,"column":8},"end":{"line":340,"column":77}},"128":{"start":{"line":343,"column":8},"end":{"line":343,"column":43}},"129":{"start":{"line":346,"column":8},"end":{"line":346,"column":71}},"130":{"start":{"line":349,"column":16},"end":{"line":349,"column":58}},"131":{"start":{"line":350,"column":8},"end":{"line":350,"column":24}},"132":{"start":{"line":351,"column":8},"end":{"line":351,"column":17}},"133":{"start":{"line":355,"column":4},"end":{"line":381,"column":7}},"134":{"start":{"line":359,"column":8},"end":{"line":359,"column":40}},"135":{"start":{"line":362,"column":8},"end":{"line":362,"column":32}},"136":{"start":{"line":366,"column":8},"end":{"line":368,"column":10}},"137":{"start":{"line":371,"column":8},"end":{"line":379,"column":10}},"138":{"start":{"line":384,"column":4},"end":{"line":400,"column":7}},"139":{"start":{"line":389,"column":8},"end":{"line":389,"column":22}},"140":{"start":{"line":392,"column":8},"end":{"line":392,"column":22}},"141":{"start":{"line":395,"column":8},"end":{"line":395,"column":22}},"142":{"start":{"line":398,"column":8},"end":{"line":398,"column":49}},"143":{"start":{"line":403,"column":32},"end":{"line":403,"column":34}},"144":{"start":{"line":404,"column":6},"end":{"line":406,"column":7}},"145":{"start":{"line":405,"column":8},"end":{"line":405,"column":49}},"146":{"start":{"line":407,"column":6},"end":{"line":407,"column":56}},"147":{"start":{"line":408,"column":6},"end":{"line":408,"column":71}},"148":{"start":{"line":409,"column":6},"end":{"line":409,"column":33}},"149":{"start":{"line":412,"column":4},"end":{"line":437,"column":7}},"150":{"start":{"line":416,"column":8},"end":{"line":421,"column":10}},"151":{"start":{"line":424,"column":8},"end":{"line":424,"column":70}},"152":{"start":{"line":427,"column":8},"end":{"line":427,"column":45}},"153":{"start":{"line":430,"column":16},"end":{"line":433,"column":9}},"154":{"start":{"line":434,"column":8},"end":{"line":434,"column":24}},"155":{"start":{"line":435,"column":8},"end":{"line":435,"column":17}},"156":{"start":{"line":439,"column":4},"end":{"line":467,"column":7}},"157":{"start":{"line":443,"column":8},"end":{"line":449,"column":10}},"158":{"start":{"line":452,"column":8},"end":{"line":454,"column":9}},"159":{"start":{"line":453,"column":10},"end":{"line":453,"column":57}},"160":{"start":{"line":455,"column":8},"end":{"line":455,"column":22}},"161":{"start":{"line":458,"column":8},"end":{"line":458,"column":29}},"162":{"start":{"line":459,"column":8},"end":{"line":464,"column":10}},"163":{"start":{"line":465,"column":8},"end":{"line":465,"column":22}},"164":{"start":{"line":469,"column":4},"end":{"line":475,"column":7}},"165":{"start":{"line":473,"column":8},"end":{"line":473,"column":78}},"166":{"start":{"line":477,"column":4},"end":{"line":493,"column":7}},"167":{"start":{"line":481,"column":8},"end":{"line":484,"column":10}},"168":{"start":{"line":487,"column":8},"end":{"line":487,"column":52}},"169":{"start":{"line":488,"column":8},"end":{"line":490,"column":9}},"170":{"start":{"line":489,"column":10},"end":{"line":489,"column":68}},"171":{"start":{"line":491,"column":8},"end":{"line":491,"column":22}},"172":{"start":{"line":495,"column":4},"end":{"line":517,"column":7}},"173":{"start":{"line":499,"column":8},"end":{"line":499,"column":42}},"174":{"start":{"line":502,"column":8},"end":{"line":505,"column":21}},"175":{"start":{"line":508,"column":8},"end":{"line":508,"column":29}},"176":{"start":{"line":509,"column":8},"end":{"line":514,"column":10}},"177":{"start":{"line":515,"column":8},"end":{"line":515,"column":22}},"178":{"start":{"line":519,"column":4},"end":{"line":714,"column":7}},"179":{"start":{"line":523,"column":8},"end":{"line":529,"column":10}},"180":{"start":{"line":532,"column":22},"end":{"line":532,"column":45}},"181":{"start":{"line":533,"column":22},"end":{"line":533,"column":45}},"182":{"start":{"line":534,"column":8},"end":{"line":541,"column":10}},"183":{"start":{"line":544,"column":26},"end":{"line":544,"column":56}},"184":{"start":{"line":545,"column":23},"end":{"line":545,"column":49}},"185":{"start":{"line":547,"column":8},"end":{"line":547,"column":38}},"186":{"start":{"line":548,"column":8},"end":{"line":600,"column":9}},"187":{"start":{"line":549,"column":10},"end":{"line":599,"column":11}},"188":{"start":{"line":550,"column":12},"end":{"line":550,"column":31}},"189":{"start":{"line":552,"column":36},"end":{"line":552,"column":38}},"190":{"start":{"line":553,"column":12},"end":{"line":574,"column":13}},"191":{"start":{"line":554,"column":25},"end":{"line":554,"column":53}},"192":{"start":{"line":555,"column":14},"end":{"line":557,"column":15}},"193":{"start":{"line":556,"column":16},"end":{"line":556,"column":36}},"194":{"start":{"line":558,"column":14},"end":{"line":560,"column":16}},"195":{"start":{"line":561,"column":19},"end":{"line":574,"column":13}},"196":{"start":{"line":562,"column":14},"end":{"line":569,"column":16}},"197":{"start":{"line":571,"column":14},"end":{"line":573,"column":15}},"198":{"start":{"line":572,"column":16},"end":{"line":572,"column":71}},"199":{"start":{"line":576,"column":24},"end":{"line":576,"column":39}},"200":{"start":{"line":577,"column":32},"end":{"line":581,"column":14}},"201":{"start":{"line":578,"column":25},"end":{"line":578,"column":33}},"202":{"start":{"line":579,"column":14},"end":{"line":579,"column":34}},"203":{"start":{"line":580,"column":14},"end":{"line":580,"column":48}},"204":{"start":{"line":583,"column":12},"end":{"line":598,"column":13}},"205":{"start":{"line":584,"column":14},"end":{"line":584,"column":40}},"206":{"start":{"line":586,"column":14},"end":{"line":591,"column":17}},"207":{"start":{"line":587,"column":16},"end":{"line":590,"column":24}},"208":{"start":{"line":593,"column":14},"end":{"line":593,"column":36}},"209":{"start":{"line":595,"column":14},"end":{"line":597,"column":17}},"210":{"start":{"line":596,"column":16},"end":{"line":596,"column":46}},"211":{"start":{"line":601,"column":8},"end":{"line":601,"column":54}},"212":{"start":{"line":602,"column":8},"end":{"line":602,"column":22}},"213":{"start":{"line":606,"column":21},"end":{"line":606,"column":49}},"214":{"start":{"line":607,"column":8},"end":{"line":607,"column":29}},"215":{"start":{"line":609,"column":8},"end":{"line":612,"column":9}},"216":{"start":{"line":610,"column":10},"end":{"line":610,"column":78}},"217":{"start":{"line":611,"column":10},"end":{"line":611,"column":24}},"218":{"start":{"line":615,"column":10},"end":{"line":615,"column":76}},"219":{"start":{"line":617,"column":10},"end":{"line":618,"column":64}},"220":{"start":{"line":620,"column":8},"end":{"line":694,"column":9}},"221":{"start":{"line":621,"column":32},"end":{"line":621,"column":36}},"222":{"start":{"line":622,"column":10},"end":{"line":622,"column":79}},"223":{"start":{"line":623,"column":10},"end":{"line":635,"column":11}},"224":{"start":{"line":626,"column":12},"end":{"line":633,"column":20}},"225":{"start":{"line":629,"column":16},"end":{"line":631,"column":61}},"226":{"start":{"line":634,"column":12},"end":{"line":634,"column":36}},"227":{"start":{"line":636,"column":33},"end":{"line":636,"column":54}},"228":{"start":{"line":637,"column":35},"end":{"line":637,"column":58}},"229":{"start":{"line":638,"column":10},"end":{"line":675,"column":13}},"230":{"start":{"line":639,"column":12},"end":{"line":639,"column":72}},"231":{"start":{"line":640,"column":12},"end":{"line":645,"column":14}},"232":{"start":{"line":646,"column":12},"end":{"line":674,"column":13}},"233":{"start":{"line":647,"column":14},"end":{"line":664,"column":15}},"234":{"start":{"line":651,"column":16},"end":{"line":651,"column":39}},"235":{"start":{"line":653,"column":16},"end":{"line":662,"column":24}},"236":{"start":{"line":656,"column":20},"end":{"line":660,"column":24}},"237":{"start":{"line":663,"column":16},"end":{"line":663,"column":40}},"238":{"start":{"line":665,"column":14},"end":{"line":665,"column":55}},"239":{"start":{"line":667,"column":14},"end":{"line":672,"column":22}},"240":{"start":{"line":670,"column":18},"end":{"line":670,"column":50}},"241":{"start":{"line":673,"column":14},"end":{"line":673,"column":38}},"242":{"start":{"line":676,"column":10},"end":{"line":690,"column":13}},"243":{"start":{"line":677,"column":12},"end":{"line":677,"column":72}},"244":{"start":{"line":678,"column":12},"end":{"line":688,"column":20}},"245":{"start":{"line":680,"column":16},"end":{"line":680,"column":43}},"246":{"start":{"line":681,"column":16},"end":{"line":686,"column":18}},"247":{"start":{"line":689,"column":12},"end":{"line":689,"column":36}},"248":{"start":{"line":691,"column":10},"end":{"line":691,"column":39}},"249":{"start":{"line":693,"column":10},"end":{"line":693,"column":57}},"250":{"start":{"line":696,"column":8},"end":{"line":709,"column":9}},"251":{"start":{"line":697,"column":10},"end":{"line":708,"column":28}},"252":{"start":{"line":711,"column":8},"end":{"line":711,"column":53}},"253":{"start":{"line":712,"column":8},"end":{"line":712,"column":22}},"254":{"start":{"line":716,"column":4},"end":{"line":721,"column":6}},"255":{"start":{"line":719,"column":8},"end":{"line":719,"column":71}},"256":{"start":{"line":723,"column":4},"end":{"line":738,"column":6}},"257":{"start":{"line":726,"column":8},"end":{"line":736,"column":11}},"258":{"start":{"line":728,"column":32},"end":{"line":728,"column":74}},"259":{"start":{"line":729,"column":12},"end":{"line":731,"column":13}},"260":{"start":{"line":730,"column":14},"end":{"line":730,"column":61}},"261":{"start":{"line":732,"column":12},"end":{"line":734,"column":15}},"262":{"start":{"line":733,"column":14},"end":{"line":733,"column":76}},"263":{"start":{"line":740,"column":4},"end":{"line":745,"column":6}},"264":{"start":{"line":743,"column":8},"end":{"line":743,"column":70}},"265":{"start":{"line":747,"column":4},"end":{"line":752,"column":6}},"266":{"start":{"line":750,"column":8},"end":{"line":750,"column":70}},"267":{"start":{"line":755,"column":4},"end":{"line":760,"column":6}},"268":{"start":{"line":758,"column":8},"end":{"line":758,"column":22}},"269":{"start":{"line":763,"column":4},"end":{"line":767,"column":6}},"270":{"start":{"line":770,"column":4},"end":{"line":775,"column":6}},"271":{"start":{"line":773,"column":8},"end":{"line":773,"column":62}},"272":{"start":{"line":777,"column":4},"end":{"line":782,"column":6}},"273":{"start":{"line":780,"column":8},"end":{"line":780,"column":62}},"274":{"start":{"line":785,"column":6},"end":{"line":821,"column":7}},"275":{"start":{"line":787,"column":8},"end":{"line":787,"column":39}},"276":{"start":{"line":788,"column":13},"end":{"line":821,"column":7}},"277":{"start":{"line":790,"column":19},"end":{"line":790,"column":71}},"278":{"start":{"line":792,"column":21},"end":{"line":792,"column":35}},"279":{"start":{"line":794,"column":8},"end":{"line":802,"column":9}},"280":{"start":{"line":795,"column":10},"end":{"line":795,"column":33}},"281":{"start":{"line":796,"column":10},"end":{"line":801,"column":11}},"282":{"start":{"line":797,"column":12},"end":{"line":800,"column":49}},"283":{"start":{"line":803,"column":8},"end":{"line":807,"column":11}},"284":{"start":{"line":806,"column":10},"end":{"line":806,"column":64}},"285":{"start":{"line":808,"column":8},"end":{"line":808,"column":22}},"286":{"start":{"line":809,"column":13},"end":{"line":821,"column":7}},"287":{"start":{"line":811,"column":8},"end":{"line":811,"column":30}},"288":{"start":{"line":812,"column":13},"end":{"line":821,"column":7}},"289":{"start":{"line":814,"column":8},"end":{"line":814,"column":20}},"290":{"start":{"line":816,"column":8},"end":{"line":820,"column":10}},"291":{"start":{"line":824,"column":4},"end":{"line":840,"column":6}},"292":{"start":{"line":827,"column":21},"end":{"line":827,"column":70}},"293":{"start":{"line":828,"column":8},"end":{"line":830,"column":10}},"294":{"start":{"line":829,"column":10},"end":{"line":829,"column":61}},"295":{"start":{"line":831,"column":8},"end":{"line":838,"column":10}},"296":{"start":{"line":842,"column":4},"end":{"line":852,"column":6}},"297":{"start":{"line":845,"column":21},"end":{"line":845,"column":70}},"298":{"start":{"line":846,"column":27},"end":{"line":846,"column":29}},"299":{"start":{"line":847,"column":8},"end":{"line":849,"column":9}},"300":{"start":{"line":848,"column":10},"end":{"line":848,"column":75}},"301":{"start":{"line":850,"column":8},"end":{"line":850,"column":74}},"302":{"start":{"line":854,"column":4},"end":{"line":869,"column":6}},"303":{"start":{"line":857,"column":21},"end":{"line":857,"column":50}},"304":{"start":{"line":858,"column":8},"end":{"line":860,"column":10}},"305":{"start":{"line":859,"column":10},"end":{"line":859,"column":61}},"306":{"start":{"line":861,"column":8},"end":{"line":867,"column":10}},"307":{"start":{"line":871,"column":4},"end":{"line":883,"column":6}},"308":{"start":{"line":874,"column":21},"end":{"line":874,"column":70}},"309":{"start":{"line":875,"column":8},"end":{"line":881,"column":10}},"310":{"start":{"line":879,"column":12},"end":{"line":879,"column":66}},"311":{"start":{"line":885,"column":4},"end":{"line":890,"column":6}},"312":{"start":{"line":888,"column":8},"end":{"line":888,"column":78}},"313":{"start":{"line":892,"column":4},"end":{"line":913,"column":6}},"314":{"start":{"line":895,"column":21},"end":{"line":895,"column":50}},"315":{"start":{"line":896,"column":31},"end":{"line":898,"column":49}},"316":{"start":{"line":899,"column":8},"end":{"line":903,"column":9}},"317":{"start":{"line":900,"column":10},"end":{"line":902,"column":12}},"318":{"start":{"line":904,"column":8},"end":{"line":906,"column":10}},"319":{"start":{"line":905,"column":10},"end":{"line":905,"column":61}},"320":{"start":{"line":907,"column":8},"end":{"line":911,"column":10}},"321":{"start":{"line":915,"column":4},"end":{"line":932,"column":6}},"322":{"start":{"line":918,"column":21},"end":{"line":918,"column":50}},"323":{"start":{"line":919,"column":28},"end":{"line":921,"column":49}},"324":{"start":{"line":922,"column":8},"end":{"line":930,"column":10}},"325":{"start":{"line":928,"column":12},"end":{"line":928,"column":66}},"326":{"start":{"line":934,"column":4},"end":{"line":946,"column":6}},"327":{"start":{"line":937,"column":21},"end":{"line":937,"column":50}},"328":{"start":{"line":938,"column":8},"end":{"line":944,"column":10}},"329":{"start":{"line":942,"column":12},"end":{"line":942,"column":66}},"330":{"start":{"line":948,"column":4},"end":{"line":957,"column":6}},"331":{"start":{"line":951,"column":8},"end":{"line":955,"column":10}},"332":{"start":{"line":959,"column":4},"end":{"line":964,"column":6}},"333":{"start":{"line":962,"column":8},"end":{"line":962,"column":22}},"334":{"start":{"line":966,"column":4},"end":{"line":971,"column":6}},"335":{"start":{"line":969,"column":8},"end":{"line":969,"column":22}},"336":{"start":{"line":973,"column":4},"end":{"line":978,"column":6}},"337":{"start":{"line":976,"column":8},"end":{"line":976,"column":22}},"338":{"start":{"line":980,"column":4},"end":{"line":1363,"column":6}},"339":{"start":{"line":983,"column":21},"end":{"line":983,"column":50}},"340":{"start":{"line":984,"column":33},"end":{"line":992,"column":10}},"341":{"start":{"line":985,"column":10},"end":{"line":991,"column":12}},"342":{"start":{"line":993,"column":8},"end":{"line":1000,"column":9}},"343":{"start":{"line":994,"column":10},"end":{"line":999,"column":12}},"344":{"start":{"line":1002,"column":27},"end":{"line":1042,"column":9}},"345":{"start":{"line":1004,"column":12},"end":{"line":1012,"column":13}},"346":{"start":{"line":1005,"column":14},"end":{"line":1011,"column":17}},"347":{"start":{"line":1006,"column":16},"end":{"line":1010,"column":18}},"348":{"start":{"line":1015,"column":12},"end":{"line":1039,"column":13}},"349":{"start":{"line":1016,"column":14},"end":{"line":1020,"column":15}},"350":{"start":{"line":1017,"column":16},"end":{"line":1019,"column":18}},"351":{"start":{"line":1021,"column":14},"end":{"line":1030,"column":17}},"352":{"start":{"line":1022,"column":16},"end":{"line":1029,"column":18}},"353":{"start":{"line":1031,"column":19},"end":{"line":1039,"column":13}},"354":{"start":{"line":1032,"column":14},"end":{"line":1038,"column":17}},"355":{"start":{"line":1033,"column":16},"end":{"line":1037,"column":18}},"356":{"start":{"line":1045,"column":10},"end":{"line":1045,"column":70}},"357":{"start":{"line":1046,"column":20},"end":{"line":1046,"column":42}},"358":{"start":{"line":1047,"column":33},"end":{"line":1047,"column":58}},"359":{"start":{"line":1048,"column":37},"end":{"line":1048,"column":39}},"360":{"start":{"line":1050,"column":8},"end":{"line":1197,"column":9}},"361":{"start":{"line":1051,"column":10},"end":{"line":1053,"column":11}},"362":{"start":{"line":1052,"column":12},"end":{"line":1052,"column":54}},"363":{"start":{"line":1054,"column":45},"end":{"line":1054,"column":47}},"364":{"start":{"line":1055,"column":10},"end":{"line":1064,"column":11}},"365":{"start":{"line":1056,"column":12},"end":{"line":1058,"column":15}},"366":{"start":{"line":1057,"column":14},"end":{"line":1057,"column":65}},"367":{"start":{"line":1059,"column":17},"end":{"line":1064,"column":11}},"368":{"start":{"line":1063,"column":12},"end":{"line":1063,"column":62}},"369":{"start":{"line":1065,"column":10},"end":{"line":1069,"column":13}},"370":{"start":{"line":1068,"column":12},"end":{"line":1068,"column":55}},"371":{"start":{"line":1071,"column":10},"end":{"line":1174,"column":13}},"372":{"start":{"line":1072,"column":33},"end":{"line":1072,"column":68}},"373":{"start":{"line":1074,"column":14},"end":{"line":1074,"column":57}},"374":{"start":{"line":1075,"column":12},"end":{"line":1173,"column":15}},"375":{"start":{"line":1076,"column":14},"end":{"line":1172,"column":15}},"376":{"start":{"line":1077,"column":16},"end":{"line":1079,"column":19}},"377":{"start":{"line":1078,"column":18},"end":{"line":1078,"column":77}},"378":{"start":{"line":1080,"column":21},"end":{"line":1172,"column":15}},"379":{"start":{"line":1081,"column":54},"end":{"line":1083,"column":49}},"380":{"start":{"line":1085,"column":16},"end":{"line":1100,"column":19}},"381":{"start":{"line":1086,"column":18},"end":{"line":1097,"column":19}},"382":{"start":{"line":1087,"column":20},"end":{"line":1096,"column":23}},"383":{"start":{"line":1088,"column":22},"end":{"line":1095,"column":26}},"384":{"start":{"line":1099,"column":18},"end":{"line":1099,"column":79}},"385":{"start":{"line":1101,"column":21},"end":{"line":1172,"column":15}},"386":{"start":{"line":1102,"column":16},"end":{"line":1104,"column":19}},"387":{"start":{"line":1103,"column":18},"end":{"line":1103,"column":76}},"388":{"start":{"line":1105,"column":21},"end":{"line":1172,"column":15}},"389":{"start":{"line":1110,"column":36},"end":{"line":1112,"column":17}},"390":{"start":{"line":1113,"column":38},"end":{"line":1113,"column":60}},"391":{"start":{"line":1114,"column":16},"end":{"line":1118,"column":17}},"392":{"start":{"line":1115,"column":18},"end":{"line":1117,"column":20}},"393":{"start":{"line":1119,"column":16},"end":{"line":1139,"column":17}},"394":{"start":{"line":1120,"column":18},"end":{"line":1126,"column":21}},"395":{"start":{"line":1121,"column":20},"end":{"line":1125,"column":22}},"396":{"start":{"line":1128,"column":18},"end":{"line":1132,"column":19}},"397":{"start":{"line":1129,"column":20},"end":{"line":1131,"column":23}},"398":{"start":{"line":1130,"column":22},"end":{"line":1130,"column":68}},"399":{"start":{"line":1133,"column":18},"end":{"line":1138,"column":21}},"400":{"start":{"line":1134,"column":20},"end":{"line":1137,"column":22}},"401":{"start":{"line":1140,"column":21},"end":{"line":1172,"column":15}},"402":{"start":{"line":1142,"column":16},"end":{"line":1149,"column":17}},"403":{"start":{"line":1143,"column":18},"end":{"line":1143,"column":77}},"404":{"start":{"line":1144,"column":18},"end":{"line":1146,"column":20}},"405":{"start":{"line":1148,"column":18},"end":{"line":1148,"column":72}},"406":{"start":{"line":1151,"column":16},"end":{"line":1163,"column":17}},"407":{"start":{"line":1152,"column":18},"end":{"line":1158,"column":21}},"408":{"start":{"line":1153,"column":20},"end":{"line":1157,"column":22}},"409":{"start":{"line":1160,"column":18},"end":{"line":1162,"column":21}},"410":{"start":{"line":1161,"column":20},"end":{"line":1161,"column":79}},"411":{"start":{"line":1165,"column":16},"end":{"line":1171,"column":19}},"412":{"start":{"line":1166,"column":18},"end":{"line":1170,"column":20}},"413":{"start":{"line":1176,"column":10},"end":{"line":1196,"column":13}},"414":{"start":{"line":1177,"column":52},"end":{"line":1177,"column":54}},"415":{"start":{"line":1178,"column":12},"end":{"line":1188,"column":15}},"416":{"start":{"line":1179,"column":14},"end":{"line":1187,"column":15}},"417":{"start":{"line":1183,"column":16},"end":{"line":1183,"column":64}},"418":{"start":{"line":1185,"column":16},"end":{"line":1185,"column":70}},"419":{"start":{"line":1186,"column":16},"end":{"line":1186,"column":60}},"420":{"start":{"line":1189,"column":12},"end":{"line":1195,"column":13}},"421":{"start":{"line":1190,"column":14},"end":{"line":1194,"column":16}},"422":{"start":{"line":1199,"column":8},"end":{"line":1361,"column":11}},"423":{"start":{"line":1200,"column":10},"end":{"line":1360,"column":13}},"424":{"start":{"line":1201,"column":12},"end":{"line":1359,"column":15}},"425":{"start":{"line":1203,"column":16},"end":{"line":1355,"column":19}},"426":{"start":{"line":1204,"column":31},"end":{"line":1204,"column":35}},"427":{"start":{"line":1205,"column":34},"end":{"line":1205,"column":39}},"428":{"start":{"line":1206,"column":18},"end":{"line":1210,"column":22}},"429":{"start":{"line":1211,"column":18},"end":{"line":1221,"column":19}},"430":{"start":{"line":1212,"column":20},"end":{"line":1212,"column":37}},"431":{"start":{"line":1213,"column":36},"end":{"line":1213,"column":62}},"432":{"start":{"line":1214,"column":20},"end":{"line":1220,"column":23}},"433":{"start":{"line":1215,"column":22},"end":{"line":1219,"column":53}},"434":{"start":{"line":1222,"column":44},"end":{"line":1222,"column":46}},"435":{"start":{"line":1223,"column":18},"end":{"line":1254,"column":21}},"436":{"start":{"line":1224,"column":42},"end":{"line":1224,"column":56}},"437":{"start":{"line":1225,"column":34},"end":{"line":1225,"column":72}},"438":{"start":{"line":1226,"column":20},"end":{"line":1231,"column":22}},"439":{"start":{"line":1232,"column":20},"end":{"line":1252,"column":21}},"440":{"start":{"line":1239,"column":22},"end":{"line":1239,"column":39}},"441":{"start":{"line":1240,"column":22},"end":{"line":1251,"column":25}},"442":{"start":{"line":1241,"column":24},"end":{"line":1250,"column":25}},"443":{"start":{"line":1246,"column":26},"end":{"line":1246,"column":78}},"444":{"start":{"line":1249,"column":26},"end":{"line":1249,"column":58}},"445":{"start":{"line":1253,"column":20},"end":{"line":1253,"column":62}},"446":{"start":{"line":1255,"column":18},"end":{"line":1286,"column":21}},"447":{"start":{"line":1256,"column":20},"end":{"line":1285,"column":21}},"448":{"start":{"line":1257,"column":36},"end":{"line":1257,"column":74}},"449":{"start":{"line":1258,"column":22},"end":{"line":1284,"column":23}},"450":{"start":{"line":1259,"column":24},"end":{"line":1259,"column":41}},"451":{"start":{"line":1260,"column":34},"end":{"line":1260,"column":61}},"452":{"start":{"line":1261,"column":46},"end":{"line":1282,"column":28}},"453":{"start":{"line":1264,"column":28},"end":{"line":1266,"column":68}},"454":{"start":{"line":1267,"column":28},"end":{"line":1281,"column":29}},"455":{"start":{"line":1271,"column":30},"end":{"line":1280,"column":34}},"456":{"start":{"line":1283,"column":24},"end":{"line":1283,"column":66}},"457":{"start":{"line":1287,"column":18},"end":{"line":1315,"column":19}},"458":{"start":{"line":1288,"column":20},"end":{"line":1311,"column":21}},"459":{"start":{"line":1289,"column":22},"end":{"line":1302,"column":30}},"460":{"start":{"line":1294,"column":26},"end":{"line":1299,"column":29}},"461":{"start":{"line":1295,"column":28},"end":{"line":1297,"column":29}},"462":{"start":{"line":1296,"column":30},"end":{"line":1296,"column":42}},"463":{"start":{"line":1298,"column":28},"end":{"line":1298,"column":48}},"464":{"start":{"line":1304,"column":22},"end":{"line":1304,"column":34}},"465":{"start":{"line":1305,"column":22},"end":{"line":1310,"column":25}},"466":{"start":{"line":1306,"column":24},"end":{"line":1308,"column":25}},"467":{"start":{"line":1307,"column":26},"end":{"line":1307,"column":38}},"468":{"start":{"line":1309,"column":24},"end":{"line":1309,"column":44}},"469":{"start":{"line":1312,"column":25},"end":{"line":1315,"column":19}},"470":{"start":{"line":1314,"column":20},"end":{"line":1314,"column":32}},"471":{"start":{"line":1317,"column":18},"end":{"line":1317,"column":47}},"472":{"start":{"line":1319,"column":20},"end":{"line":1320,"column":50}},"473":{"start":{"line":1321,"column":18},"end":{"line":1353,"column":19}},"474":{"start":{"line":1322,"column":39},"end":{"line":1322,"column":68}},"475":{"start":{"line":1323,"column":20},"end":{"line":1348,"column":21}},"476":{"start":{"line":1324,"column":22},"end":{"line":1329,"column":40}},"477":{"start":{"line":1331,"column":22},"end":{"line":1343,"column":27}},"478":{"start":{"line":1336,"column":26},"end":{"line":1342,"column":27}},"479":{"start":{"line":1341,"column":28},"end":{"line":1341,"column":77}},"480":{"start":{"line":1344,"column":22},"end":{"line":1346,"column":25}},"481":{"start":{"line":1345,"column":24},"end":{"line":1345,"column":73}},"482":{"start":{"line":1347,"column":22},"end":{"line":1347,"column":34}},"483":{"start":{"line":1350,"column":20},"end":{"line":1352,"column":21}},"484":{"start":{"line":1351,"column":22},"end":{"line":1351,"column":66}},"485":{"start":{"line":1354,"column":18},"end":{"line":1354,"column":64}},"486":{"start":{"line":1356,"column":16},"end":{"line":1356,"column":37}},"487":{"start":{"line":1357,"column":16},"end":{"line":1357,"column":30}},"488":{"start":{"line":1365,"column":4},"end":{"line":1374,"column":6}},"489":{"start":{"line":1368,"column":8},"end":{"line":1372,"column":10}},"490":{"start":{"line":1376,"column":4},"end":{"line":1387,"column":6}},"491":{"start":{"line":1379,"column":25},"end":{"line":1379,"column":47}},"492":{"start":{"line":1381,"column":8},"end":{"line":1383,"column":11}},"493":{"start":{"line":1382,"column":10},"end":{"line":1382,"column":34}},"494":{"start":{"line":1385,"column":8},"end":{"line":1385,"column":70}},"495":{"start":{"line":1389,"column":4},"end":{"line":1398,"column":6}},"496":{"start":{"line":1392,"column":8},"end":{"line":1396,"column":10}},"497":{"start":{"line":1400,"column":4},"end":{"line":1408,"column":6}},"498":{"start":{"line":1403,"column":8},"end":{"line":1406,"column":11}},"499":{"start":{"line":1410,"column":4},"end":{"line":1419,"column":6}},"500":{"start":{"line":1413,"column":8},"end":{"line":1417,"column":9}},"501":{"start":{"line":1414,"column":10},"end":{"line":1414,"column":59}},"502":{"start":{"line":1416,"column":10},"end":{"line":1416,"column":63}},"503":{"start":{"line":1421,"column":4},"end":{"line":1427,"column":7}},"504":{"start":{"line":1426,"column":6},"end":{"line":1426,"column":62}},"505":{"start":{"line":1429,"column":4},"end":{"line":1473,"column":6}},"506":{"start":{"line":1434,"column":8},"end":{"line":1436,"column":10}},"507":{"start":{"line":1435,"column":10},"end":{"line":1435,"column":37}},"508":{"start":{"line":1438,"column":8},"end":{"line":1438,"column":36}},"509":{"start":{"line":1440,"column":8},"end":{"line":1470,"column":9}},"510":{"start":{"line":1441,"column":10},"end":{"line":1441,"column":53}},"511":{"start":{"line":1442,"column":10},"end":{"line":1454,"column":11}},"512":{"start":{"line":1443,"column":12},"end":{"line":1445,"column":14}},"513":{"start":{"line":1444,"column":14},"end":{"line":1444,"column":56}},"514":{"start":{"line":1446,"column":12},"end":{"line":1453,"column":15}},"515":{"start":{"line":1447,"column":14},"end":{"line":1452,"column":45}},"516":{"start":{"line":1456,"column":10},"end":{"line":1456,"column":56}},"517":{"start":{"line":1457,"column":10},"end":{"line":1469,"column":11}},"518":{"start":{"line":1458,"column":12},"end":{"line":1460,"column":14}},"519":{"start":{"line":1459,"column":14},"end":{"line":1459,"column":56}},"520":{"start":{"line":1461,"column":12},"end":{"line":1468,"column":15}},"521":{"start":{"line":1462,"column":14},"end":{"line":1467,"column":45}},"522":{"start":{"line":1471,"column":8},"end":{"line":1471,"column":41}},"523":{"start":{"line":1475,"column":4},"end":{"line":1487,"column":6}},"524":{"start":{"line":1478,"column":8},"end":{"line":1480,"column":9}},"525":{"start":{"line":1479,"column":10},"end":{"line":1479,"column":75}},"526":{"start":{"line":1482,"column":8},"end":{"line":1484,"column":10}},"527":{"start":{"line":1483,"column":10},"end":{"line":1483,"column":52}},"528":{"start":{"line":1485,"column":8},"end":{"line":1485,"column":77}},"529":{"start":{"line":1489,"column":4},"end":{"line":1497,"column":6}},"530":{"start":{"line":1492,"column":8},"end":{"line":1494,"column":10}},"531":{"start":{"line":1493,"column":10},"end":{"line":1493,"column":52}},"532":{"start":{"line":1495,"column":8},"end":{"line":1495,"column":75}},"533":{"start":{"line":1499,"column":4},"end":{"line":1507,"column":6}},"534":{"start":{"line":1502,"column":8},"end":{"line":1502,"column":36}},"535":{"start":{"line":1503,"column":8},"end":{"line":1505,"column":10}},"536":{"start":{"line":1509,"column":4},"end":{"line":1515,"column":6}},"537":{"start":{"line":1512,"column":8},"end":{"line":1512,"column":36}},"538":{"start":{"line":1513,"column":8},"end":{"line":1513,"column":71}}},"fnMap":{"0":{"name":"parseHtml","decl":{"start":{"line":4,"column":9},"end":{"line":4,"column":18}},"loc":{"start":{"line":4,"column":66},"end":{"line":51,"column":1}},"line":4},"1":{"name":"parseXml","decl":{"start":{"line":53,"column":9},"end":{"line":53,"column":17}},"loc":{"start":{"line":53,"column":53},"end":{"line":75,"column":1}},"line":53},"2":{"name":"isBooleanAttribute","decl":{"start":{"line":84,"column":9},"end":{"line":84,"column":27}},"loc":{"start":{"line":84,"column":38},"end":{"line":86,"column":1}},"line":84},"3":{"name":"isEnumeratedAttribute","decl":{"start":{"line":88,"column":9},"end":{"line":88,"column":30}},"loc":{"start":{"line":88,"column":41},"end":{"line":90,"column":1}},"line":88},"4":{"name":"validateStyles","decl":{"start":{"line":92,"column":9},"end":{"line":92,"column":23}},"loc":{"start":{"line":92,"column":37},"end":{"line":104,"column":1}},"line":92},"5":{"name":"(anonymous_5)","decl":{"start":{"line":93,"column":44},"end":{"line":93,"column":45}},"loc":{"start":{"line":93,"column":59},"end":{"line":95,"column":3}},"line":93},"6":{"name":"styleStringToObject","decl":{"start":{"line":106,"column":9},"end":{"line":106,"column":28}},"loc":{"start":{"line":106,"column":34},"end":{"line":121,"column":1}},"line":106},"7":{"name":"(anonymous_7)","decl":{"start":{"line":109,"column":25},"end":{"line":109,"column":26}},"loc":{"start":{"line":109,"column":40},"end":{"line":118,"column":3}},"line":109},"8":{"name":"(anonymous_8)","decl":{"start":{"line":110,"column":36},"end":{"line":110,"column":37}},"loc":{"start":{"line":110,"column":51},"end":{"line":112,"column":5}},"line":110},"9":{"name":"getClassNamesFromAttributeValue","decl":{"start":{"line":123,"column":9},"end":{"line":123,"column":40}},"loc":{"start":{"line":123,"column":57},"end":{"line":137,"column":1}},"line":123},"10":{"name":"isInsideHtmlDocument","decl":{"start":{"line":139,"column":9},"end":{"line":139,"column":29}},"loc":{"start":{"line":139,"column":36},"end":{"line":151,"column":1}},"line":139},"11":{"name":"getAttributes","decl":{"start":{"line":153,"column":9},"end":{"line":153,"column":22}},"loc":{"start":{"line":153,"column":32},"end":{"line":173,"column":1}},"line":153},"12":{"name":"getCanonicalAttributes","decl":{"start":{"line":175,"column":9},"end":{"line":175,"column":31}},"loc":{"start":{"line":175,"column":41},"end":{"line":186,"column":1}},"line":175},"13":{"name":"(anonymous_13)","decl":{"start":{"line":181,"column":13},"end":{"line":181,"column":14}},"loc":{"start":{"line":181,"column":27},"end":{"line":183,"column":5}},"line":181},"14":{"name":"entitify","decl":{"start":{"line":188,"column":9},"end":{"line":188,"column":17}},"loc":{"start":{"line":188,"column":25},"end":{"line":193,"column":1}},"line":188},"15":{"name":"isVoidElement","decl":{"start":{"line":195,"column":9},"end":{"line":195,"column":22}},"loc":{"start":{"line":195,"column":36},"end":{"line":199,"column":1}},"line":195},"16":{"name":"writeAttributeToMagicPen","decl":{"start":{"line":201,"column":9},"end":{"line":201,"column":33}},"loc":{"start":{"line":201,"column":72},"end":{"line":218,"column":1}},"line":201},"17":{"name":"(anonymous_17)","decl":{"start":{"line":208,"column":13},"end":{"line":208,"column":14}},"loc":{"start":{"line":208,"column":31},"end":{"line":210,"column":9}},"line":208},"18":{"name":"stringifyAttribute","decl":{"start":{"line":220,"column":9},"end":{"line":220,"column":27}},"loc":{"start":{"line":220,"column":50},"end":{"line":241,"column":1}},"line":220},"19":{"name":"(anonymous_19)","decl":{"start":{"line":232,"column":13},"end":{"line":232,"column":14}},"loc":{"start":{"line":232,"column":31},"end":{"line":234,"column":9}},"line":232},"20":{"name":"stringifyStartTag","decl":{"start":{"line":243,"column":9},"end":{"line":243,"column":26}},"loc":{"start":{"line":243,"column":36},"end":{"line":257,"column":1}},"line":243},"21":{"name":"(anonymous_21)","decl":{"start":{"line":251,"column":29},"end":{"line":251,"column":30}},"loc":{"start":{"line":251,"column":43},"end":{"line":253,"column":3}},"line":251},"22":{"name":"stringifyEndTag","decl":{"start":{"line":259,"column":9},"end":{"line":259,"column":24}},"loc":{"start":{"line":259,"column":34},"end":{"line":267,"column":1}},"line":259},"23":{"name":"(anonymous_23)","decl":{"start":{"line":271,"column":15},"end":{"line":271,"column":16}},"loc":{"start":{"line":271,"column":32},"end":{"line":1516,"column":3}},"line":271},"24":{"name":"bubbleError","decl":{"start":{"line":275,"column":13},"end":{"line":275,"column":24}},"loc":{"start":{"line":275,"column":31},"end":{"line":280,"column":5}},"line":275},"25":{"name":"(anonymous_25)","decl":{"start":{"line":276,"column":36},"end":{"line":276,"column":37}},"loc":{"start":{"line":276,"column":50},"end":{"line":279,"column":7}},"line":276},"26":{"name":"(anonymous_26)","decl":{"start":{"line":285,"column":16},"end":{"line":285,"column":17}},"loc":{"start":{"line":285,"column":30},"end":{"line":291,"column":7}},"line":285},"27":{"name":"(anonymous_27)","decl":{"start":{"line":292,"column":13},"end":{"line":292,"column":14}},"loc":{"start":{"line":292,"column":28},"end":{"line":294,"column":7}},"line":292},"28":{"name":"(anonymous_28)","decl":{"start":{"line":295,"column":15},"end":{"line":295,"column":16}},"loc":{"start":{"line":295,"column":48},"end":{"line":300,"column":7}},"line":295},"29":{"name":"(anonymous_29)","decl":{"start":{"line":306,"column":16},"end":{"line":306,"column":17}},"loc":{"start":{"line":306,"column":30},"end":{"line":308,"column":7}},"line":306},"30":{"name":"(anonymous_30)","decl":{"start":{"line":309,"column":13},"end":{"line":309,"column":14}},"loc":{"start":{"line":309,"column":28},"end":{"line":311,"column":7}},"line":309},"31":{"name":"(anonymous_31)","decl":{"start":{"line":312,"column":15},"end":{"line":312,"column":16}},"loc":{"start":{"line":312,"column":48},"end":{"line":314,"column":7}},"line":312},"32":{"name":"(anonymous_32)","decl":{"start":{"line":315,"column":12},"end":{"line":315,"column":13}},"loc":{"start":{"line":315,"column":69},"end":{"line":322,"column":7}},"line":315},"33":{"name":"(anonymous_33)","decl":{"start":{"line":329,"column":16},"end":{"line":329,"column":17}},"loc":{"start":{"line":329,"column":30},"end":{"line":333,"column":7}},"line":329},"34":{"name":"(anonymous_34)","decl":{"start":{"line":339,"column":16},"end":{"line":339,"column":17}},"loc":{"start":{"line":339,"column":30},"end":{"line":341,"column":7}},"line":339},"35":{"name":"(anonymous_35)","decl":{"start":{"line":342,"column":13},"end":{"line":342,"column":14}},"loc":{"start":{"line":342,"column":28},"end":{"line":344,"column":7}},"line":342},"36":{"name":"(anonymous_36)","decl":{"start":{"line":345,"column":15},"end":{"line":345,"column":16}},"loc":{"start":{"line":345,"column":48},"end":{"line":347,"column":7}},"line":345},"37":{"name":"(anonymous_37)","decl":{"start":{"line":348,"column":12},"end":{"line":348,"column":13}},"loc":{"start":{"line":348,"column":69},"end":{"line":352,"column":7}},"line":348},"38":{"name":"(anonymous_38)","decl":{"start":{"line":358,"column":14},"end":{"line":358,"column":15}},"loc":{"start":{"line":358,"column":31},"end":{"line":360,"column":7}},"line":358},"39":{"name":"(anonymous_39)","decl":{"start":{"line":361,"column":14},"end":{"line":361,"column":15}},"loc":{"start":{"line":361,"column":31},"end":{"line":363,"column":7}},"line":361},"40":{"name":"(anonymous_40)","decl":{"start":{"line":364,"column":15},"end":{"line":364,"column":16}},"loc":{"start":{"line":364,"column":30},"end":{"line":369,"column":7}},"line":364},"41":{"name":"(anonymous_41)","decl":{"start":{"line":370,"column":16},"end":{"line":370,"column":17}},"loc":{"start":{"line":370,"column":30},"end":{"line":380,"column":7}},"line":370},"42":{"name":"(anonymous_42)","decl":{"start":{"line":388,"column":14},"end":{"line":388,"column":15}},"loc":{"start":{"line":388,"column":31},"end":{"line":390,"column":7}},"line":388},"43":{"name":"(anonymous_43)","decl":{"start":{"line":391,"column":14},"end":{"line":391,"column":15}},"loc":{"start":{"line":391,"column":31},"end":{"line":393,"column":7}},"line":391},"44":{"name":"(anonymous_44)","decl":{"start":{"line":394,"column":17},"end":{"line":394,"column":18}},"loc":{"start":{"line":394,"column":34},"end":{"line":396,"column":7}},"line":394},"45":{"name":"(anonymous_45)","decl":{"start":{"line":397,"column":16},"end":{"line":397,"column":17}},"loc":{"start":{"line":397,"column":30},"end":{"line":399,"column":7}},"line":397},"46":{"name":"makeAttachedDOMNodeList","decl":{"start":{"line":402,"column":13},"end":{"line":402,"column":36}},"loc":{"start":{"line":402,"column":63},"end":{"line":410,"column":5}},"line":402},"47":{"name":"(anonymous_47)","decl":{"start":{"line":415,"column":16},"end":{"line":415,"column":17}},"loc":{"start":{"line":415,"column":30},"end":{"line":422,"column":7}},"line":415},"48":{"name":"(anonymous_48)","decl":{"start":{"line":423,"column":15},"end":{"line":423,"column":16}},"loc":{"start":{"line":423,"column":57},"end":{"line":425,"column":7}},"line":423},"49":{"name":"(anonymous_49)","decl":{"start":{"line":426,"column":13},"end":{"line":426,"column":14}},"loc":{"start":{"line":426,"column":28},"end":{"line":428,"column":7}},"line":426},"50":{"name":"(anonymous_50)","decl":{"start":{"line":429,"column":12},"end":{"line":429,"column":13}},"loc":{"start":{"line":429,"column":53},"end":{"line":436,"column":7}},"line":429},"51":{"name":"(anonymous_51)","decl":{"start":{"line":442,"column":16},"end":{"line":442,"column":17}},"loc":{"start":{"line":442,"column":30},"end":{"line":450,"column":7}},"line":442},"52":{"name":"(anonymous_52)","decl":{"start":{"line":451,"column":15},"end":{"line":451,"column":16}},"loc":{"start":{"line":451,"column":58},"end":{"line":456,"column":7}},"line":451},"53":{"name":"(anonymous_53)","decl":{"start":{"line":457,"column":12},"end":{"line":457,"column":13}},"loc":{"start":{"line":457,"column":69},"end":{"line":466,"column":7}},"line":457},"54":{"name":"(anonymous_54)","decl":{"start":{"line":472,"column":16},"end":{"line":472,"column":17}},"loc":{"start":{"line":472,"column":30},"end":{"line":474,"column":7}},"line":472},"55":{"name":"(anonymous_55)","decl":{"start":{"line":480,"column":16},"end":{"line":480,"column":17}},"loc":{"start":{"line":480,"column":30},"end":{"line":485,"column":7}},"line":480},"56":{"name":"(anonymous_56)","decl":{"start":{"line":486,"column":15},"end":{"line":486,"column":16}},"loc":{"start":{"line":486,"column":58},"end":{"line":492,"column":7}},"line":486},"57":{"name":"(anonymous_57)","decl":{"start":{"line":498,"column":16},"end":{"line":498,"column":17}},"loc":{"start":{"line":498,"column":30},"end":{"line":500,"column":7}},"line":498},"58":{"name":"(anonymous_58)","decl":{"start":{"line":501,"column":15},"end":{"line":501,"column":16}},"loc":{"start":{"line":501,"column":66},"end":{"line":506,"column":7}},"line":501},"59":{"name":"(anonymous_59)","decl":{"start":{"line":507,"column":12},"end":{"line":507,"column":13}},"loc":{"start":{"line":507,"column":69},"end":{"line":516,"column":7}},"line":507},"60":{"name":"(anonymous_60)","decl":{"start":{"line":522,"column":16},"end":{"line":522,"column":17}},"loc":{"start":{"line":522,"column":30},"end":{"line":530,"column":7}},"line":522},"61":{"name":"(anonymous_61)","decl":{"start":{"line":531,"column":13},"end":{"line":531,"column":14}},"loc":{"start":{"line":531,"column":35},"end":{"line":542,"column":7}},"line":531},"62":{"name":"(anonymous_62)","decl":{"start":{"line":543,"column":15},"end":{"line":543,"column":16}},"loc":{"start":{"line":543,"column":57},"end":{"line":603,"column":7}},"line":543},"63":{"name":"(anonymous_63)","decl":{"start":{"line":577,"column":55},"end":{"line":577,"column":56}},"loc":{"start":{"line":577,"column":67},"end":{"line":581,"column":13}},"line":577},"64":{"name":"(anonymous_64)","decl":{"start":{"line":586,"column":40},"end":{"line":586,"column":41}},"loc":{"start":{"line":586,"column":72},"end":{"line":591,"column":15}},"line":586},"65":{"name":"(anonymous_65)","decl":{"start":{"line":595,"column":40},"end":{"line":595,"column":41}},"loc":{"start":{"line":595,"column":72},"end":{"line":597,"column":15}},"line":595},"66":{"name":"(anonymous_66)","decl":{"start":{"line":605,"column":12},"end":{"line":605,"column":13}},"loc":{"start":{"line":605,"column":69},"end":{"line":713,"column":7}},"line":605},"67":{"name":"(anonymous_67)","decl":{"start":{"line":628,"column":31},"end":{"line":628,"column":32}},"loc":{"start":{"line":628,"column":42},"end":{"line":632,"column":15}},"line":628},"68":{"name":"(anonymous_68)","decl":{"start":{"line":638,"column":48},"end":{"line":638,"column":49}},"loc":{"start":{"line":638,"column":72},"end":{"line":675,"column":11}},"line":638},"69":{"name":"(anonymous_69)","decl":{"start":{"line":655,"column":35},"end":{"line":655,"column":36}},"loc":{"start":{"line":655,"column":46},"end":{"line":661,"column":19}},"line":655},"70":{"name":"(anonymous_70)","decl":{"start":{"line":669,"column":33},"end":{"line":669,"column":34}},"loc":{"start":{"line":669,"column":44},"end":{"line":671,"column":17}},"line":669},"71":{"name":"(anonymous_71)","decl":{"start":{"line":676,"column":50},"end":{"line":676,"column":51}},"loc":{"start":{"line":676,"column":74},"end":{"line":690,"column":11}},"line":676},"72":{"name":"(anonymous_72)","decl":{"start":{"line":679,"column":31},"end":{"line":679,"column":32}},"loc":{"start":{"line":679,"column":42},"end":{"line":687,"column":15}},"line":679},"73":{"name":"(anonymous_73)","decl":{"start":{"line":718,"column":6},"end":{"line":718,"column":7}},"loc":{"start":{"line":718,"column":39},"end":{"line":720,"column":7}},"line":718},"74":{"name":"(anonymous_74)","decl":{"start":{"line":725,"column":6},"end":{"line":725,"column":7}},"loc":{"start":{"line":725,"column":39},"end":{"line":737,"column":7}},"line":725},"75":{"name":"(anonymous_75)","decl":{"start":{"line":727,"column":17},"end":{"line":727,"column":18}},"loc":{"start":{"line":727,"column":37},"end":{"line":735,"column":11}},"line":727},"76":{"name":"(anonymous_76)","decl":{"start":{"line":732,"column":31},"end":{"line":732,"column":32}},"loc":{"start":{"line":732,"column":42},"end":{"line":734,"column":13}},"line":732},"77":{"name":"(anonymous_77)","decl":{"start":{"line":742,"column":6},"end":{"line":742,"column":7}},"loc":{"start":{"line":742,"column":39},"end":{"line":744,"column":7}},"line":742},"78":{"name":"(anonymous_78)","decl":{"start":{"line":749,"column":6},"end":{"line":749,"column":7}},"loc":{"start":{"line":749,"column":39},"end":{"line":751,"column":7}},"line":749},"79":{"name":"(anonymous_79)","decl":{"start":{"line":757,"column":6},"end":{"line":757,"column":7}},"loc":{"start":{"line":757,"column":39},"end":{"line":759,"column":7}},"line":757},"80":{"name":"(anonymous_80)","decl":{"start":{"line":766,"column":6},"end":{"line":766,"column":7}},"loc":{"start":{"line":766,"column":39},"end":{"line":766,"column":41}},"line":766},"81":{"name":"(anonymous_81)","decl":{"start":{"line":772,"column":6},"end":{"line":772,"column":7}},"loc":{"start":{"line":772,"column":39},"end":{"line":774,"column":7}},"line":772},"82":{"name":"(anonymous_82)","decl":{"start":{"line":779,"column":6},"end":{"line":779,"column":7}},"loc":{"start":{"line":779,"column":39},"end":{"line":781,"column":7}},"line":779},"83":{"name":"convertDOMNodeToSatisfySpec","decl":{"start":{"line":784,"column":13},"end":{"line":784,"column":40}},"loc":{"start":{"line":784,"column":55},"end":{"line":822,"column":5}},"line":784},"84":{"name":"(anonymous_84)","decl":{"start":{"line":803,"column":68},"end":{"line":803,"column":69}},"loc":{"start":{"line":805,"column":10},"end":{"line":807,"column":9}},"line":805},"85":{"name":"(anonymous_85)","decl":{"start":{"line":826,"column":6},"end":{"line":826,"column":7}},"loc":{"start":{"line":826,"column":39},"end":{"line":839,"column":7}},"line":826},"86":{"name":"(anonymous_86)","decl":{"start":{"line":828,"column":28},"end":{"line":828,"column":29}},"loc":{"start":{"line":828,"column":45},"end":{"line":830,"column":9}},"line":828},"87":{"name":"(anonymous_87)","decl":{"start":{"line":844,"column":6},"end":{"line":844,"column":7}},"loc":{"start":{"line":844,"column":39},"end":{"line":851,"column":7}},"line":844},"88":{"name":"(anonymous_88)","decl":{"start":{"line":856,"column":6},"end":{"line":856,"column":7}},"loc":{"start":{"line":856,"column":39},"end":{"line":868,"column":7}},"line":856},"89":{"name":"(anonymous_89)","decl":{"start":{"line":858,"column":28},"end":{"line":858,"column":29}},"loc":{"start":{"line":858,"column":45},"end":{"line":860,"column":9}},"line":858},"90":{"name":"(anonymous_90)","decl":{"start":{"line":873,"column":6},"end":{"line":873,"column":7}},"loc":{"start":{"line":873,"column":39},"end":{"line":882,"column":7}},"line":873},"91":{"name":"(anonymous_91)","decl":{"start":{"line":878,"column":53},"end":{"line":878,"column":54}},"loc":{"start":{"line":878,"column":73},"end":{"line":880,"column":11}},"line":878},"92":{"name":"(anonymous_92)","decl":{"start":{"line":887,"column":6},"end":{"line":887,"column":7}},"loc":{"start":{"line":887,"column":39},"end":{"line":889,"column":7}},"line":887},"93":{"name":"(anonymous_93)","decl":{"start":{"line":894,"column":6},"end":{"line":894,"column":7}},"loc":{"start":{"line":894,"column":39},"end":{"line":912,"column":7}},"line":894},"94":{"name":"(anonymous_94)","decl":{"start":{"line":904,"column":28},"end":{"line":904,"column":29}},"loc":{"start":{"line":904,"column":45},"end":{"line":906,"column":9}},"line":904},"95":{"name":"(anonymous_95)","decl":{"start":{"line":917,"column":6},"end":{"line":917,"column":7}},"loc":{"start":{"line":917,"column":39},"end":{"line":931,"column":7}},"line":917},"96":{"name":"(anonymous_96)","decl":{"start":{"line":925,"column":61},"end":{"line":925,"column":62}},"loc":{"start":{"line":927,"column":12},"end":{"line":929,"column":11}},"line":927},"97":{"name":"(anonymous_97)","decl":{"start":{"line":936,"column":6},"end":{"line":936,"column":7}},"loc":{"start":{"line":936,"column":39},"end":{"line":945,"column":7}},"line":936},"98":{"name":"(anonymous_98)","decl":{"start":{"line":941,"column":53},"end":{"line":941,"column":54}},"loc":{"start":{"line":941,"column":73},"end":{"line":943,"column":11}},"line":941},"99":{"name":"(anonymous_99)","decl":{"start":{"line":950,"column":6},"end":{"line":950,"column":7}},"loc":{"start":{"line":950,"column":39},"end":{"line":956,"column":7}},"line":950},"100":{"name":"(anonymous_100)","decl":{"start":{"line":961,"column":6},"end":{"line":961,"column":7}},"loc":{"start":{"line":961,"column":39},"end":{"line":963,"column":7}},"line":961},"101":{"name":"(anonymous_101)","decl":{"start":{"line":968,"column":6},"end":{"line":968,"column":7}},"loc":{"start":{"line":968,"column":39},"end":{"line":970,"column":7}},"line":968},"102":{"name":"(anonymous_102)","decl":{"start":{"line":975,"column":6},"end":{"line":975,"column":7}},"loc":{"start":{"line":975,"column":39},"end":{"line":977,"column":7}},"line":975},"103":{"name":"(anonymous_103)","decl":{"start":{"line":982,"column":6},"end":{"line":982,"column":7}},"loc":{"start":{"line":982,"column":39},"end":{"line":1362,"column":7}},"line":982},"104":{"name":"(anonymous_104)","decl":{"start":{"line":984,"column":59},"end":{"line":984,"column":60}},"loc":{"start":{"line":984,"column":73},"end":{"line":992,"column":9}},"line":984},"105":{"name":"(anonymous_105)","decl":{"start":{"line":1003,"column":31},"end":{"line":1003,"column":32}},"loc":{"start":{"line":1003,"column":42},"end":{"line":1013,"column":11}},"line":1003},"106":{"name":"(anonymous_106)","decl":{"start":{"line":1005,"column":33},"end":{"line":1005,"column":34}},"loc":{"start":{"line":1005,"column":44},"end":{"line":1011,"column":15}},"line":1005},"107":{"name":"(anonymous_107)","decl":{"start":{"line":1014,"column":35},"end":{"line":1014,"column":36}},"loc":{"start":{"line":1014,"column":46},"end":{"line":1040,"column":11}},"line":1014},"108":{"name":"(anonymous_108)","decl":{"start":{"line":1021,"column":33},"end":{"line":1021,"column":34}},"loc":{"start":{"line":1021,"column":44},"end":{"line":1030,"column":15}},"line":1021},"109":{"name":"(anonymous_109)","decl":{"start":{"line":1032,"column":33},"end":{"line":1032,"column":34}},"loc":{"start":{"line":1032,"column":44},"end":{"line":1038,"column":15}},"line":1032},"110":{"name":"(anonymous_110)","decl":{"start":{"line":1056,"column":39},"end":{"line":1056,"column":40}},"loc":{"start":{"line":1056,"column":63},"end":{"line":1058,"column":13}},"line":1056},"111":{"name":"(anonymous_111)","decl":{"start":{"line":1065,"column":60},"end":{"line":1065,"column":61}},"loc":{"start":{"line":1067,"column":12},"end":{"line":1069,"column":11}},"line":1067},"112":{"name":"(anonymous_112)","decl":{"start":{"line":1071,"column":41},"end":{"line":1071,"column":42}},"loc":{"start":{"line":1071,"column":65},"end":{"line":1174,"column":11}},"line":1071},"113":{"name":"(anonymous_113)","decl":{"start":{"line":1075,"column":68},"end":{"line":1075,"column":69}},"loc":{"start":{"line":1075,"column":79},"end":{"line":1173,"column":13}},"line":1075},"114":{"name":"(anonymous_114)","decl":{"start":{"line":1077,"column":35},"end":{"line":1077,"column":36}},"loc":{"start":{"line":1077,"column":46},"end":{"line":1079,"column":17}},"line":1077},"115":{"name":"(anonymous_115)","decl":{"start":{"line":1085,"column":35},"end":{"line":1085,"column":36}},"loc":{"start":{"line":1085,"column":46},"end":{"line":1100,"column":17}},"line":1085},"116":{"name":"(anonymous_116)","decl":{"start":{"line":1087,"column":32},"end":{"line":1087,"column":33}},"loc":{"start":{"line":1087,"column":49},"end":{"line":1096,"column":21}},"line":1087},"117":{"name":"(anonymous_117)","decl":{"start":{"line":1102,"column":35},"end":{"line":1102,"column":36}},"loc":{"start":{"line":1102,"column":46},"end":{"line":1104,"column":17}},"line":1102},"118":{"name":"(anonymous_118)","decl":{"start":{"line":1120,"column":37},"end":{"line":1120,"column":38}},"loc":{"start":{"line":1120,"column":48},"end":{"line":1126,"column":19}},"line":1120},"119":{"name":"(anonymous_119)","decl":{"start":{"line":1129,"column":39},"end":{"line":1129,"column":40}},"loc":{"start":{"line":1129,"column":50},"end":{"line":1131,"column":21}},"line":1129},"120":{"name":"(anonymous_120)","decl":{"start":{"line":1133,"column":37},"end":{"line":1133,"column":38}},"loc":{"start":{"line":1133,"column":48},"end":{"line":1138,"column":19}},"line":1133},"121":{"name":"(anonymous_121)","decl":{"start":{"line":1152,"column":37},"end":{"line":1152,"column":38}},"loc":{"start":{"line":1152,"column":48},"end":{"line":1158,"column":19}},"line":1152},"122":{"name":"(anonymous_122)","decl":{"start":{"line":1160,"column":37},"end":{"line":1160,"column":38}},"loc":{"start":{"line":1160,"column":48},"end":{"line":1162,"column":19}},"line":1160},"123":{"name":"(anonymous_123)","decl":{"start":{"line":1165,"column":35},"end":{"line":1165,"column":36}},"loc":{"start":{"line":1165,"column":46},"end":{"line":1171,"column":17}},"line":1165},"124":{"name":"(anonymous_124)","decl":{"start":{"line":1176,"column":58},"end":{"line":1176,"column":59}},"loc":{"start":{"line":1176,"column":69},"end":{"line":1196,"column":11}},"line":1176},"125":{"name":"(anonymous_125)","decl":{"start":{"line":1178,"column":43},"end":{"line":1178,"column":44}},"loc":{"start":{"line":1178,"column":67},"end":{"line":1188,"column":13}},"line":1178},"126":{"name":"(anonymous_126)","decl":{"start":{"line":1199,"column":55},"end":{"line":1199,"column":56}},"loc":{"start":{"line":1199,"column":66},"end":{"line":1361,"column":9}},"line":1199},"127":{"name":"(anonymous_127)","decl":{"start":{"line":1200,"column":58},"end":{"line":1200,"column":59}},"loc":{"start":{"line":1200,"column":69},"end":{"line":1360,"column":11}},"line":1200},"128":{"name":"(anonymous_128)","decl":{"start":{"line":1202,"column":20},"end":{"line":1202,"column":21}},"loc":{"start":{"line":1202,"column":59},"end":{"line":1358,"column":15}},"line":1202},"129":{"name":"(anonymous_129)","decl":{"start":{"line":1203,"column":29},"end":{"line":1203,"column":30}},"loc":{"start":{"line":1203,"column":40},"end":{"line":1355,"column":17}},"line":1203},"130":{"name":"(anonymous_130)","decl":{"start":{"line":1214,"column":48},"end":{"line":1214,"column":49}},"loc":{"start":{"line":1214,"column":59},"end":{"line":1220,"column":21}},"line":1214},"131":{"name":"(anonymous_131)","decl":{"start":{"line":1223,"column":45},"end":{"line":1223,"column":46}},"loc":{"start":{"line":1223,"column":69},"end":{"line":1254,"column":19}},"line":1223},"132":{"name":"(anonymous_132)","decl":{"start":{"line":1240,"column":59},"end":{"line":1240,"column":60}},"loc":{"start":{"line":1240,"column":70},"end":{"line":1251,"column":23}},"line":1240},"133":{"name":"(anonymous_133)","decl":{"start":{"line":1255,"column":49},"end":{"line":1255,"column":50}},"loc":{"start":{"line":1255,"column":73},"end":{"line":1286,"column":19}},"line":1255},"134":{"name":"(anonymous_134)","decl":{"start":{"line":1263,"column":43},"end":{"line":1263,"column":44}},"loc":{"start":{"line":1263,"column":54},"end":{"line":1282,"column":27}},"line":1263},"135":{"name":"(anonymous_135)","decl":{"start":{"line":1293,"column":31},"end":{"line":1293,"column":32}},"loc":{"start":{"line":1293,"column":48},"end":{"line":1300,"column":25}},"line":1293},"136":{"name":"(anonymous_136)","decl":{"start":{"line":1294,"column":54},"end":{"line":1294,"column":55}},"loc":{"start":{"line":1294,"column":72},"end":{"line":1299,"column":27}},"line":1294},"137":{"name":"(anonymous_137)","decl":{"start":{"line":1305,"column":50},"end":{"line":1305,"column":51}},"loc":{"start":{"line":1305,"column":68},"end":{"line":1310,"column":23}},"line":1305},"138":{"name":"(anonymous_138)","decl":{"start":{"line":1335,"column":31},"end":{"line":1335,"column":32}},"loc":{"start":{"line":1335,"column":42},"end":{"line":1343,"column":25}},"line":1335},"139":{"name":"(anonymous_139)","decl":{"start":{"line":1344,"column":50},"end":{"line":1344,"column":51}},"loc":{"start":{"line":1344,"column":61},"end":{"line":1346,"column":23}},"line":1344},"140":{"name":"(anonymous_140)","decl":{"start":{"line":1367,"column":6},"end":{"line":1367,"column":7}},"loc":{"start":{"line":1367,"column":39},"end":{"line":1373,"column":7}},"line":1367},"141":{"name":"(anonymous_141)","decl":{"start":{"line":1378,"column":6},"end":{"line":1378,"column":7}},"loc":{"start":{"line":1378,"column":39},"end":{"line":1386,"column":7}},"line":1378},"142":{"name":"(anonymous_142)","decl":{"start":{"line":1381,"column":22},"end":{"line":1381,"column":23}},"loc":{"start":{"line":1381,"column":37},"end":{"line":1383,"column":9}},"line":1381},"143":{"name":"(anonymous_143)","decl":{"start":{"line":1391,"column":6},"end":{"line":1391,"column":7}},"loc":{"start":{"line":1391,"column":39},"end":{"line":1397,"column":7}},"line":1391},"144":{"name":"(anonymous_144)","decl":{"start":{"line":1402,"column":6},"end":{"line":1402,"column":7}},"loc":{"start":{"line":1402,"column":39},"end":{"line":1407,"column":7}},"line":1402},"145":{"name":"(anonymous_145)","decl":{"start":{"line":1412,"column":6},"end":{"line":1412,"column":7}},"loc":{"start":{"line":1412,"column":32},"end":{"line":1418,"column":7}},"line":1412},"146":{"name":"(anonymous_146)","decl":{"start":{"line":1421,"column":62},"end":{"line":1421,"column":63}},"loc":{"start":{"line":1425,"column":6},"end":{"line":1427,"column":5}},"line":1425},"147":{"name":"(anonymous_147)","decl":{"start":{"line":1431,"column":6},"end":{"line":1431,"column":7}},"loc":{"start":{"line":1431,"column":39},"end":{"line":1472,"column":7}},"line":1431},"148":{"name":"(anonymous_148)","decl":{"start":{"line":1434,"column":31},"end":{"line":1434,"column":32}},"loc":{"start":{"line":1434,"column":48},"end":{"line":1436,"column":9}},"line":1434},"149":{"name":"(anonymous_149)","decl":{"start":{"line":1443,"column":35},"end":{"line":1443,"column":36}},"loc":{"start":{"line":1443,"column":52},"end":{"line":1445,"column":13}},"line":1443},"150":{"name":"(anonymous_150)","decl":{"start":{"line":1446,"column":24},"end":{"line":1446,"column":25}},"loc":{"start":{"line":1446,"column":41},"end":{"line":1453,"column":13}},"line":1446},"151":{"name":"(anonymous_151)","decl":{"start":{"line":1458,"column":35},"end":{"line":1458,"column":36}},"loc":{"start":{"line":1458,"column":52},"end":{"line":1460,"column":13}},"line":1458},"152":{"name":"(anonymous_152)","decl":{"start":{"line":1461,"column":24},"end":{"line":1461,"column":25}},"loc":{"start":{"line":1461,"column":41},"end":{"line":1468,"column":13}},"line":1461},"153":{"name":"(anonymous_153)","decl":{"start":{"line":1477,"column":6},"end":{"line":1477,"column":7}},"loc":{"start":{"line":1477,"column":39},"end":{"line":1486,"column":7}},"line":1477},"154":{"name":"(anonymous_154)","decl":{"start":{"line":1482,"column":31},"end":{"line":1482,"column":32}},"loc":{"start":{"line":1482,"column":48},"end":{"line":1484,"column":9}},"line":1482},"155":{"name":"(anonymous_155)","decl":{"start":{"line":1491,"column":6},"end":{"line":1491,"column":7}},"loc":{"start":{"line":1491,"column":39},"end":{"line":1496,"column":7}},"line":1491},"156":{"name":"(anonymous_156)","decl":{"start":{"line":1492,"column":31},"end":{"line":1492,"column":32}},"loc":{"start":{"line":1492,"column":48},"end":{"line":1494,"column":9}},"line":1492},"157":{"name":"(anonymous_157)","decl":{"start":{"line":1501,"column":6},"end":{"line":1501,"column":7}},"loc":{"start":{"line":1501,"column":32},"end":{"line":1506,"column":7}},"line":1501},"158":{"name":"(anonymous_158)","decl":{"start":{"line":1511,"column":6},"end":{"line":1511,"column":7}},"loc":{"start":{"line":1511,"column":32},"end":{"line":1514,"column":7}},"line":1511}},"branchMap":{"0":{"loc":{"start":{"line":5,"column":2},"end":{"line":7,"column":3}},"type":"if","locations":[{"start":{"line":5,"column":2},"end":{"line":7,"column":3}},{"start":{"line":5,"column":2},"end":{"line":7,"column":3}}],"line":5},"1":{"loc":{"start":{"line":9,"column":2},"end":{"line":38,"column":3}},"type":"if","locations":[{"start":{"line":9,"column":2},"end":{"line":38,"column":3}},{"start":{"line":9,"column":2},"end":{"line":38,"column":3}}],"line":9},"2":{"loc":{"start":{"line":11,"column":9},"end":{"line":38,"column":3}},"type":"if","locations":[{"start":{"line":11,"column":9},"end":{"line":38,"column":3}},{"start":{"line":11,"column":9},"end":{"line":38,"column":3}}],"line":11},"3":{"loc":{"start":{"line":12,"column":4},"end":{"line":14,"column":46}},"type":"binary-expr","locations":[{"start":{"line":12,"column":4},"end":{"line":12,"column":35}},{"start":{"line":13,"column":4},"end":{"line":13,"column":27}},{"start":{"line":14,"column":4},"end":{"line":14,"column":46}}],"line":12},"4":{"loc":{"start":{"line":27,"column":11},"end":{"line":29,"column":16}},"type":"cond-expr","locations":[{"start":{"line":28,"column":14},"end":{"line":28,"column":55}},{"start":{"line":29,"column":14},"end":{"line":29,"column":16}}],"line":27},"5":{"loc":{"start":{"line":33,"column":4},"end":{"line":37,"column":5}},"type":"if","locations":[{"start":{"line":33,"column":4},"end":{"line":37,"column":5}},{"start":{"line":33,"column":4},"end":{"line":37,"column":5}}],"line":33},"6":{"loc":{"start":{"line":39,"column":2},"end":{"line":50,"column":3}},"type":"if","locations":[{"start":{"line":39,"column":2},"end":{"line":50,"column":3}},{"start":{"line":39,"column":2},"end":{"line":50,"column":3}}],"line":39},"7":{"loc":{"start":{"line":42,"column":4},"end":{"line":46,"column":5}},"type":"if","locations":[{"start":{"line":42,"column":4},"end":{"line":46,"column":5}},{"start":{"line":42,"column":4},"end":{"line":46,"column":5}}],"line":42},"8":{"loc":{"start":{"line":54,"column":2},"end":{"line":74,"column":3}},"type":"if","locations":[{"start":{"line":54,"column":2},"end":{"line":74,"column":3}},{"start":{"line":54,"column":2},"end":{"line":74,"column":3}}],"line":54},"9":{"loc":{"start":{"line":63,"column":11},"end":{"line":65,"column":16}},"type":"cond-expr","locations":[{"start":{"line":64,"column":14},"end":{"line":64,"column":55}},{"start":{"line":65,"column":14},"end":{"line":65,"column":16}}],"line":63},"10":{"loc":{"start":{"line":69,"column":4},"end":{"line":73,"column":5}},"type":"if","locations":[{"start":{"line":69,"column":4},"end":{"line":73,"column":5}},{"start":{"line":69,"column":4},"end":{"line":73,"column":5}}],"line":69},"11":{"loc":{"start":{"line":97,"column":2},"end":{"line":103,"column":3}},"type":"if","locations":[{"start":{"line":97,"column":2},"end":{"line":103,"column":3}},{"start":{"line":97,"column":2},"end":{"line":103,"column":3}}],"line":97},"12":{"loc":{"start":{"line":115,"column":4},"end":{"line":117,"column":5}},"type":"if","locations":[{"start":{"line":115,"column":4},"end":{"line":117,"column":5}},{"start":{"line":115,"column":4},"end":{"line":117,"column":5}}],"line":115},"13":{"loc":{"start":{"line":115,"column":8},"end":{"line":115,"column":28}},"type":"binary-expr","locations":[{"start":{"line":115,"column":8},"end":{"line":115,"column":16}},{"start":{"line":115,"column":20},"end":{"line":115,"column":28}}],"line":115},"14":{"loc":{"start":{"line":124,"column":2},"end":{"line":126,"column":3}},"type":"if","locations":[{"start":{"line":124,"column":2},"end":{"line":126,"column":3}},{"start":{"line":124,"column":2},"end":{"line":126,"column":3}}],"line":124},"15":{"loc":{"start":{"line":128,"column":2},"end":{"line":130,"column":3}},"type":"if","locations":[{"start":{"line":128,"column":2},"end":{"line":130,"column":3}},{"start":{"line":128,"column":2},"end":{"line":130,"column":3}}],"line":128},"16":{"loc":{"start":{"line":133,"column":2},"end":{"line":135,"column":3}},"type":"if","locations":[{"start":{"line":133,"column":2},"end":{"line":135,"column":3}},{"start":{"line":133,"column":2},"end":{"line":135,"column":3}}],"line":133},"17":{"loc":{"start":{"line":133,"column":6},"end":{"line":133,"column":53}},"type":"binary-expr","locations":[{"start":{"line":133,"column":6},"end":{"line":133,"column":29}},{"start":{"line":133,"column":33},"end":{"line":133,"column":53}}],"line":133},"18":{"loc":{"start":{"line":141,"column":2},"end":{"line":145,"column":3}},"type":"if","locations":[{"start":{"line":141,"column":2},"end":{"line":145,"column":3}},{"start":{"line":141,"column":2},"end":{"line":145,"column":3}}],"line":141},"19":{"loc":{"start":{"line":141,"column":6},"end":{"line":141,"column":72}},"type":"binary-expr","locations":[{"start":{"line":141,"column":6},"end":{"line":141,"column":25}},{"start":{"line":141,"column":29},"end":{"line":141,"column":49}},{"start":{"line":141,"column":53},"end":{"line":141,"column":72}}],"line":141},"20":{"loc":{"start":{"line":146,"column":2},"end":{"line":150,"column":3}},"type":"if","locations":[{"start":{"line":146,"column":2},"end":{"line":150,"column":3}},{"start":{"line":146,"column":2},"end":{"line":150,"column":3}}],"line":146},"21":{"loc":{"start":{"line":159,"column":4},"end":{"line":169,"column":5}},"type":"if","locations":[{"start":{"line":159,"column":4},"end":{"line":169,"column":5}},{"start":{"line":159,"column":4},"end":{"line":169,"column":5}}],"line":159},"22":{"loc":{"start":{"line":161,"column":8},"end":{"line":161,"column":59}},"type":"binary-expr","locations":[{"start":{"line":161,"column":9},"end":{"line":161,"column":23}},{"start":{"line":161,"column":27},"end":{"line":161,"column":52}},{"start":{"line":161,"column":57},"end":{"line":161,"column":59}}],"line":161},"23":{"loc":{"start":{"line":162,"column":11},"end":{"line":169,"column":5}},"type":"if","locations":[{"start":{"line":162,"column":11},"end":{"line":169,"column":5}},{"start":{"line":162,"column":11},"end":{"line":169,"column":5}}],"line":162},"24":{"loc":{"start":{"line":166,"column":8},"end":{"line":168,"column":32}},"type":"cond-expr","locations":[{"start":{"line":167,"column":12},"end":{"line":167,"column":16}},{"start":{"line":168,"column":12},"end":{"line":168,"column":32}}],"line":166},"25":{"loc":{"start":{"line":166,"column":8},"end":{"line":166,"column":51}},"type":"binary-expr","locations":[{"start":{"line":166,"column":8},"end":{"line":166,"column":14}},{"start":{"line":166,"column":18},"end":{"line":166,"column":51}}],"line":166},"26":{"loc":{"start":{"line":168,"column":12},"end":{"line":168,"column":32}},"type":"binary-expr","locations":[{"start":{"line":168,"column":12},"end":{"line":168,"column":26}},{"start":{"line":168,"column":30},"end":{"line":168,"column":32}}],"line":168},"27":{"loc":{"start":{"line":203,"column":2},"end":{"line":217,"column":3}},"type":"if","locations":[{"start":{"line":203,"column":2},"end":{"line":217,"column":3}},{"start":{"line":203,"column":2},"end":{"line":217,"column":3}}],"line":203},"28":{"loc":{"start":{"line":203,"column":6},"end":{"line":203,"column":51}},"type":"binary-expr","locations":[{"start":{"line":203,"column":6},"end":{"line":203,"column":13}},{"start":{"line":203,"column":17},"end":{"line":203,"column":51}}],"line":203},"29":{"loc":{"start":{"line":204,"column":4},"end":{"line":212,"column":5}},"type":"if","locations":[{"start":{"line":204,"column":4},"end":{"line":212,"column":5}},{"start":{"line":204,"column":4},"end":{"line":212,"column":5}}],"line":204},"30":{"loc":{"start":{"line":206,"column":11},"end":{"line":212,"column":5}},"type":"if","locations":[{"start":{"line":206,"column":11},"end":{"line":212,"column":5}},{"start":{"line":206,"column":11},"end":{"line":212,"column":5}}],"line":206},"31":{"loc":{"start":{"line":221,"column":2},"end":{"line":240,"column":3}},"type":"if","locations":[{"start":{"line":221,"column":2},"end":{"line":240,"column":3}},{"start":{"line":221,"column":2},"end":{"line":240,"column":3}}],"line":221},"32":{"loc":{"start":{"line":222,"column":4},"end":{"line":223,"column":40}},"type":"binary-expr","locations":[{"start":{"line":222,"column":4},"end":{"line":222,"column":37}},{"start":{"line":223,"column":4},"end":{"line":223,"column":40}}],"line":222},"33":{"loc":{"start":{"line":226,"column":9},"end":{"line":240,"column":3}},"type":"if","locations":[{"start":{"line":226,"column":9},"end":{"line":240,"column":3}},{"start":{"line":226,"column":9},"end":{"line":240,"column":3}}],"line":226},"34":{"loc":{"start":{"line":228,"column":9},"end":{"line":240,"column":3}},"type":"if","locations":[{"start":{"line":228,"column":9},"end":{"line":240,"column":3}},{"start":{"line":228,"column":9},"end":{"line":240,"column":3}}],"line":228},"35":{"loc":{"start":{"line":245,"column":4},"end":{"line":247,"column":24}},"type":"cond-expr","locations":[{"start":{"line":246,"column":8},"end":{"line":246,"column":38}},{"start":{"line":247,"column":8},"end":{"line":247,"column":24}}],"line":245},"36":{"loc":{"start":{"line":261,"column":20},"end":{"line":261,"column":78}},"type":"cond-expr","locations":[{"start":{"line":261,"column":29},"end":{"line":261,"column":59}},{"start":{"line":261,"column":62},"end":{"line":261,"column":78}}],"line":261},"37":{"loc":{"start":{"line":262,"column":2},"end":{"line":266,"column":3}},"type":"if","locations":[{"start":{"line":262,"column":2},"end":{"line":266,"column":3}},{"start":{"line":262,"column":2},"end":{"line":266,"column":3}}],"line":262},"38":{"loc":{"start":{"line":262,"column":6},"end":{"line":262,"column":77}},"type":"binary-expr","locations":[{"start":{"line":262,"column":6},"end":{"line":262,"column":12}},{"start":{"line":262,"column":16},"end":{"line":262,"column":42}},{"start":{"line":262,"column":46},"end":{"line":262,"column":77}}],"line":262},"39":{"loc":{"start":{"line":287,"column":10},"end":{"line":289,"column":67}},"type":"binary-expr","l
[...]
:1114,"column":16},"end":{"line":1118,"column":17}}],"line":1114},"114":{"loc":{"start":{"line":1119,"column":16},"end":{"line":1139,"column":17}},"type":"if","locations":[{"start":{"line":1119,"column":16},"end":{"line":1139,"column":17}},{"start":{"line":1119,"column":16},"end":{"line":1139,"column":17}}],"line":1119},"115":{"loc":{"start":{"line":1128,"column":18},"end":{"line":1132,"column":19}},"type":"if","locations":[{"start":{"line":1128,"column":18},"end":{"line":1132,"column":19}},{"start":{"line":1128,"column":18},"end":{"line":1132,"column":19}}],"line":1128},"116":{"loc":{"start":{"line":1140,"column":21},"end":{"line":1172,"column":15}},"type":"if","locations":[{"start":{"line":1140,"column":21},"end":{"line":1172,"column":15}},{"start":{"line":1140,"column":21},"end":{"line":1172,"column":15}}],"line":1140},"117":{"loc":{"start":{"line":1142,"column":16},"end":{"line":1149,"column":17}},"type":"if","locations":[{"start":{"line":1142,"column":16},"end":{"line":1149,"column":17}},{"start":{"line":1142,"column":16},"end":{"line":1149,"column":17}}],"line":1142},"118":{"loc":{"start":{"line":1151,"column":16},"end":{"line":1163,"column":17}},"type":"if","locations":[{"start":{"line":1151,"column":16},"end":{"line":1163,"column":17}},{"start":{"line":1151,"column":16},"end":{"line":1163,"column":17}}],"line":1151},"119":{"loc":{"start":{"line":1179,"column":14},"end":{"line":1187,"column":15}},"type":"if","locations":[{"start":{"line":1179,"column":14},"end":{"line":1187,"column":15}},{"start":{"line":1179,"column":14},"end":{"line":1187,"column":15}}],"line":1179},"120":{"loc":{"start":{"line":1189,"column":12},"end":{"line":1195,"column":13}},"type":"if","locations":[{"start":{"line":1189,"column":12},"end":{"line":1195,"column":13}},{"start":{"line":1189,"column":12},"end":{"line":1195,"column":13}}],"line":1189},"121":{"loc":{"start":{"line":1209,"column":22},"end":{"line":1209,"column":80}},"type":"cond-expr","locations":[{"start":{"line":1209,"column":31},"end":{"line":1209,"column":61}},{"start":{"line":1209,"column":64},"end":{"line":1209,"column":80}}],"line":1209},"122":{"loc":{"start":{"line":1211,"column":18},"end":{"line":1221,"column":19}},"type":"if","locations":[{"start":{"line":1211,"column":18},"end":{"line":1221,"column":19}},{"start":{"line":1211,"column":18},"end":{"line":1221,"column":19}}],"line":1211},"123":{"loc":{"start":{"line":1216,"column":24},"end":{"line":1216,"column":79}},"type":"binary-expr","locations":[{"start":{"line":1216,"column":25},"end":{"line":1216,"column":34}},{"start":{"line":1216,"column":38},"end":{"line":1216,"column":58}},{"start":{"line":1216,"column":63},"end":{"line":1216,"column":79}}],"line":1216},"124":{"loc":{"start":{"line":1232,"column":20},"end":{"line":1252,"column":21}},"type":"if","locations":[{"start":{"line":1232,"column":20},"end":{"line":1252,"column":21}},{"start":{"line":1232,"column":20},"end":{"line":1252,"column":21}}],"line":1232},"125":{"loc":{"start":{"line":1233,"column":22},"end":{"line":1236,"column":80}},"type":"binary-expr","locations":[{"start":{"line":1233,"column":23},"end":{"line":1233,"column":30}},{"start":{"line":1233,"column":34},"end":{"line":1233,"column":55}},{"start":{"line":1234,"column":23},"end":{"line":1234,"column":31}},{"start":{"line":1235,"column":25},"end":{"line":1235,"column":40}},{"start":{"line":1236,"column":26},"end":{"line":1236,"column":78}}],"line":1233},"126":{"loc":{"start":{"line":1241,"column":24},"end":{"line":1250,"column":25}},"type":"if","locations":[{"start":{"line":1241,"column":24},"end":{"line":1250,"column":25}},{"start":{"line":1241,"column":24},"end":{"line":1250,"column":25}}],"line":1241},"127":{"loc":{"start":{"line":1242,"column":26},"end":{"line":1244,"column":39}},"type":"binary-expr","locations":[{"start":{"line":1242,"column":26},"end":{"line":1242,"column":33}},{"start":{"line":1243,"column":26},"end":{"line":1244,"column":39}}],"line":1242},"128":{"loc":{"start":{"line":1256,"column":20},"end":{"line":1285,"column":21}},"type":"if","locations":[{"start":{"line":1256,"column":20},"end":{"line":1285,"column":21}},{"start":{"line":1256,"column":20},"end":{"line":1285,"column":21}}],"line":1256},"129":{"loc":{"start":{"line":1258,"column":22},"end":{"line":1284,"column":23}},"type":"if","locations":[{"start":{"line":1258,"column":22},"end":{"line":1284,"column":23}},{"start":{"line":1258,"column":22},"end":{"line":1284,"column":23}}],"line":1258},"130":{"loc":{"start":{"line":1258,"column":26},"end":{"line":1258,"column":58}},"type":"binary-expr","locations":[{"start":{"line":1258,"column":26},"end":{"line":1258,"column":34}},{"start":{"line":1258,"column":38},"end":{"line":1258,"column":58}}],"line":1258},"131":{"loc":{"start":{"line":1260,"column":34},"end":{"line":1260,"column":61}},"type":"binary-expr","locations":[{"start":{"line":1260,"column":34},"end":{"line":1260,"column":41}},{"start":{"line":1260,"column":45},"end":{"line":1260,"column":61}}],"line":1260},"132":{"loc":{"start":{"line":1267,"column":28},"end":{"line":1281,"column":29}},"type":"if","locations":[{"start":{"line":1267,"column":28},"end":{"line":1281,"column":29}},{"start":{"line":1267,"column":28},"end":{"line":1281,"column":29}}],"line":1267},"133":{"loc":{"start":{"line":1273,"column":34},"end":{"line":1273,"column":77}},"type":"binary-expr","locations":[{"start":{"line":1273,"column":35},"end":{"line":1273,"column":38}},{"start":{"line":1273,"column":42},"end":{"line":1273,"column":56}},{"start":{"line":1273,"column":61},"end":{"line":1273,"column":77}}],"line":1273},"134":{"loc":{"start":{"line":1287,"column":18},"end":{"line":1315,"column":19}},"type":"if","locations":[{"start":{"line":1287,"column":18},"end":{"line":1315,"column":19}},{"start":{"line":1287,"column":18},"end":{"line":1315,"column":19}}],"line":1287},"135":{"loc":{"start":{"line":1288,"column":20},"end":{"line":1311,"column":21}},"type":"if","locations":[{"start":{"line":1288,"column":20},"end":{"line":1311,"column":21}},{"start":{"line":1288,"column":20},"end":{"line":1311,"column":21}}],"line":1288},"136":{"loc":{"start":{"line":1295,"column":28},"end":{"line":1297,"column":29}},"type":"if","locations":[{"start":{"line":1295,"column":28},"end":{"line":1297,"column":29}},{"start":{"line":1295,"column":28},"end":{"line":1297,"column":29}}],"line":1295},"137":{"loc":{"start":{"line":1306,"column":24},"end":{"line":1308,"column":25}},"type":"if","locations":[{"start":{"line":1306,"column":24},"end":{"line":1308,"column":25}},{"start":{"line":1306,"column":24},"end":{"line":1308,"column":25}}],"line":1306},"138":{"loc":{"start":{"line":1312,"column":25},"end":{"line":1315,"column":19}},"type":"if","locations":[{"start":{"line":1312,"column":25},"end":{"line":1315,"column":19}},{"start":{"line":1312,"column":25},"end":{"line":1315,"column":19}}],"line":1312},"139":{"loc":{"start":{"line":1319,"column":20},"end":{"line":1320,"column":50}},"type":"binary-expr","locations":[{"start":{"line":1319,"column":20},"end":{"line":1319,"column":54}},{"start":{"line":1320,"column":20},"end":{"line":1320,"column":50}}],"line":1319},"140":{"loc":{"start":{"line":1321,"column":18},"end":{"line":1353,"column":19}},"type":"if","locations":[{"start":{"line":1321,"column":18},"end":{"line":1353,"column":19}},{"start":{"line":1321,"column":18},"end":{"line":1353,"column":19}}],"line":1321},"141":{"loc":{"start":{"line":1323,"column":20},"end":{"line":1348,"column":21}},"type":"if","locations":[{"start":{"line":1323,"column":20},"end":{"line":1348,"column":21}},{"start":{"line":1323,"column":20},"end":{"line":1348,"column":21}}],"line":1323},"142":{"loc":{"start":{"line":1323,"column":24},"end":{"line":1323,"column":59}},"type":"binary-expr","locations":[{"start":{"line":1323,"column":24},"end":{"line":1323,"column":36}},{"start":{"line":1323,"column":40},"end":{"line":1323,"column":59}}],"line":1323},"143":{"loc":{"start":{"line":1413,"column":8},"end":{"line":1417,"column":9}},"type":"if","locations":[{"start":{"line":1413,"column":8},"end":{"line":1417,"column":9}},{"start":{"line":1413,"column":8},"end":{"line":1417,"column":9}}],"line":1413},"144":{"loc":{"start":{"line":1440,"column":8},"end":{"line":1470,"column":9}},"type":"if","locations":[{"start":{"line":1440,"column":8},"end":{"line":1470,"column":9}},{"start":{"line":1440,"column":8},"end":{"line":1470,"column":9}}],"line":1440},"145":{"loc":{"start":{"line":1442,"column":10},"end":{"line":1454,"column":11}},"type":"if","locations":[{"start":{"line":1442,"column":10},"end":{"line":1454,"column":11}},{"start":{"line":1442,"column":10},"end":{"line":1454,"column":11}}],"line":1442},"146":{"loc":{"start":{"line":1457,"column":10},"end":{"line":1469,"column":11}},"type":"if","locations":[{"start":{"line":1457,"column":10},"end":{"line":1469,"column":11}},{"start":{"line":1457,"column":10},"end":{"line":1469,"column":11}}],"line":1457},"147":{"loc":{"start":{"line":1478,"column":8},"end":{"line":1480,"column":9}},"type":"if","locations":[{"start":{"line":1478,"column":8},"end":{"line":1480,"column":9}},{"start":{"line":1478,"column":8},"end":{"line":1480,"column":9}}],"line":1478}},"s":{"0":1,"1":96,"2":77,"3":96,"4":1,"5":95,"6":1,"7":1,"8":1,"9":1,"10":94,"11":94,"12":0,"13":94,"14":94,"15":0,"16":96,"17":77,"18":77,"19":77,"20":77,"21":104,"22":77,"23":19,"24":7,"25":1,"26":6,"27":6,"28":0,"29":6,"30":6,"31":0,"32":1,"33":1,"34":1194,"35":647,"36":14,"37":25,"38":14,"39":1,"40":1,"41":122,"42":122,"43":245,"44":460,"45":245,"46":215,"47":122,"48":120,"49":1,"50":119,"51":2,"52":117,"53":117,"54":0,"55":117,"56":2342,"57":7,"58":2335,"59":2342,"60":2342,"61":0,"62":1051,"63":1051,"64":1051,"65":1051,"66":936,"67":342,"68":594,"69":109,"70":485,"71":1051,"72":603,"73":603,"74":603,"75":428,"76":603,"77":812,"78":740,"79":252,"80":252,"81":232,"82":76,"83":156,"84":36,"85":66,"86":232,"87":428,"88":26,"89":402,"90":168,"91":234,"92":42,"93":72,"94":192,"95":603,"96":603,"97":603,"98":603,"99":428,"100":603,"101":603,"102":758,"103":758,"104":758,"105":29,"106":729,"107":1,"108":3,"109":3,"110":577,"111":97,"112":97,"113":3,"114":19892,"115":14,"116":0,"117":3,"118":39910,"119":13,"120":14,"121":1,"122":1,"123":1,"124":3,"125":19967,"126":3,"127":20612,"128":45,"129":383,"130":6,"131":6,"132":6,"133":3,"134":60,"135":60,"136":165,"137":20868,"138":3,"139":56,"140":56,"141":89,"142":21266,"143":211,"144":211,"145":258,"146":211,"147":211,"148":211,"149":3,"150":21307,"151":25,"152":3,"153":0,"154":0,"155":0,"156":3,"157":64089,"158":20,"159":42,"160":20,"161":1,"162":1,"163":1,"164":3,"165":21383,"166":3,"167":21399,"168":1,"169":1,"170":1,"171":1,"172":3,"173":21478,"174":24,"175":2,"176":2,"177":2,"178":3,"179":23270,"180":40,"181":40,"182":40,"183":591,"184":591,"185":591,"186":591,"187":457,"188":81,"189":376,"190":376,"191":0,"192":0,"193":0,"194":0,"195":376,"196":0,"197":376,"198":534,"199":376,"200":376,"201":507,"202":507,"203":507,"204":376,"205":96,"206":96,"207":182,"208":96,"209":280,"210":352,"211":591,"212":591,"213":22,"214":22,"215":22,"216":0,"217":0,"218":22,"219":22,"220":22,"221":10,"222":10,"223":10,"224":2,"225":2,"226":2,"227":10,"228":10,"229":10,"230":10,"231":10,"232":10,"233":7,"234":2,"235":5,"236":5,"237":5,"238":7,"239":3,"240":3,"241":3,"242":10,"243":2,"244":2,"245":2,"246":2,"247":2,"248":10,"249":12,"250":22,"251":14,"252":22,"253":22,"254":3,"255":16,"256":3,"257":7,"258":7,"259":7,"260":3,"261":7,"262":7,"263":3,"264":3,"265":3,"266":0,"267":3,"268":1,"269":3,"270":3,"271":9,"272":3,"273":127,"274":219,"275":4,"276":215,"277":116,"278":116,"279":116,"280":116,"281":116,"282":39,"283":116,"284":114,"285":116,"286":99,"287":96,"288":3,"289":3,"290":0,"291":3,"292":5,"293":5,"294":0,"295":5,"296":3,"297":5,"298":5,"299":5,"300":7,"301":5,"302":3,"303":3,"304":3,"305":4,"306":3,"307":3,"308":8,"309":8,"310":23,"311":3,"312":16,"313":3,"314":51,"315":51,"316":51,"317":0,"318":51,"319":11,"320":51,"321":3,"322":5,"323":5,"324":5,"325":7,"326":3,"327":2,"328":2,"329":4,"330":3,"331":64,"332":3,"333":3,"334":3,"335":0,"336":3,"337":1,"338":3,"339":306,"340":306,"341":698,"342":306,"343":1,"344":305,"345":305,"346":153,"347":153,"348":305,"349":170,"350":0,"351":170,"352":170,"353":135,"354":2,"355":2,"356":305,"357":305,"358":305,"359":305,"360":305,"361":259,"362":0,"363":259,"364":259,"365":34,"366":74,"367":225,"368":225,"369":259,"370":246,"371":259,"372":246,"373":246,"374":246,"375":246,"376":3,"377":3,"378":243,"379":3,"380":3,"381":3,"382":1,"383":2,"384":2,"385":240,"386":75,"387":75,"388":165,"389":65,"390":65,"391":65,"392":45,"393":65,"394":13,"395":13,"396":52,"397":1,"398":1,"399":51,"400":51,"401":100,"402":34,"403":14,"404":13,"405":20,"406":33,"407":12,"408":12,"409":21,"410":21,"411":66,"412":66,"413":259,"414":259,"415":259,"416":246,"417":3,"418":243,"419":243,"420":239,"421":39,"422":305,"423":96,"424":96,"425":145,"426":145,"427":145,"428":145,"429":145,"430":10,"431":10,"432":10,"433":10,"434":145,"435":145,"436":240,"437":240,"438":240,"439":240,"440":104,"441":104,"442":104,"443":58,"444":46,"445":240,"446":145,"447":142,"448":24,"449":24,"450":22,"451":22,"452":22,"453":22,"454":22,"455":12,"456":22,"457":145,"458":123,"459":106,"460":106,"461":238,"462":132,"463":238,"464":17,"465":17,"466":24,"467":7,"468":24,"469":22,"470":6,"471":145,"472":145,"473":145,"474":37,"475":37,"476":35,"477":2,"478":2,"479":2,"480":2,"481":2,"482":2,"483":108,"484":74,"485":145,"486":145,"487":145,"488":3,"489":24,"490":3,"491":13,"492":13,"493":23,"494":13,"495":3,"496":8,"497":3,"498":113,"499":3,"500":19,"501":12,"502":7,"503":3,"504":18,"505":3,"506":76,"507":31,"508":76,"509":76,"510":58,"511":58,"512":3,"513":5,"514":3,"515":5,"516":18,"517":18,"518":1,"519":2,"520":1,"521":2,"522":72,"523":3,"524":15,"525":6,"526":9,"527":6,"528":9,"529":3,"530":16,"531":7,"532":16,"533":3,"534":32,"535":32,"536":3,"537":7,"538":7},"f":{"0":96,"1":7,"2":1194,"3":647,"4":14,"5":25,"6":122,"7":245,"8":460,"9":120,"10":2342,"11":1051,"12":603,"13":428,"14":812,"15":740,"16":252,"17":66,"18":428,"19":72,"20":603,"21":428,"22":758,"23":3,"24":577,"25":97,"26":19892,"27":14,"28":0,"29":39910,"30":13,"31":14,"32":1,"33":19967,"34":20612,"35":45,"36":383,"37":6,"38":60,"39":60,"40":165,"41":20868,"42":56,"43":56,"44":89,"45":21266,"46":211,"47":21307,"48":25,"49":3,"50":0,"51":64089,"52":20,"53":1,"54":21383,"55":21399,"56":1,"57":21478,"58":24,"59":2,"60":23270,"61":40,"62":591,"63":507,"64":182,"65":352,"66":22,"67":2,"68":10,"69":5,"70":3,"71":2,"72":2,"73":16,"74":7,"75":7,"76":7,"77":3,"78":0,"79":1,"80":10,"81":9,"82":127,"83":219,"84":114,"85":5,"86":0,"87":5,"88":3,"89":4,"90":8,"91":23,"92":16,"93":51,"94":11,"95":5,"96":7,"97":2,"98":4,"99":64,"100":3,"101":0,"102":1,"103":306,"104":698,"105":305,"106":153,"107":305,"108":170,"109":2,"110":74,"111":246,"112":246,"113":246,"114":3,"115":3,"116":2,"117":75,"118":13,"119":1,"120":51,"121":12,"122":21,"123":66,"124":259,"125":246,"126":96,"127":96,"128":145,"129":145,"130":10,"131":240,"132":104,"133":142,"134":22,"135":106,"136":238,"137":24,"138":2,"139":2,"140":24,"141":13,"142":23,"143":8,"144":113,"145":19,"146":18,"147":76,"148":31,"149":5,"150":5,"151":2,"152":2,"153":15,"154":6,"155":16,"156":7,"157":32,"158":7},"b":{"0":[77,19],"1":[1,95],"2":[1,94],"3":[95,1,1],"4":[0,0],"5":[94,0],"6":[77,19],"7":[77,0],"8":[1,6],"9":[0,0],"10":[6,0],"11":[1,13],"12":[215,30],"13":[245,221],"14":[1,119],"15":[2,117],"16":[0,117],"17":[117,74],"18":[7,2335],"19":[2342,7,7],"20":[2342,0],"21":[342,594],"22":[342,340,2],"23":[109,485],"24":[44,441],"25":[485,477],"26":[441,1],"27":[232,20],"28":[252,250],"29":[76,156],"30":[36,120],"31":[26,402],"32":[428,404],"33":[168,234],"34":[42,192],"35":[593,10],"36":[740,18],"37":[29,729],"38":[758,740,29],"39":[19892,19253,0],"40":[39910,38632,128],"41":[19967,75],"42":[20612,19973,721],"43":[165,87,17],"44":[20868,20229,13903,13903,256,0,0],"45":[21266,20627],"46":[21307,20668,762,41],"47":[64089,62172,2454,168,168],"48":[21383,76],"49":[21399,92],"50":[21478,20839],"51":[23270,22631,2725,1793,1792],"52":[40,40,35,28],"53":[40,0],"54":[457,134],"55":[81,376],"56":[0,376],"57":[0,0],"58":[0,0],"59":[0,376],"60":[0,0],"61":[507,411],"62":[96,280],"63":[0,22],"64":[22,8],"65":[22,20],"66":[10,12],"67":[2,8],"68":[7,3],"69":[7,3],"70":[2,5],"71":[2,0],"72":[14,8],"73":[3,4],"74":[4,215],"75":[116,99],"76":[116,0],"77":[116,0],"78":[0,39],"79":[39,39],"80":[39,2],"81":[96,3],"82":[3,0],"83":[0,0],"84":[5,0],"85":[4,0],"86":[3,0],"87":[51,0],"88":[0,51],"89":[11,0],"90":[5,0],"91":[698,439,286,116,3],"92":[1,305],"93":[1,0],"94":[153,152],"95":[305,305],"96":[148,5],"97":[170,135],"98":[0,170],"99":[2,133],"100":[305,305,273],"101":[305,305],"102":[259,46],"103":[0,259],"104":[34,225],"105":[225,0],"106":[225,225],"107":[3,243],"108":[3,240],"109":[1,2],"110":[75,165],"111":[65,100],"112":[165,72,27],"113":[45,20],"114":[13,52],"115":[1,51],"116":[34,66],"117":[14,20],"118":[12,21],"119":[3,243],"120":[39,200],"121":[137,8],"122":[10,135],"123":[10,10,0],"124":[136,104],"125":[240,118,182,122,44],"126":[58,46],"127":[104,60],"128":[24,118],"129":[22,2],"130":[24,24],"131":[22,22],"132":[12,10],"133":[12,12,2],"134":[123,22],"135":[106,17],"136":[132,106],"137":[7,17],"138":[6,16],"139":[145,37],"140":[37,108],"141":[35,2],"142":[37,37],"143":[12,7],"144":[58,18],"145":[3,55],"146":[1,17],"147":[6,9]},"_coverageSchema":"d34fc3e6b8297bcde183f5492bcb8fcb36775295","hash":"41c5669ec662a00878fc5bfad6341263b6872d89","contentHash":"17a8cbf7888571bb70c02c2393a6b4d1"},"/home/andreas/work/unexpected-dom/lib/matchesSelector.js":{"path":"/home/andreas/work/unexpected-dom/lib/matchesSelector.js","statementMap":{"0":{"start":{"line":1,"column":0},"end":{"line":21,"column":2}},"1":{"start":{"line":3,"column":4},"end":{"line":18,"column":5}},"2":{"start":{"line":9,"column":17},"end":{"line":9,"column":21}},"3":{"start":{"line":10,"column":18},"end":{"line":10,"column":79}},"4":{"start":{"line":11,"column":14},"end":{"line":11,"column":15}},"5":{"start":{"line":13,"column":6},"end":{"line":15,"column":7}},"6":{"start":{"line":14,"column":8},"end":{"line":14,"column":15}},"7":{"start":{"line":17,"column":6},"end":{"line":17,"column":24}},"8":{"start":{"line":20,"column":2},"end":{"line":20,"column":42}}},"fnMap":{"0":{"name":"(anonymous_0)","decl":{"start":{"line":1,"column":17},"end":{"line":1,"column":18}},"loc":{"start":{"line":1,"column":41},"end":{"line":21,"column":1}},"line":1},"1":{"name":"(anonymous_1)","decl":{"start":{"line":8,"column":4},"end":{"line":8,"column":5}},"loc":{"start":{"line":8,"column":23},"end":{"line":18,"column":5}},"line":8}},"branchMap":{"0":{"loc":{"start":{"line":3,"column":4},"end":{"line":18,"column":5}},"type":"binary-expr","locations":[{"start":{"line":3,"column":4},"end":{"line":3,"column":23}},{"start":{"line":4,"column":4},"end":{"line":4,"column":26}},{"start":{"line":5,"column":4},"end":{"line":5,"column":25}},{"start":{"line":6,"column":4},"end":{"line":6,"column":24}},{"start":{"line":7,"column":4},"end":{"line":7,"column":29}},{"start":{"line":8,"column":4},"end":{"line":18,"column":5}}],"line":3},"1":{"loc":{"start":{"line":10,"column":19},"end":{"line":10,"column":51}},"type":"binary-expr","locations":[{"start":{"line":10,"column":19},"end":{"line":10,"column":34}},{"start":{"line":10,"column":38},"end":{"line":10,"column":51}}],"line":10},"2":{"loc":{"start":{"line":13,"column":13},"end":{"line":13,"column":42}},"type":"binary-expr","locations":[{"start":{"line":13,"column":13},"end":{"line":13,"column":21}},{"start":{"line":13,"column":25},"end":{"line":13,"column":42}}],"line":13}},"s":{"0":1,"1":16,"2":0,"3":0,"4":0,"5":0,"6":0,"7":0,"8":16},"f":{"0":16,"1":0},"b":{"0":[16,16,16,16,16,0],"1":[0,0],"2":[0,0]},"_coverageSchema":"d34fc3e6b8297bcde183f5492bcb8fcb36775295","hash":"a79758c58318ee50fbd5ace19068d3b8361d4d3f","contentHash":"63ef3f52a835a8711ec5a66d88779f54"}}