{"/Users/ssimonsen/Code/unexpected-dom/bootstrap-unexpected-markdown.js":{"path":"/Users/ssimonsen/Code/unexpected-dom/bootstrap-unexpected-markdown.js","s":{"1":1,"2":1,"3":1,"4":1,"5":1,"6":1,"7":1,"8":1,"9":40,"10":40,"11":40,"12":1},"b":{},"f":{"1":40},"fnMap":{"1":{"name":"createElement","line":10,"loc":{"start":{"line":10,"column":16},"end":{"line":10,"column":45}}}},"statementMap":{"1":{"start":{"line":2,"column":0},"end":{"line":2,"column":43}},"2":{"start":{"line":3,"column":0},"end":{"line":3,"column":38}},"3":{"start":{"line":4,"column":0},"end":{"line":4,"column":34}},"4":{"start":{"line":5,"column":0},"end":{"line":5,"column":29}},"5":{"start":{"line":6,"column":0},"end":{"line":6,"column":34}},"6":{"start":{"line":7,"column":0},"end":{"line":7,"column":27}},"7":{"start":{"line":8,"column":0},"end":{"line":8,"column":21}},"8":{"start":{"line":10,"column":0},"end":{"line":20,"column":2}},"9":{"start":{"line":11,"column":2},"end":{"line":11,"column":43}},"10":{"start":{"line":13,"column":2},"end":{"line":17,"column":12}},"11":{"start":{"line":19,"column":2},"end":{"line":19,"column":25}},"12":{"start":{"line":22,"column":0},"end":{"line":22,"column":20}}},"branchMap":{}},"/Users/ssimonsen/Code/unexpected-dom/lib/index.js":{"path":"/Users/ssimonsen/Code/unexpected-dom/lib/index.js","s":{"1":1,"2":1,"3":64,"4":53,"5":64,"6":64,"7":1,"8":63,"9":63,"10":63,"11":63,"12":63,"13":0,"14":0,"15":0,"16":0,"17":0,"18":0,"19":0,"20":64,"21":53,"22":53,"23":53,"24":53,"25":75,"26":53,"27":11,"28":1,"29":4,"30":1,"31":3,"32":3,"33":3,"34":0,"35":3,"36":3,"37":0,"38":1,"39":1,"40":1137,"41":1137,"42":88,"43":1049,"44":1049,"45":1049,"46":0,"47":1,"48":111,"49":111,"50":220,"51":425,"52":220,"53":205,"54":111,"55":1,"56":100,"57":1,"58":99,"59":99,"60":0,"61":99,"62":1,"63":2062,"64":2062,"65":4,"66":2058,"67":2062,"68":2062,"69":0,"70":1,"71":936,"72":936,"73":936,"74":936,"75":850,"76":277,"77":573,"78":100,"79":473,"80":936,"81":1,"82":559,"83":559,"84":559,"85":393,"86":559,"87":1,"88":822,"89":1,"90":693,"91":1,"92":251,"93":251,"94":231,"95":78,"96":153,"97":34,"98":64,"99":231,"100":1,"101":393,"102":24,"103":369,"104":145,"105":224,"106":36,"107":66,"108":188,"109":1,"110":559,"111":559,"112":559,"113":559,"114":393,"115":559,"116":559,"117":1,"118":711,"119":711,"120":711,"121":24,"122":687,"123":1,"124":3,"125":3,"126":3,"127":3,"128":17690,"129":14,"130":0,"131":3,"132":17743,"133":13,"134":14,"135":1,"136":1,"137":1,"138":3,"139":18363,"140":45,"141":398,"142":6,"143":6,"144":6,"145":3,"146":48,"147":48,"148":134,"149":18570,"150":3,"151":115,"152":115,"153":163,"154":18870,"155":1,"156":149,"157":149,"158":195,"159":149,"160":149,"161":149,"162":3,"163":18909,"164":25,"165":3,"166":0,"167":0,"168":0,"169":3,"170":56882,"171":20,"172":42,"173":20,"174":1,"175":1,"176":1,"177":3,"178":18980,"179":3,"180":18993,"181":1,"182":1,"183":1,"184":1,"185":3,"186":19063,"187":22,"188":2,"189":2,"190":2,"191":3,"192":20627,"193":40,"194":40,"195":40,"196":547,"197":547,"198":547,"199":547,"200":410,"201":72,"202":338,"203":338,"204":0,"205":0,"206":0,"207":0,"208":338,"209":0,"210":338,"211":482,"212":338,"213":338,"214":455,"215":455,"216":455,"217":338,"218":94,"219":94,"220":176,"221":94,"222":244,"223":306,"224":547,"225":547,"226":22,"227":22,"228":22,"229":0,"230":0,"231":22,"232":22,"233":22,"234":10,"235":10,"236":10,"237":2,"238":2,"239":2,"240":10,"241":10,"242":10,"243":10,"244":10,"245":10,"246":7,"247":2,"248":5,"249":5,"250":5,"251":7,"252":3,"253":3,"254":3,"255":10,"256":2,"257":2,"258":2,"259":2,"260":2,"261":10,"262":12,"263":22,"264":14,"265":22,"266":22,"267":3,"268":16,"269":3,"270":7,"271":7,"272":7,"273":3,"274":7,"275":3,"276":3,"277":3,"278":1,"279":3,"280":6,"281":3,"282":93,"283":1,"284":138,"285":2,"286":136,"287":4,"288":132,"289":68,"290":68,"291":68,"292":68,"293":28,"294":68,"295":66,"296":68,"297":64,"298":64,"299":0,"300":3,"301":4,"302":4,"303":1,"304":4,"305":3,"306":4,"307":4,"308":4,"309":6,"310":4,"311":3,"312":3,"313":3,"314":4,"315":3,"316":3,"317":7,"318":7,"319":18,"320":3,"321":15,"322":3,"323":31,"324":31,"325":31,"326":0,"327":31,"328":13,"329":31,"330":3,"331":2,"332":2,"333":2,"334":4,"335":3,"336":2,"337":2,"338":4,"339":3,"340":40,"341":3,"342":3,"343":3,"344":0,"345":3,"346":235,"347":235,"348":523,"349":235,"350":1,"351":234,"352":234,"353":96,"354":234,"355":111,"356":0,"357":111,"358":123,"359":2,"360":234,"361":234,"362":234,"363":234,"364":234,"365":203,"366":0,"367":203,"368":203,"369":34,"370":74,"371":169,"372":169,"373":203,"374":227,"375":203,"376":227,"377":227,"378":227,"379":227,"380":75,"381":152,"382":3,"383":149,"384":55,"385":55,"386":55,"387":35,"388":55,"389":11,"390":44,"391":94,"392":31,"393":31,"394":11,"395":20,"396":31,"397":12,"398":19,"399":63,"400":203,"401":203,"402":203,"403":227,"404":3,"405":224,"406":224,"407":183,"408":36,"409":234,"410":84,"411":84,"412":142,"413":142,"414":142,"415":142,"416":142,"417":10,"418":10,"419":10,"420":10,"421":142,"422":142,"423":239,"424":239,"425":239,"426":239,"427":100,"428":100,"429":100,"430":56,"431":44,"432":239,"433":142,"434":144,"435":25,"436":25,"437":22,"438":22,"439":22,"440":22,"441":22,"442":12,"443":22,"444":142,"445":122,"446":102,"447":102,"448":234,"449":132,"450":234,"451":20,"452":20,"453":27,"454":7,"455":27,"456":20,"457":6,"458":142,"459":142,"460":142,"461":40,"462":40,"463":38,"464":2,"465":2,"466":2,"467":2,"468":2,"469":2,"470":102,"471":70,"472":142,"473":142,"474":142,"475":3,"476":24,"477":3,"478":13,"479":13,"480":23,"481":13,"482":3,"483":8,"484":3,"485":110,"486":3,"487":19,"488":12,"489":7,"490":3,"491":15,"492":3,"493":62,"494":62,"495":26,"496":62,"497":62,"498":53,"499":53,"500":3,"501":5,"502":3,"503":5,"504":9,"505":9,"506":1,"507":2,"508":1,"509":2,"510":58,"511":3,"512":15,"513":6,"514":9,"515":6,"516":9,"517":3,"518":16,"519":7,"520":16,"521":3,"522":24,"523":24,"524":3,"525":4,"526":4},"b":{"1":[53,11],"2":[1,63],"3":[63,0],"4":[63,63,63],"5":[0,0],"6":[0,0],"7":[53,11],"8":[53,0],"9":[1,3],"10":[0,0],"11":[3,0],"12":[88,1049],"13":[1049,0],"14":[205,15],"15":[220,205],"16":[1,99],"17":[0,99],"18":[99,56],"19":[4,2058],"20":[2062,4,4],"21":[2062,0],"22":[277,573],"23":[277,277,0],"24":[100,473],"25":[44,429],"26":[473,467],"27":[429,1],"28":[231,20],"29":[251,249],"30":[78,153],"31":[34,119],"32":[24,369],"33":[145,224],"34":[36,188],"35":[549,10],"36":[693,18],"37":[24,687],"38":[711,693,24],"39":[17690,17051,0],"40":[17743,17104,54],"41":[18363,17724,674],"42":[134,72,17],"43":[18570,17931,12395,12395,207,0,0],"44":[18870,18231],"45":[18909,18270,713,39],"46":[56882,54965,2294,155,155],"47":[18980,71],"48":[18993,84],"49":[19063,18424],"50":[20627,19988,2431,1565,1564],"51":[40,40,35,28],"52":[40,0],"53":[410,137],"54":[72,338],"55":[0,338],"56":[0,0],"57":[0,0],"58":[0,338],"59":[0,0],"60":[455,361],"61":[94,244],"62":[0,22],"63":[22,8],"64":[22,20],"65":[10,12],"66":[2,8],"67":[7,3],"68":[7,3],"69":[2,5],"70":[2,0],"71":[14,8],"72":[3,4],"73":[2,136],"74":[138,2],"75":[4,132],"76":[68,64],"77":[68,0],"78":[68,0],"79":[0,28],"80":[28,28],"81":[28,0],"82":[64,0],"83":[1,0],"84":[4,0],"85":[4,0],"86":[3,0],"87":[31,0],"88":[0,31],"89":[13,0],"90":[2,0],"91":[523,320,224,113,3],"92":[1,234],"93":[1,0],"94":[96,138],"95":[234,234],"96":[91,5],"97":[111,123],"98":[0,111],"99":[2,121],"100":[234,234,202],"101":[234,234],"102":[203,31],"103":[0,203],"104":[34,169],"105":[169,0],"106":[169,169],"107":[75,152],"108":[3,149],"109":[55,94],"110":[149,62,27],"111":[35,20],"112":[11,44],"113":[31,63],"114":[11,20],"115":[12,19],"116":[3,224],"117":[36,147],"118":[134,8],"119":[10,132],"120":[10,10,0],"121":[139,100],"122":[239,119,178,120,42],"123":[56,44],"124":[100,58],"125":[25,119],"126":[22,3],"127":[25,25],"128":[22,22],"129":[12,10],"130":[12,12,2],"131":[122,20],"132":[102,20],"133":[132,102],"134":[7,20],"135":[6,14],"136":[142,40],"137":[40,102],"138":[38,2],"139":[40,40],"140":[12,7],"141":[53,9],"142":[3,50],"143":[1,8],"144":[6,9]},"f":{"1":64,"2":4,"3":1137,"4":111,"5":220,"6":425,"7":100,"8":2062,"9":936,"10":559,"11":393,"12":822,"13":693,"14":251,"15":64,"16":393,"17":66,"18":559,"19":393,"20":711,"21":3,"22":17690,"23":14,"24":0,"25":17743,"26":13,"27":14,"28":1,"29":18363,"30":45,"31":398,"32":6,"33":48,"34":48,"35":134,"36":18570,"37":115,"38":115,"39":163,"40":18870,"41":149,"42":18909,"43":25,"44":3,"45":0,"46":56882,"47":20,"48":1,"49":18980,"50":18993,"51":1,"52":19063,"53":22,"54":2,"55":20627,"56":40,"57":547,"58":455,"59":176,"60":306,"61":22,"62":2,"63":10,"64":5,"65":3,"66":2,"67":2,"68":16,"69":7,"70":7,"71":3,"72":1,"73":6,"74":93,"75":138,"76":66,"77":4,"78":1,"79":4,"80":3,"81":4,"82":7,"83":18,"84":15,"85":31,"86":13,"87":2,"88":4,"89":2,"90":4,"91":40,"92":3,"93":0,"94":235,"95":523,"96":234,"97":234,"98":74,"99":227,"100":227,"101":227,"102":203,"103":227,"104":84,"105":84,"106":142,"107":142,"108":10,"109":239,"110":100,"111":144,"112":22,"113":102,"114":234,"115":27,"116":2,"117":2,"118":24,"119":13,"120":23,"121":8,"122":110,"123":19,"124":15,"125":62,"126":26,"127":5,"128":5,"129":2,"130":2,"131":15,"132":6,"133":16,"134":7,"135":24,"136":4},"fnMap":{"1":{"name":"parseHtml","line":4,"loc":{"start":{"line":4,"column":0},"end":{"line":4,"column":66}}},"2":{"name":"parseXml","line":53,"loc":{"start":{"line":53,"column":0},"end":{"line":53,"column":53}}},"3":{"name":"isBooleanAttribute","line":82,"loc":{"start":{"line":82,"column":0},"end":{"line":82,"column":49}}},"4":{"name":"styleStringToObject","line":98,"loc":{"start":{"line":98,"column":0},"end":{"line":98,"column":34}}},"5":{"name":"(anonymous_5)","line":101,"loc":{"start":{"line":101,"column":25},"end":{"line":101,"column":40}}},"6":{"name":"(anonymous_6)","line":102,"loc":{"start":{"line":102,"column":36},"end":{"line":102,"column":51}}},"7":{"name":"getClassNamesFromAttributeValue","line":115,"loc":{"start":{"line":115,"column":0},"end":{"line":115,"column":57}}},"8":{"name":"isInsideHtmlDocument","line":127,"loc":{"start":{"line":127,"column":0},"end":{"line":127,"column":36}}},"9":{"name":"getAttributes","line":141,"loc":{"start":{"line":141,"column":0},"end":{"line":141,"column":32}}},"10":{"name":"getCanonicalAttributes","line":163,"loc":{"start":{"line":163,"column":0},"end":{"line":163,"column":41}}},"11":{"name":"(anonymous_11)","line":169,"loc":{"start":{"line":169,"column":13},"end":{"line":169,"column":27}}},"12":{"name":"entitify","line":176,"loc":{"start":{"line":176,"column":0},"end":{"line":176,"column":25}}},"13":{"name":"isVoidElement","line":183,"loc":{"start":{"line":183,"column":0},"end":{"line":183,"column":36}}},"14":{"name":"writeAttributeToMagicPen","line":189,"loc":{"start":{"line":189,"column":0},"end":{"line":189,"column":72}}},"15":{"name":"(anonymous_15)","line":196,"loc":{"start":{"line":196,"column":13},"end":{"line":196,"column":31}}},"16":{"name":"stringifyAttribute","line":208,"loc":{"start":{"line":208,"column":0},"end":{"line":208,"column":50}}},"17":{"name":"(anonymous_17)","line":217,"loc":{"start":{"line":217,"column":13},"end":{"line":217,"column":31}}},"18":{"name":"stringifyStartTag","line":228,"loc":{"start":{"line":228,"column":0},"end":{"line":228,"column":36}}},"19":{"name":"(anonymous_19)","line":236,"loc":{"start":{"line":236,"column":29},"end":{"line":236,"column":43}}},"20":{"name":"stringifyEndTag","line":244,"loc":{"start":{"line":244,"column":0},"end":{"line":244,"column":34}}},"21":{"name":"(anonymous_21)","line":256,"loc":{"start":{"line":256,"column":15},"end":{"line":256,"column":32}}},"22":{"name":"(anonymous_22)","line":263,"loc":{"start":{"line":263,"column":16},"end":{"line":263,"column":30}}},"23":{"name":"(anonymous_23)","line":270,"loc":{"start":{"line":270,"column":13},"end":{"line":270,"column":28}}},"24":{"name":"(anonymous_24)","line":273,"loc":{"start":{"line":273,"column":15},"end":{"line":273,"column":48}}},"25":{"name":"(anonymous_25)","line":284,"loc":{"start":{"line":284,"column":16},"end":{"line":284,"column":30}}},"26":{"name":"(anonymous_26)","line":287,"loc":{"start":{"line":287,"column":13},"end":{"line":287,"column":28}}},"27":{"name":"(anonymous_27)","line":290,"loc":{"start":{"line":290,"column":15},"end":{"line":290,"column":48}}},"28":{"name":"(anonymous_28)","line":293,"loc":{"start":{"line":293,"column":12},"end":{"line":293,"column":69}}},"29":{"name":"(anonymous_29)","line":306,"loc":{"start":{"line":306,"column":16},"end":{"line":306,"column":30}}},"30":{"name":"(anonymous_30)","line":309,"loc":{"start":{"line":309,"column":13},"end":{"line":309,"column":28}}},"31":{"name":"(anonymous_31)","line":312,"loc":{"start":{"line":312,"column":15},"end":{"line":312,"column":48}}},"32":{"name":"(anonymous_32)","line":315,"loc":{"start":{"line":315,"column":12},"end":{"line":315,"column":69}}},"33":{"name":"(anonymous_33)","line":325,"loc":{"start":{"line":325,"column":14},"end":{"line":325,"column":31}}},"34":{"name":"(anonymous_34)","line":328,"loc":{"start":{"line":328,"column":14},"end":{"line":328,"column":31}}},"35":{"name":"(anonymous_35)","line":331,"loc":{"start":{"line":331,"column":15},"end":{"line":331,"column":30}}},"36":{"name":"(anonymous_36)","line":337,"loc":{"start":{"line":337,"column":16},"end":{"line":337,"column":30}}},"37":{"name":"(anonymous_37)","line":355,"loc":{"start":{"line":355,"column":14},"end":{"line":355,"column":31}}},"38":{"name":"(anonymous_38)","line":358,"loc":{"start":{"line":358,"column":14},"end":{"line":358,"column":31}}},"39":{"name":"(anonymous_39)","line":361,"loc":{"start":{"line":361,"column":17},"end":{"line":361,"column":34}}},"40":{"name":"(anonymous_40)","line":364,"loc":{"start":{"line":364,"column":16},"end":{"line":364,"column":30}}},"41":{"name":"makeAttachedDOMNodeList","line":369,"loc":{"start":{"line":369,"column":4},"end":{"line":369,"column":63}}},"42":{"name":"(anonymous_42)","line":382,"loc":{"start":{"line":382,"column":16},"end":{"line":382,"column":30}}},"43":{"name":"(anonymous_43)","line":390,"loc":{"start":{"line":390,"column":15},"end":{"line":390,"column":57}}},"44":{"name":"(anonymous_44)","line":393,"loc":{"start":{"line":393,"column":13},"end":{"line":393,"column":28}}},"45":{"name":"(anonymous_45)","line":396,"loc":{"start":{"line":396,"column":12},"end":{"line":396,"column":53}}},"46":{"name":"(anonymous_46)","line":409,"loc":{"start":{"line":409,"column":16},"end":{"line":409,"column":30}}},"47":{"name":"(anonymous_47)","line":418,"loc":{"start":{"line":418,"column":15},"end":{"line":418,"column":58}}},"48":{"name":"(anonymous_48)","line":424,"loc":{"start":{"line":424,"column":12},"end":{"line":424,"column":69}}},"49":{"name":"(anonymous_49)","line":439,"loc":{"start":{"line":439,"column":16},"end":{"line":439,"column":30}}},"50":{"name":"(anonymous_50)","line":447,"loc":{"start":{"line":447,"column":16},"end":{"line":447,"column":30}}},"51":{"name":"(anonymous_51)","line":453,"loc":{"start":{"line":453,"column":15},"end":{"line":453,"column":58}}},"52":{"name":"(anonymous_52)","line":465,"loc":{"start":{"line":465,"column":16},"end":{"line":465,"column":30}}},"53":{"name":"(anonymous_53)","line":468,"loc":{"start":{"line":468,"column":15},"end":{"line":468,"column":66}}},"54":{"name":"(anonymous_54)","line":474,"loc":{"start":{"line":474,"column":12},"end":{"line":474,"column":69}}},"55":{"name":"(anonymous_55)","line":489,"loc":{"start":{"line":489,"column":16},"end":{"line":489,"column":30}}},"56":{"name":"(anonymous_56)","line":498,"loc":{"start":{"line":498,"column":13},"end":{"line":498,"column":35}}},"57":{"name":"(anonymous_57)","line":510,"loc":{"start":{"line":510,"column":15},"end":{"line":510,"column":57}}},"58":{"name":"(anonymous_58)","line":544,"loc":{"start":{"line":544,"column":55},"end":{"line":544,"column":67}}},"59":{"name":"(anonymous_59)","line":553,"loc":{"start":{"line":553,"column":40},"end":{"line":553,"column":72}}},"60":{"name":"(anonymous_60)","line":562,"loc":{"start":{"line":562,"column":40},"end":{"line":562,"column":72}}},"61":{"name":"(anonymous_61)","line":572,"loc":{"start":{"line":572,"column":12},"end":{"line":572,"column":69}}},"62":{"name":"(anonymous_62)","line":595,"loc":{"start":{"line":595,"column":31},"end":{"line":595,"column":42}}},"63":{"name":"(anonymous_63)","line":605,"loc":{"start":{"line":605,"column":48},"end":{"line":605,"column":72}}},"64":{"name":"(anonymous_64)","line":622,"loc":{"start":{"line":622,"column":35},"end":{"line":622,"column":46}}},"65":{"name":"(anonymous_65)","line":636,"loc":{"start":{"line":636,"column":33},"end":{"line":636,"column":44}}},"66":{"name":"(anonymous_66)","line":643,"loc":{"start":{"line":643,"column":50},"end":{"line":643,"column":74}}},"67":{"name":"(anonymous_67)","line":646,"loc":{"start":{"line":646,"column":31},"end":{"line":646,"column":42}}},"68":{"name":"(anonymous_68)","line":685,"loc":{"start":{"line":685,"column":6},"end":{"line":685,"column":39}}},"69":{"name":"(anonymous_69)","line":692,"loc":{"start":{"line":692,"column":6},"end":{"line":692,"column":39}}},"70":{"name":"(anonymous_70)","line":694,"loc":{"start":{"line":694,"column":17},"end":{"line":694,"column":37}}},"71":{"name":"(anonymous_71)","line":711,"loc":{"start":{"line":711,"column":6},"end":{"line":711,"column":39}}},"72":{"name":"(anonymous_72)","line":719,"loc":{"start":{"line":719,"column":6},"end":{"line":719,"column":39}}},"73":{"name":"(anonymous_73)","line":727,"loc":{"start":{"line":727,"column":6},"end":{"line":727,"column":39}}},"74":{"name":"(anonymous_74)","line":734,"loc":{"start":{"line":734,"column":6},"end":{"line":734,"column":39}}},"75":{"name":"convertDOMNodeToSatisfySpec","line":739,"loc":{"start":{"line":739,"column":4},"end":{"line":739,"column":55}}},"76":{"name":"(anonymous_76)","line":760,"loc":{"start":{"line":760,"column":68},"end":{"line":762,"column":10}}},"77":{"name":"(anonymous_77)","line":780,"loc":{"start":{"line":780,"column":6},"end":{"line":780,"column":39}}},"78":{"name":"(anonymous_78)","line":782,"loc":{"start":{"line":782,"column":28},"end":{"line":782,"column":45}}},"79":{"name":"(anonymous_79)","line":798,"loc":{"start":{"line":798,"column":6},"end":{"line":798,"column":39}}},"80":{"name":"(anonymous_80)","line":810,"loc":{"start":{"line":810,"column":6},"end":{"line":810,"column":39}}},"81":{"name":"(anonymous_81)","line":812,"loc":{"start":{"line":812,"column":28},"end":{"line":812,"column":45}}},"82":{"name":"(anonymous_82)","line":827,"loc":{"start":{"line":827,"column":6},"end":{"line":827,"column":39}}},"83":{"name":"(anonymous_83)","line":832,"loc":{"start":{"line":832,"column":53},"end":{"line":832,"column":73}}},"84":{"name":"(anonymous_84)","line":841,"loc":{"start":{"line":841,"column":6},"end":{"line":841,"column":39}}},"85":{"name":"(anonymous_85)","line":848,"loc":{"start":{"line":848,"column":6},"end":{"line":848,"column":39}}},"86":{"name":"(anonymous_86)","line":858,"loc":{"start":{"line":858,"column":28},"end":{"line":858,"column":45}}},"87":{"name":"(anonymous_87)","line":871,"loc":{"start":{"line":871,"column":6},"end":{"line":871,"column":39}}},"88":{"name":"(anonymous_88)","line":879,"loc":{"start":{"line":879,"column":61},"end":{"line":881,"column":12}}},"89":{"name":"(anonymous_89)","line":890,"loc":{"start":{"line":890,"column":6},"end":{"line":890,"column":39}}},"90":{"name":"(anonymous_90)","line":895,"loc":{"start":{"line":895,"column":53},"end":{"line":895,"column":73}}},"91":{"name":"(anonymous_91)","line":904,"loc":{"start":{"line":904,"column":6},"end":{"line":904,"column":39}}},"92":{"name":"(anonymous_92)","line":915,"loc":{"start":{"line":915,"column":6},"end":{"line":915,"column":39}}},"93":{"name":"(anonymous_93)","line":922,"loc":{"start":{"line":922,"column":6},"end":{"line":922,"column":39}}},"94":{"name":"(anonymous_94)","line":929,"loc":{"start":{"line":929,"column":6},"end":{"line":929,"column":39}}},"95":{"name":"(anonymous_95)","line":931,"loc":{"start":{"line":931,"column":59},"end":{"line":931,"column":73}}},"96":{"name":"(anonymous_96)","line":950,"loc":{"start":{"line":950,"column":31},"end":{"line":950,"column":42}}},"97":{"name":"(anonymous_97)","line":959,"loc":{"start":{"line":959,"column":35},"end":{"line":959,"column":46}}},"98":{"name":"(anonymous_98)","line":997,"loc":{"start":{"line":997,"column":39},"end":{"line":997,"column":63}}},"99":{"name":"(anonymous_99)","line":1006,"loc":{"start":{"line":1006,"column":60},"end":{"line":1008,"column":12}}},"100":{"name":"(anonymous_100)","line":1012,"loc":{"start":{"line":1012,"column":41},"end":{"line":1012,"column":65}}},"101":{"name":"(anonymous_101)","line":1016,"loc":{"start":{"line":1016,"column":68},"end":{"line":1016,"column":79}}},"102":{"name":"(anonymous_102)","line":1086,"loc":{"start":{"line":1086,"column":58},"end":{"line":1086,"column":69}}},"103":{"name":"(anonymous_103)","line":1088,"loc":{"start":{"line":1088,"column":43},"end":{"line":1088,"column":67}}},"104":{"name":"(anonymous_104)","line":1109,"loc":{"start":{"line":1109,"column":55},"end":{"line":1109,"column":66}}},"105":{"name":"(anonymous_105)","line":1110,"loc":{"start":{"line":1110,"column":58},"end":{"line":1110,"column":69}}},"106":{"name":"(anonymous_106)","line":1112,"loc":{"start":{"line":1112,"column":20},"end":{"line":1112,"column":59}}},"107":{"name":"(anonymous_107)","line":1113,"loc":{"start":{"line":1113,"column":29},"end":{"line":1113,"column":40}}},"108":{"name":"(anonymous_108)","line":1124,"loc":{"start":{"line":1124,"column":48},"end":{"line":1124,"column":59}}},"109":{"name":"(anonymous_109)","line":1133,"loc":{"start":{"line":1133,"column":45},"end":{"line":1133,"column":69}}},"110":{"name":"(anonymous_110)","line":1150,"loc":{"start":{"line":1150,"column":59},"end":{"line":1150,"column":70}}},"111":{"name":"(anonymous_111)","line":1165,"loc":{"start":{"line":1165,"column":49},"end":{"line":1165,"column":73}}},"112":{"name":"(anonymous_112)","line":1173,"loc":{"start":{"line":1173,"column":43},"end":{"line":1173,"column":54}}},"113":{"name":"(anonymous_113)","line":1203,"loc":{"start":{"line":1203,"column":31},"end":{"line":1203,"column":48}}},"114":{"name":"(anonymous_114)","line":1204,"loc":{"start":{"line":1204,"column":54},"end":{"line":1204,"column":72}}},"115":{"name":"(anonymous_115)","line":1215,"loc":{"start":{"line":1215,"column":50},"end":{"line":1215,"column":68}}},"116":{"name":"(anonymous_116)","line":1245,"loc":{"start":{"line":1245,"column":31},"end":{"line":1245,"column":42}}},"117":{"name":"(anonymous_117)","line":1254,"loc":{"start":{"line":1254,"column":50},"end":{"line":1254,"column":61}}},"118":{"name":"(anonymous_118)","line":1277,"loc":{"start":{"line":1277,"column":6},"end":{"line":1277,"column":39}}},"119":{"name":"(anonymous_119)","line":1288,"loc":{"start":{"line":1288,"column":6},"end":{"line":1288,"column":39}}},"120":{"name":"(anonymous_120)","line":1291,"loc":{"start":{"line":1291,"column":22},"end":{"line":1291,"column":37}}},"121":{"name":"(anonymous_121)","line":1301,"loc":{"start":{"line":1301,"column":6},"end":{"line":1301,"column":39}}},"122":{"name":"(anonymous_122)","line":1312,"loc":{"start":{"line":1312,"column":6},"end":{"line":1312,"column":39}}},"123":{"name":"(anonymous_123)","line":1322,"loc":{"start":{"line":1322,"column":6},"end":{"line":1322,"column":32}}},"124":{"name":"(anonymous_124)","line":1331,"loc":{"start":{"line":1331,"column":62},"end":{"line":1335,"column":6}}},"125":{"name":"(anonymous_125)","line":1341,"loc":{"start":{"line":1341,"column":6},"end":{"line":1341,"column":39}}},"126":{"name":"(anonymous_126)","line":1344,"loc":{"start":{"line":1344,"column":31},"end":{"line":1344,"column":48}}},"127":{"name":"(anonymous_127)","line":1353,"loc":{"start":{"line":1353,"column":35},"end":{"line":1353,"column":52}}},"128":{"name":"(anonymous_128)","line":1356,"loc":{"start":{"line":1356,"column":24},"end":{"line":1356,"column":41}}},"129":{"name":"(anonymous_129)","line":1368,"loc":{"start":{"line":1368,"column":35},"end":{"line":1368,"column":52}}},"130":{"name":"(anonymous_130)","line":1371,"loc":{"start":{"line":1371,"column":24},"end":{"line":1371,"column":41}}},"131":{"name":"(anonymous_131)","line":1387,"loc":{"start":{"line":1387,"column":6},"end":{"line":1387,"column":39}}},"132":{"name":"(anonymous_132)","line":1392,"loc":{"start":{"line":1392,"column":31},"end":{"line":1392,"column":48}}},"133":{"name":"(anonymous_133)","line":1401,"loc":{"start":{"line":1401,"column":6},"end":{"line":1401,"column":39}}},"134":{"name":"(anonymous_134)","line":1402,"loc":{"start":{"line":1402,"column":31},"end":{"line":1402,"column":48}}},"135":{"name":"(anonymous_135)","line":1411,"loc":{"start":{"line":1411,"column":6},"end":{"line":1411,"column":32}}},"136":{"name":"(anonymous_136)","line":1421,"loc":{"start":{"line":1421,"column":6},"end":{"line":1421,"column":32}}}},"statementMap":{"1":{"start":{"line":2,"column":0},"end":{"line":2,"column":51}},"2":{"start":{"line":4,"column":0},"end":{"line":51,"column":1}},"3":{"start":{"line":5,"column":2},"end":{"line":7,"column":3}},"4":{"start":{"line":6,"column":4},"end":{"line":6,"column":63}},"5":{"start":{"line":8,"column":2},"end":{"line":8,"column":19}},"6":{"start":{"line":9,"column":2},"end":{"line":38,"column":3}},"7":{"start":{"line":10,"column":4},"end":{"line":10,"column":69}},"8":{"start":{"line":11,"column":9},"end":{"line":38,"column":3}},"9":{"start":{"line":16,"column":4},"end":{"line":16,"column":66}},"10":{"start":{"line":17,"column":4},"end":{"line":17,"column":24}},"11":{"start":{"line":18,"column":4},"end":{"line":18,"column":28}},"12":{"start":{"line":19,"column":4},"end":{"line":19,"column":25}},"13":{"start":{"line":21,"column":4},"end":{"line":21,"column":14}},"14":{"start":{"line":22,"column":4},"end":{"line":32,"column":5}},"15":{"start":{"line":23,"column":6},"end":{"line":23,"column":36}},"16":{"start":{"line":25,"column":6},"end":{"line":31,"column":8}},"17":{"start":{"line":33,"column":4},"end":{"line":37,"column":5}},"18":{"start":{"line":34,"column":6},"end":{"line":34,"column":58}},"19":{"start":{"line":36,"column":6},"end":{"line":36,"column":38}},"20":{"start":{"line":39,"column":2},"end":{"line":50,"column":3}},"21":{"start":{"line":40,"column":4},"end":{"line":40,"column":33}},"22":{"start":{"line":41,"column":4},"end":{"line":41,"column":65}},"23":{"start":{"line":42,"column":4},"end":{"line":46,"column":5}},"24":{"start":{"line":43,"column":6},"end":{"line":45,"column":7}},"25":{"start":{"line":44,"column":8},"end":{"line":44,"column":73}},"26":{"start":{"line":47,"column":4},"end":{"line":47,"column":28}},"27":{"start":{"line":49,"column":4},"end":{"line":49,"column":24}},"28":{"start":{"line":53,"column":0},"end":{"line":75,"column":1}},"29":{"start":{"line":54,"column":2},"end":{"line":74,"column":3}},"30":{"start":{"line":55,"column":4},"end":{"line":55,"column":60}},"31":{"start":{"line":57,"column":4},"end":{"line":57,"column":14}},"32":{"start":{"line":58,"column":4},"end":{"line":68,"column":5}},"33":{"start":{"line":59,"column":6},"end":{"line":59,"column":36}},"34":{"start":{"line":61,"column":6},"end":{"line":67,"column":8}},"35":{"start":{"line":69,"column":4},"end":{"line":73,"column":5}},"36":{"start":{"line":70,"column":6},"end":{"line":70,"column":79}},"37":{"start":{"line":72,"column":6},"end":{"line":72,"column":54}},"38":{"start":{"line":78,"column":0},"end":{"line":80,"column":2}},"39":{"start":{"line":82,"column":0},"end":{"line":96,"column":1}},"40":{"start":{"line":83,"column":2},"end":{"line":85,"column":4}},"41":{"start":{"line":86,"column":2},"end":{"line":88,"column":3}},"42":{"start":{"line":87,"column":4},"end":{"line":87,"column":16}},"43":{"start":{"line":90,"column":2},"end":{"line":90,"column":79}},"44":{"start":{"line":91,"column":2},"end":{"line":95,"column":3}},"45":{"start":{"line":92,"column":4},"end":{"line":92,"column":17}},"46":{"start":{"line":94,"column":4},"end":{"line":94,"column":72}},"47":{"start":{"line":98,"column":0},"end":{"line":113,"column":1}},"48":{"start":{"line":99,"column":2},"end":{"line":99,"column":18}},"49":{"start":{"line":101,"column":2},"end":{"line":110,"column":5}},"50":{"start":{"line":102,"column":4},"end":{"line":104,"column":7}},"51":{"start":{"line":103,"column":6},"end":{"line":103,"column":25}},"52":{"start":{"line":107,"column":4},"end":{"line":109,"column":5}},"53":{"start":{"line":108,"column":6},"end":{"line":108,"column":34}},"54":{"start":{"line":112,"column":2},"end":{"line":112,"column":16}},"55":{"start":{"line":115,"column":0},"end":{"line":125,"column":1}},"56":{"start":{"line":116,"column":2},"end":{"line":118,"column":3}},"57":{"start":{"line":117,"column":4},"end":{"line":117,"column":14}},"58":{"start":{"line":120,"column":2},"end":{"line":120,"column":47}},"59":{"start":{"line":121,"column":2},"end":{"line":123,"column":3}},"60":{"start":{"line":122,"column":4},"end":{"line":122,"column":21}},"61":{"start":{"line":124,"column":2},"end":{"line":124,"column":20}},"62":{"start":{"line":127,"column":0},"end":{"line":139,"column":1}},"63":{"start":{"line":128,"column":2},"end":{"line":128,"column":20}},"64":{"start":{"line":129,"column":2},"end":{"line":133,"column":3}},"65":{"start":{"line":130,"column":4},"end":{"line":130,"column":25}},"66":{"start":{"line":132,"column":4},"end":{"line":132,"column":39}},"67":{"start":{"line":134,"column":2},"end":{"line":138,"column":3}},"68":{"start":{"line":135,"column":4},"end":{"line":135,"column":53}},"69":{"start":{"line":137,"column":4},"end":{"line":137,"column":64}},"70":{"start":{"line":141,"column":0},"end":{"line":161,"column":1}},"71":{"start":{"line":142,"column":2},"end":{"line":142,"column":45}},"72":{"start":{"line":143,"column":2},"end":{"line":143,"column":33}},"73":{"start":{"line":144,"column":2},"end":{"line":144,"column":18}},"74":{"start":{"line":146,"column":2},"end":{"line":158,"column":3}},"75":{"start":{"line":147,"column":4},"end":{"line":157,"column":5}},"76":{"start":{"line":148,"column":6},"end":{"line":149,"column":60}},"77":{"start":{"line":150,"column":11},"end":{"line":157,"column":5}},"78":{"start":{"line":151,"column":6},"end":{"line":151,"column":66}},"79":{"start":{"line":153,"column":6},"end":{"line":156,"column":33}},"80":{"start":{"line":160,"column":2},"end":{"line":160,"column":16}},"81":{"start":{"line":163,"column":0},"end":{"line":174,"column":1}},"82":{"start":{"line":164,"column":2},"end":{"line":164,"column":37}},"83":{"start":{"line":165,"column":2},"end":{"line":165,"column":18}},"84":{"start":{"line":167,"column":2},"end":{"line":171,"column":7}},"85":{"start":{"line":170,"column":6},"end":{"line":170,"column":31}},"86":{"start":{"line":173,"column":2},"end":{"line":173,"column":16}},"87":{"start":{"line":176,"column":0},"end":{"line":181,"column":1}},"88":{"start":{"line":177,"column":2},"end":{"line":180,"column":27}},"89":{"start":{"line":183,"column":0},"end":{"line":187,"column":1}},"90":{"start":{"line":184,"column":2},"end":{"line":186,"column":4}},"91":{"start":{"line":189,"column":0},"end":{"line":206,"column":1}},"92":{"start":{"line":190,"column":2},"end":{"line":190,"column":38}},"93":{"start":{"line":191,"column":2},"end":{"line":205,"column":3}},"94":{"start":{"line":192,"column":4},"end":{"line":200,"column":5}},"95":{"start":{"line":193,"column":6},"end":{"line":193,"column":30}},"96":{"start":{"line":194,"column":11},"end":{"line":200,"column":5}},"97":{"start":{"line":195,"column":6},"end":{"line":199,"column":20}},"98":{"start":{"line":197,"column":10},"end":{"line":197,"column":49}},"99":{"start":{"line":201,"column":4},"end":{"line":204,"column":29}},"100":{"start":{"line":208,"column":0},"end":{"line":226,"column":1}},"101":{"start":{"line":209,"column":2},"end":{"line":225,"column":3}},"102":{"start":{"line":210,"column":4},"end":{"line":210,"column":25}},"103":{"start":{"line":211,"column":9},"end":{"line":225,"column":3}},"104":{"start":{"line":212,"column":4},"end":{"line":212,"column":45}},"105":{"start":{"line":213,"column":9},"end":{"line":225,"column":3}},"106":{"start":{"line":214,"column":4},"end":{"line":222,"column":6}},"107":{"start":{"line":218,"column":10},"end":{"line":218,"column":54}},"108":{"start":{"line":224,"column":4},"end":{"line":224,"column":56}},"109":{"start":{"line":228,"column":0},"end":{"line":242,"column":1}},"110":{"start":{"line":229,"column":2},"end":{"line":232,"column":25}},"111":{"start":{"line":233,"column":2},"end":{"line":233,"column":30}},"112":{"start":{"line":234,"column":2},"end":{"line":234,"column":46}},"113":{"start":{"line":236,"column":2},"end":{"line":238,"column":5}},"114":{"start":{"line":237,"column":4},"end":{"line":237,"column":53}},"115":{"start":{"line":240,"column":2},"end":{"line":240,"column":13}},"116":{"start":{"line":241,"column":2},"end":{"line":241,"column":13}},"117":{"start":{"line":244,"column":0},"end":{"line":252,"column":1}},"118":{"start":{"line":245,"column":2},"end":{"line":245,"column":45}},"119":{"start":{"line":246,"column":2},"end":{"line":246,"column":79}},"120":{"start":{"line":247,"column":2},"end":{"line":251,"column":3}},"121":{"start":{"line":248,"column":4},"end":{"line":248,"column":14}},"122":{"start":{"line":250,"column":4},"end":{"line":250,"column":36}},"123":{"start":{"line":254,"column":0},"end":{"line":1427,"column":2}},"124":{"start":{"line":257,"column":4},"end":{"line":257,"column":28}},"125":{"start":{"line":258,"column":4},"end":{"line":258,"column":42}},"126":{"start":{"line":259,"column":4},"end":{"line":259,"column":32}},"127":{"start":{"line":260,"column":4},"end":{"line":279,"column":7}},"128":{"start":{"line":264,"column":8},"end":{"line":268,"column":10}},"129":{"start":{"line":271,"column":8},"end":{"line":271,"column":43}},"130":{"start":{"line":274,"column":8},"end":{"line":277,"column":10}},"131":{"start":{"line":281,"column":4},"end":{"line":301,"column":7}},"132":{"start":{"line":285,"column":8},"end":{"line":285,"column":77}},"133":{"start":{"line":288,"column":8},"end":{"line":288,"column":43}},"134":{"start":{"line":291,"column":8},"end":{"line":291,"column":71}},"135":{"start":{"line":294,"column":8},"end":{"line":297,"column":10}},"136":{"start":{"line":298,"column":8},"end":{"line":298,"column":24}},"137":{"start":{"line":299,"column":8},"end":{"line":299,"column":17}},"138":{"start":{"line":303,"column":4},"end":{"line":320,"column":7}},"139":{"start":{"line":307,"column":8},"end":{"line":307,"column":77}},"140":{"start":{"line":310,"column":8},"end":{"line":310,"column":43}},"141":{"start":{"line":313,"column":8},"end":{"line":313,"column":71}},"142":{"start":{"line":316,"column":8},"end":{"line":316,"column":59}},"143":{"start":{"line":317,"column":8},"end":{"line":317,"column":24}},"144":{"start":{"line":318,"column":8},"end":{"line":318,"column":17}},"145":{"start":{"line":322,"column":4},"end":{"line":348,"column":7}},"146":{"start":{"line":326,"column":8},"end":{"line":326,"column":40}},"147":{"start":{"line":329,"column":8},"end":{"line":329,"column":32}},"148":{"start":{"line":333,"column":8},"end":{"line":335,"column":10}},"149":{"start":{"line":338,"column":8},"end":{"line":346,"column":10}},"150":{"start":{"line":351,"column":4},"end":{"line":367,"column":7}},"151":{"start":{"line":356,"column":8},"end":{"line":356,"column":22}},"152":{"start":{"line":359,"column":8},"end":{"line":359,"column":22}},"153":{"start":{"line":362,"column":8},"end":{"line":362,"column":22}},"154":{"start":{"line":365,"column":8},"end":{"line":365,"column":49}},"155":{"start":{"line":369,"column":4},"end":{"line":377,"column":5}},"156":{"start":{"line":370,"column":6},"end":{"line":370,"column":35}},"157":{"start":{"line":371,"column":6},"end":{"line":373,"column":7}},"158":{"start":{"line":372,"column":8},"end":{"line":372,"column":49}},"159":{"start":{"line":374,"column":6},"end":{"line":374,"column":56}},"160":{"start":{"line":375,"column":6},"end":{"line":375,"column":71}},"161":{"start":{"line":376,"column":6},"end":{"line":376,"column":33}},"162":{"start":{"line":379,"column":4},"end":{"line":404,"column":7}},"163":{"start":{"line":383,"column":8},"end":{"line":388,"column":10}},"164":{"start":{"line":391,"column":8},"end":{"line":391,"column":70}},"165":{"start":{"line":394,"column":8},"end":{"line":394,"column":45}},"166":{"start":{"line":397,"column":8},"end":{"line":400,"column":10}},"167":{"start":{"line":401,"column":8},"end":{"line":401,"column":24}},"168":{"start":{"line":402,"column":8},"end":{"line":402,"column":17}},"169":{"start":{"line":406,"column":4},"end":{"line":434,"column":7}},"170":{"start":{"line":410,"column":8},"end":{"line":416,"column":10}},"171":{"start":{"line":419,"column":8},"end":{"line":421,"column":9}},"172":{"start":{"line":420,"column":10},"end":{"line":420,"column":57}},"173":{"start":{"line":422,"column":8},"end":{"line":422,"column":22}},"174":{"start":{"line":425,"column":8},"end":{"line":425,"column":29}},"175":{"start":{"line":426,"column":8},"end":{"line":431,"column":10}},"176":{"start":{"line":432,"column":8},"end":{"line":432,"column":22}},"177":{"start":{"line":436,"column":4},"end":{"line":442,"column":7}},"178":{"start":{"line":440,"column":8},"end":{"line":440,"column":78}},"179":{"start":{"line":444,"column":4},"end":{"line":460,"column":7}},"180":{"start":{"line":448,"column":8},"end":{"line":451,"column":10}},"181":{"start":{"line":454,"column":8},"end":{"line":454,"column":52}},"182":{"start":{"line":455,"column":8},"end":{"line":457,"column":9}},"183":{"start":{"line":456,"column":10},"end":{"line":456,"column":68}},"184":{"start":{"line":458,"column":8},"end":{"line":458,"column":22}},"185":{"start":{"line":462,"column":4},"end":{"line":484,"column":7}},"186":{"start":{"line":466,"column":8},"end":{"line":466,"column":42}},"187":{"start":{"line":469,"column":8},"end":{"line":472,"column":21}},"188":{"start":{"line":475,"column":8},"end":{"line":475,"column":29}},"189":{"start":{"line":476,"column":8},"end":{"line":481,"column":10}},"190":{"start":{"line":482,"column":8},"end":{"line":482,"column":22}},"191":{"start":{"line":486,"column":4},"end":{"line":681,"column":7}},"192":{"start":{"line":490,"column":8},"end":{"line":496,"column":10}},"193":{"start":{"line":499,"column":8},"end":{"line":499,"column":46}},"194":{"start":{"line":500,"column":8},"end":{"line":500,"column":46}},"195":{"start":{"line":501,"column":8},"end":{"line":508,"column":10}},"196":{"start":{"line":511,"column":8},"end":{"line":511,"column":57}},"197":{"start":{"line":512,"column":8},"end":{"line":512,"column":50}},"198":{"start":{"line":514,"column":8},"end":{"line":514,"column":38}},"199":{"start":{"line":515,"column":8},"end":{"line":567,"column":9}},"200":{"start":{"line":516,"column":10},"end":{"line":566,"column":11}},"201":{"start":{"line":517,"column":12},"end":{"line":517,"column":31}},"202":{"start":{"line":519,"column":12},"end":{"line":519,"column":39}},"203":{"start":{"line":520,"column":12},"end":{"line":541,"column":13}},"204":{"start":{"line":521,"column":14},"end":{"line":521,"column":54}},"205":{"start":{"line":522,"column":14},"end":{"line":524,"column":15}},"206":{"start":{"line":523,"column":16},"end":{"line":523,"column":36}},"207":{"start":{"line":525,"column":14},"end":{"line":527,"column":16}},"208":{"start":{"line":528,"column":19},"end":{"line":541,"column":13}},"209":{"start":{"line":529,"column":14},"end":{"line":536,"column":16}},"210":{"start":{"line":538,"column":14},"end":{"line":540,"column":15}},"211":{"start":{"line":539,"column":16},"end":{"line":539,"column":71}},"212":{"start":{"line":543,"column":12},"end":{"line":543,"column":40}},"213":{"start":{"line":544,"column":12},"end":{"line":548,"column":15}},"214":{"start":{"line":545,"column":14},"end":{"line":545,"column":34}},"215":{"start":{"line":546,"column":14},"end":{"line":546,"column":34}},"216":{"start":{"line":547,"column":14},"end":{"line":547,"column":48}},"217":{"start":{"line":550,"column":12},"end":{"line":565,"column":13}},"218":{"start":{"line":551,"column":14},"end":{"line":551,"column":40}},"219":{"start":{"line":553,"column":14},"end":{"line":558,"column":17}},"220":{"start":{"line":554,"column":16},"end":{"line":557,"column":24}},"221":{"start":{"line":560,"column":14},"end":{"line":560,"column":36}},"222":{"start":{"line":562,"column":14},"end":{"line":564,"column":17}},"223":{"start":{"line":563,"column":16},"end":{"line":563,"column":46}},"224":{"start":{"line":568,"column":8},"end":{"line":568,"column":54}},"225":{"start":{"line":569,"column":8},"end":{"line":569,"column":22}},"226":{"start":{"line":573,"column":8},"end":{"line":573,"column":50}},"227":{"start":{"line":574,"column":8},"end":{"line":574,"column":29}},"228":{"start":{"line":576,"column":8},"end":{"line":579,"column":9}},"229":{"start":{"line":577,"column":10},"end":{"line":577,"column":78}},"230":{"start":{"line":578,"column":10},"end":{"line":578,"column":24}},"231":{"start":{"line":581,"column":8},"end":{"line":582,"column":77}},"232":{"start":{"line":583,"column":8},"end":{"line":585,"column":65}},"233":{"start":{"line":587,"column":8},"end":{"line":661,"column":9}},"234":{"start":{"line":588,"column":10},"end":{"line":588,"column":37}},"235":{"start":{"line":589,"column":10},"end":{"line":589,"column":79}},"236":{"start":{"line":590,"column":10},"end":{"line":602,"column":11}},"237":{"start":{"line":593,"column":12},"end":{"line":600,"column":20}},"238":{"start":{"line":596,"column":16},"end":{"line":598,"column":61}},"239":{"start":{"line":601,"column":12},"end":{"line":601,"column":36}},"240":{"start":{"line":603,"column":10},"end":{"line":603,"column":55}},"241":{"start":{"line":604,"column":10},"end":{"line":604,"column":59}},"242":{"start":{"line":605,"column":10},"end":{"line":642,"column":13}},"243":{"start":{"line":606,"column":12},"end":{"line":606,"column":72}},"244":{"start":{"line":607,"column":12},"end":{"line":612,"column":14}},"245":{"start":{"line":613,"column":12},"end":{"line":641,"column":13}},"246":{"start":{"line":614,"column":14},"end":{"line":631,"column":15}},"247":{"start":{"line":618,"column":16},"end":{"line":618,"column":39}},"248":{"start":{"line":620,"column":16},"end":{"line":629,"column":24}},"249":{"start":{"line":623,"column":20},"end":{"line":627,"column":24}},"250":{"start":{"line":630,"column":16},"end":{"line":630,"column":40}},"251":{"start":{"line":632,"column":14},"end":{"line":632,"column":55}},"252":{"start":{"line":634,"column":14},"end":{"line":639,"column":22}},"253":{"start":{"line":637,"column":18},"end":{"line":637,"column":50}},"254":{"start":{"line":640,"column":14},"end":{"line":640,"column":38}},"255":{"start":{"line":643,"column":10},"end":{"line":657,"column":13}},"256":{"start":{"line":644,"column":12},"end":{"line":644,"column":72}},"257":{"start":{"line":645,"column":12},"end":{"line":655,"column":20}},"258":{"start":{"line":647,"column":16},"end":{"line":647,"column":43}},"259":{"start":{"line":648,"column":16},"end":{"line":653,"column":18}},"260":{"start":{"line":656,"column":12},"end":{"line":656,"column":36}},"261":{"start":{"line":658,"column":10},"end":{"line":658,"column":39}},"262":{"start":{"line":660,"column":10},"end":{"line":660,"column":57}},"263":{"start":{"line":663,"column":8},"end":{"line":676,"column":9}},"264":{"start":{"line":664,"column":10},"end":{"line":675,"column":28}},"265":{"start":{"line":678,"column":8},"end":{"line":678,"column":53}},"266":{"start":{"line":679,"column":8},"end":{"line":679,"column":22}},"267":{"start":{"line":683,"column":4},"end":{"line":688,"column":6}},"268":{"start":{"line":686,"column":8},"end":{"line":686,"column":71}},"269":{"start":{"line":690,"column":4},"end":{"line":707,"column":6}},"270":{"start":{"line":693,"column":8},"end":{"line":705,"column":11}},"271":{"start":{"line":695,"column":12},"end":{"line":695,"column":75}},"272":{"start":{"line":696,"column":12},"end":{"line":698,"column":13}},"273":{"start":{"line":697,"column":14},"end":{"line":697,"column":61}},"274":{"start":{"line":699,"column":12},"end":{"line":703,"column":14}},"275":{"start":{"line":709,"column":4},"end":{"line":714,"column":6}},"276":{"start":{"line":712,"column":8},"end":{"line":712,"column":70}},"277":{"start":{"line":717,"column":4},"end":{"line":722,"column":6}},"278":{"start":{"line":720,"column":8},"end":{"line":720,"column":22}},"279":{"start":{"line":725,"column":4},"end":{"line":730,"column":6}},"280":{"start":{"line":728,"column":8},"end":{"line":728,"column":62}},"281":{"start":{"line":732,"column":4},"end":{"line":737,"column":6}},"282":{"start":{"line":735,"column":8},"end":{"line":735,"column":62}},"283":{"start":{"line":739,"column":4},"end":{"line":776,"column":5}},"284":{"start":{"line":740,"column":6},"end":{"line":775,"column":7}},"285":{"start":{"line":742,"column":8},"end":{"line":742,"column":18}},"286":{"start":{"line":743,"column":13},"end":{"line":775,"column":7}},"287":{"start":{"line":745,"column":8},"end":{"line":745,"column":39}},"288":{"start":{"line":746,"column":13},"end":{"line":775,"column":7}},"289":{"start":{"line":748,"column":8},"end":{"line":750,"column":10}},"290":{"start":{"line":751,"column":8},"end":{"line":759,"column":9}},"291":{"start":{"line":752,"column":10},"end":{"line":752,"column":33}},"292":{"start":{"line":753,"column":10},"end":{"line":758,"column":11}},"293":{"start":{"line":754,"column":12},"end":{"line":757,"column":49}},"294":{"start":{"line":760,"column":8},"end":{"line":764,"column":11}},"295":{"start":{"line":763,"column":10},"end":{"line":763,"column":64}},"296":{"start":{"line":765,"column":8},"end":{"line":765,"column":22}},"297":{"start":{"line":766,"column":13},"end":{"line":775,"column":7}},"298":{"start":{"line":768,"column":8},"end":{"line":768,"column":30}},"299":{"start":{"line":770,"column":8},"end":{"line":774,"column":10}},"300":{"start":{"line":778,"column":4},"end":{"line":794,"column":6}},"301":{"start":{"line":781,"column":8},"end":{"line":781,"column":71}},"302":{"start":{"line":782,"column":8},"end":{"line":784,"column":10}},"303":{"start":{"line":783,"column":10},"end":{"line":783,"column":61}},"304":{"start":{"line":785,"column":8},"end":{"line":792,"column":10}},"305":{"start":{"line":796,"column":4},"end":{"line":806,"column":6}},"306":{"start":{"line":799,"column":8},"end":{"line":799,"column":71}},"307":{"start":{"line":800,"column":8},"end":{"line":800,"column":30}},"308":{"start":{"line":801,"column":8},"end":{"line":803,"column":9}},"309":{"start":{"line":802,"column":10},"end":{"line":802,"column":75}},"310":{"start":{"line":804,"column":8},"end":{"line":804,"column":74}},"311":{"start":{"line":808,"column":4},"end":{"line":823,"column":6}},"312":{"start":{"line":811,"column":8},"end":{"line":811,"column":51}},"313":{"start":{"line":812,"column":8},"end":{"line":814,"column":10}},"314":{"start":{"line":813,"column":10},"end":{"line":813,"column":61}},"315":{"start":{"line":815,"column":8},"end":{"line":821,"column":10}},"316":{"start":{"line":825,"column":4},"end":{"line":837,"column":6}},"317":{"start":{"line":828,"column":8},"end":{"line":828,"column":71}},"318":{"start":{"line":829,"column":8},"end":{"line":835,"column":10}},"319":{"start":{"line":833,"column":12},"end":{"line":833,"column":66}},"320":{"start":{"line":839,"column":4},"end":{"line":844,"column":6}},"321":{"start":{"line":842,"column":8},"end":{"line":842,"column":78}},"322":{"start":{"line":846,"column":4},"end":{"line":867,"column":6}},"323":{"start":{"line":849,"column":8},"end":{"line":849,"column":51}},"324":{"start":{"line":850,"column":8},"end":{"line":852,"column":50}},"325":{"start":{"line":853,"column":8},"end":{"line":857,"column":9}},"326":{"start":{"line":854,"column":10},"end":{"line":856,"column":12}},"327":{"start":{"line":858,"column":8},"end":{"line":860,"column":10}},"328":{"start":{"line":859,"column":10},"end":{"line":859,"column":61}},"329":{"start":{"line":861,"column":8},"end":{"line":865,"column":10}},"330":{"start":{"line":869,"column":4},"end":{"line":886,"column":6}},"331":{"start":{"line":872,"column":8},"end":{"line":872,"column":51}},"332":{"start":{"line":873,"column":8},"end":{"line":875,"column":50}},"333":{"start":{"line":876,"column":8},"end":{"line":884,"column":10}},"334":{"start":{"line":882,"column":12},"end":{"line":882,"column":66}},"335":{"start":{"line":888,"column":4},"end":{"line":900,"column":6}},"336":{"start":{"line":891,"column":8},"end":{"line":891,"column":51}},"337":{"start":{"line":892,"column":8},"end":{"line":898,"column":10}},"338":{"start":{"line":896,"column":12},"end":{"line":896,"column":66}},"339":{"start":{"line":902,"column":4},"end":{"line":911,"column":6}},"340":{"start":{"line":905,"column":8},"end":{"line":909,"column":10}},"341":{"start":{"line":913,"column":4},"end":{"line":918,"column":6}},"342":{"start":{"line":916,"column":8},"end":{"line":916,"column":22}},"343":{"start":{"line":920,"column":4},"end":{"line":925,"column":6}},"344":{"start":{"line":923,"column":8},"end":{"line":923,"column":22}},"345":{"start":{"line":927,"column":4},"end":{"line":1273,"column":6}},"346":{"start":{"line":930,"column":8},"end":{"line":930,"column":51}},"347":{"start":{"line":931,"column":8},"end":{"line":939,"column":11}},"348":{"start":{"line":932,"column":10},"end":{"line":938,"column":12}},"349":{"start":{"line":940,"column":8},"end":{"line":947,"column":9}},"350":{"start":{"line":941,"column":10},"end":{"line":946,"column":12}},"351":{"start":{"line":949,"column":8},"end":{"line":983,"column":10}},"352":{"start":{"line":951,"column":12},"end":{"line":957,"column":13}},"353":{"start":{"line":952,"column":14},"end":{"line":956,"column":16}},"354":{"start":{"line":960,"column":12},"end":{"line":980,"column":13}},"355":{"start":{"line":961,"column":14},"end":{"line":965,"column":15}},"356":{"start":{"line":962,"column":16},"end":{"line":964,"column":18}},"357":{"start":{"line":966,"column":14},"end":{"line":973,"column":16}},"358":{"start":{"line":974,"column":19},"end":{"line":980,"column":13}},"359":{"start":{"line":975,"column":14},"end":{"line":979,"column":16}},"360":{"start":{"line":985,"column":8},"end":{"line":986,"column":71}},"361":{"start":{"line":987,"column":8},"end":{"line":987,"column":43}},"362":{"start":{"line":988,"column":8},"end":{"line":988,"column":59}},"363":{"start":{"line":989,"column":8},"end":{"line":989,"column":40}},"364":{"start":{"line":991,"column":8},"end":{"line":1107,"column":9}},"365":{"start":{"line":992,"column":10},"end":{"line":994,"column":11}},"366":{"start":{"line":993,"column":12},"end":{"line":993,"column":54}},"367":{"start":{"line":995,"column":10},"end":{"line":995,"column":48}},"368":{"start":{"line":996,"column":10},"end":{"line":1005,"column":11}},"369":{"start":{"line":997,"column":12},"end":{"line":999,"column":15}},"370":{"start":{"line":998,"column":14},"end":{"line":998,"column":65}},"371":{"start":{"line":1000,"column":17},"end":{"line":1005,"column":11}},"372":{"start":{"line":1004,"column":12},"end":{"line":1004,"column":62}},"373":{"start":{"line":1006,"column":10},"end":{"line":1010,"column":13}},"374":{"start":{"line":1009,"column":12},"end":{"line":1009,"column":55}},"375":{"start":{"line":1012,"column":10},"end":{"line":1084,"column":13}},"376":{"start":{"line":1013,"column":12},"end":{"line":1013,"column":69}},"377":{"start":{"line":1014,"column":12},"end":{"line":1015,"column":58}},"378":{"start":{"line":1016,"column":12},"end":{"line":1083,"column":15}},"379":{"start":{"line":1017,"column":14},"end":{"line":1082,"column":15}},"380":{"start":{"line":1018,"column":16},"end":{"line":1021,"column":18}},"381":{"start":{"line":1022,"column":21},"end":{"line":1082,"column":15}},"382":{"start":{"line":1023,"column":16},"end":{"line":1026,"column":18}},"383":{"start":{"line":1027,"column":21},"end":{"line":1082,"column":15}},"384":{"start":{"line":1032,"column":16},"end":{"line":1034,"column":18}},"385":{"start":{"line":1035,"column":16},"end":{"line":1035,"column":61}},"386":{"start":{"line":1036,"column":16},"end":{"line":1040,"column":17}},"387":{"start":{"line":1037,"column":18},"end":{"line":1039,"column":20}},"388":{"start":{"line":1041,"column":16},"end":{"line":1052,"column":17}},"389":{"start":{"line":1042,"column":18},"end":{"line":1046,"column":20}},"390":{"start":{"line":1048,"column":18},"end":{"line":1051,"column":20}},"391":{"start":{"line":1053,"column":21},"end":{"line":1082,"column":15}},"392":{"start":{"line":1054,"column":16},"end":{"line":1054,"column":37}},"393":{"start":{"line":1055,"column":16},"end":{"line":1061,"column":17}},"394":{"start":{"line":1056,"column":18},"end":{"line":1058,"column":20}},"395":{"start":{"line":1060,"column":18},"end":{"line":1060,"column":72}},"396":{"start":{"line":1063,"column":16},"end":{"line":1075,"column":17}},"397":{"start":{"line":1064,"column":18},"end":{"line":1068,"column":20}},"398":{"start":{"line":1070,"column":18},"end":{"line":1074,"column":20}},"399":{"start":{"line":1077,"column":16},"end":{"line":1081,"column":18}},"400":{"start":{"line":1086,"column":10},"end":{"line":1106,"column":13}},"401":{"start":{"line":1087,"column":12},"end":{"line":1087,"column":55}},"402":{"start":{"line":1088,"column":12},"end":{"line":1098,"column":15}},"403":{"start":{"line":1089,"column":14},"end":{"line":1097,"column":15}},"404":{"start":{"line":1093,"column":16},"end":{"line":1093,"column":64}},"405":{"start":{"line":1095,"column":16},"end":{"line":1095,"column":70}},"406":{"start":{"line":1096,"column":16},"end":{"line":1096,"column":60}},"407":{"start":{"line":1099,"column":12},"end":{"line":1105,"column":13}},"408":{"start":{"line":1100,"column":14},"end":{"line":1104,"column":16}},"409":{"start":{"line":1109,"column":8},"end":{"line":1271,"column":11}},"410":{"start":{"line":1110,"column":10},"end":{"line":1270,"column":13}},"411":{"start":{"line":1111,"column":12},"end":{"line":1269,"column":15}},"412":{"start":{"line":1113,"column":16},"end":{"line":1265,"column":19}},"413":{"start":{"line":1114,"column":18},"end":{"line":1114,"column":36}},"414":{"start":{"line":1115,"column":18},"end":{"line":1115,"column":40}},"415":{"start":{"line":1116,"column":18},"end":{"line":1120,"column":22}},"416":{"start":{"line":1121,"column":18},"end":{"line":1131,"column":19}},"417":{"start":{"line":1122,"column":20},"end":{"line":1122,"column":37}},"418":{"start":{"line":1123,"column":20},"end":{"line":1123,"column":63}},"419":{"start":{"line":1124,"column":20},"end":{"line":1130,"column":23}},"420":{"start":{"line":1125,"column":22},"end":{"line":1129,"column":53}},"421":{"start":{"line":1132,"column":18},"end":{"line":1132,"column":47}},"422":{"start":{"line":1133,"column":18},"end":{"line":1164,"column":21}},"423":{"start":{"line":1134,"column":20},"end":{"line":1134,"column":57}},"424":{"start":{"line":1135,"column":20},"end":{"line":1135,"column":73}},"425":{"start":{"line":1136,"column":20},"end":{"line":1141,"column":22}},"426":{"start":{"line":1142,"column":20},"end":{"line":1162,"column":21}},"427":{"start":{"line":1149,"column":22},"end":{"line":1149,"column":39}},"428":{"start":{"line":1150,"column":22},"end":{"line":1161,"column":25}},"429":{"start":{"line":1151,"column":24},"end":{"line":1160,"column":25}},"430":{"start":{"line":1156,"column":26},"end":{"line":1156,"column":78}},"431":{"start":{"line":1159,"column":26},"end":{"line":1159,"column":58}},"432":{"start":{"line":1163,"column":20},"end":{"line":1163,"column":62}},"433":{"start":{"line":1165,"column":18},"end":{"line":1196,"column":21}},"434":{"start":{"line":1166,"column":20},"end":{"line":1195,"column":21}},"435":{"start":{"line":1167,"column":22},"end":{"line":1167,"column":75}},"436":{"start":{"line":1168,"column":22},"end":{"line":1194,"column":23}},"437":{"start":{"line":1169,"column":24},"end":{"line":1169,"column":41}},"438":{"start":{"line":1170,"column":24},"end":{"line":1170,"column":62}},"439":{"start":{"line":1171,"column":24},"end":{"line":1192,"column":29}},"440":{"start":{"line":1174,"column":28},"end":{"line":1176,"column":68}},"441":{"start":{"line":1177,"column":28},"end":{"line":1191,"column":29}},"442":{"start":{"line":1181,"column":30},"end":{"line":1190,"column":34}},"443":{"start":{"line":1193,"column":24},"end":{"line":1193,"column":66}},"444":{"start":{"line":1197,"column":18},"end":{"line":1225,"column":19}},"445":{"start":{"line":1198,"column":20},"end":{"line":1221,"column":21}},"446":{"start":{"line":1199,"column":22},"end":{"line":1212,"column":30}},"447":{"start":{"line":1204,"column":26},"end":{"line":1209,"column":29}},"448":{"start":{"line":1205,"column":28},"end":{"line":1207,"column":29}},"449":{"start":{"line":1206,"column":30},"end":{"line":1206,"column":42}},"450":{"start":{"line":1208,"column":28},"end":{"line":1208,"column":48}},"451":{"start":{"line":1214,"column":22},"end":{"line":1214,"column":34}},"452":{"start":{"line":1215,"column":22},"end":{"line":1220,"column":25}},"453":{"start":{"line":1216,"column":24},"end":{"line":1218,"column":25}},"454":{"start":{"line":1217,"column":26},"end":{"line":1217,"column":38}},"455":{"start":{"line":1219,"column":24},"end":{"line":1219,"column":44}},"456":{"start":{"line":1222,"column":25},"end":{"line":1225,"column":19}},"457":{"start":{"line":1224,"column":20},"end":{"line":1224,"column":32}},"458":{"start":{"line":1227,"column":18},"end":{"line":1227,"column":47}},"459":{"start":{"line":1228,"column":18},"end":{"line":1230,"column":51}},"460":{"start":{"line":1231,"column":18},"end":{"line":1263,"column":19}},"461":{"start":{"line":1232,"column":20},"end":{"line":1232,"column":69}},"462":{"start":{"line":1233,"column":20},"end":{"line":1258,"column":21}},"463":{"start":{"line":1234,"column":22},"end":{"line":1239,"column":40}},"464":{"start":{"line":1241,"column":22},"end":{"line":1253,"column":27}},"465":{"start":{"line":1246,"column":26},"end":{"line":1252,"column":27}},"466":{"start":{"line":1251,"column":28},"end":{"line":1251,"column":77}},"467":{"start":{"line":1254,"column":22},"end":{"line":1256,"column":25}},"468":{"start":{"line":1255,"column":24},"end":{"line":1255,"column":73}},"469":{"start":{"line":1257,"column":22},"end":{"line":1257,"column":34}},"470":{"start":{"line":1260,"column":20},"end":{"line":1262,"column":21}},"471":{"start":{"line":1261,"column":22},"end":{"line":1261,"column":66}},"472":{"start":{"line":1264,"column":18},"end":{"line":1264,"column":64}},"473":{"start":{"line":1266,"column":16},"end":{"line":1266,"column":37}},"474":{"start":{"line":1267,"column":16},"end":{"line":1267,"column":30}},"475":{"start":{"line":1275,"column":4},"end":{"line":1284,"column":6}},"476":{"start":{"line":1278,"column":8},"end":{"line":1282,"column":10}},"477":{"start":{"line":1286,"column":4},"end":{"line":1297,"column":6}},"478":{"start":{"line":1289,"column":8},"end":{"line":1289,"column":48}},"479":{"start":{"line":1291,"column":8},"end":{"line":1293,"column":11}},"480":{"start":{"line":1292,"column":10},"end":{"line":1292,"column":34}},"481":{"start":{"line":1295,"column":8},"end":{"line":1295,"column":70}},"482":{"start":{"line":1299,"column":4},"end":{"line":1308,"column":6}},"483":{"start":{"line":1302,"column":8},"end":{"line":1306,"column":10}},"484":{"start":{"line":1310,"column":4},"end":{"line":1318,"column":6}},"485":{"start":{"line":1313,"column":8},"end":{"line":1316,"column":11}},"486":{"start":{"line":1320,"column":4},"end":{"line":1329,"column":6}},"487":{"start":{"line":1323,"column":8},"end":{"line":1327,"column":9}},"488":{"start":{"line":1324,"column":10},"end":{"line":1324,"column":59}},"489":{"start":{"line":1326,"column":10},"end":{"line":1326,"column":63}},"490":{"start":{"line":1331,"column":4},"end":{"line":1337,"column":7}},"491":{"start":{"line":1336,"column":6},"end":{"line":1336,"column":62}},"492":{"start":{"line":1339,"column":4},"end":{"line":1383,"column":6}},"493":{"start":{"line":1342,"column":8},"end":{"line":1342,"column":24}},"494":{"start":{"line":1344,"column":8},"end":{"line":1346,"column":10}},"495":{"start":{"line":1345,"column":10},"end":{"line":1345,"column":37}},"496":{"start":{"line":1348,"column":8},"end":{"line":1348,"column":36}},"497":{"start":{"line":1350,"column":8},"end":{"line":1380,"column":9}},"498":{"start":{"line":1351,"column":10},"end":{"line":1351,"column":53}},"499":{"start":{"line":1352,"column":10},"end":{"line":1364,"column":11}},"500":{"start":{"line":1353,"column":12},"end":{"line":1355,"column":14}},"501":{"start":{"line":1354,"column":14},"end":{"line":1354,"column":56}},"502":{"start":{"line":1356,"column":12},"end":{"line":1363,"column":15}},"503":{"start":{"line":1357,"column":14},"end":{"line":1362,"column":45}},"504":{"start":{"line":1366,"column":10},"end":{"line":1366,"column":56}},"505":{"start":{"line":1367,"column":10},"end":{"line":1379,"column":11}},"506":{"start":{"line":1368,"column":12},"end":{"line":1370,"column":14}},"507":{"start":{"line":1369,"column":14},"end":{"line":1369,"column":56}},"508":{"start":{"line":1371,"column":12},"end":{"line":1378,"column":15}},"509":{"start":{"line":1372,"column":14},"end":{"line":1377,"column":45}},"510":{"start":{"line":1381,"column":8},"end":{"line":1381,"column":41}},"511":{"start":{"line":1385,"column":4},"end":{"line":1397,"column":6}},"512":{"start":{"line":1388,"column":8},"end":{"line":1390,"column":9}},"513":{"start":{"line":1389,"column":10},"end":{"line":1389,"column":75}},"514":{"start":{"line":1392,"column":8},"end":{"line":1394,"column":10}},"515":{"start":{"line":1393,"column":10},"end":{"line":1393,"column":52}},"516":{"start":{"line":1395,"column":8},"end":{"line":1395,"column":77}},"517":{"start":{"line":1399,"column":4},"end":{"line":1407,"column":6}},"518":{"start":{"line":1402,"column":8},"end":{"line":1404,"column":10}},"519":{"start":{"line":1403,"column":10},"end":{"line":1403,"column":52}},"520":{"start":{"line":1405,"column":8},"end":{"line":1405,"column":75}},"521":{"start":{"line":1409,"column":4},"end":{"line":1417,"column":6}},"522":{"start":{"line":1412,"column":8},"end":{"line":1412,"column":36}},"523":{"start":{"line":1413,"column":8},"end":{"line":1415,"column":10}},"524":{"start":{"line":1419,"column":4},"end":{"line":1425,"column":6}},"525":{"start":{"line":1422,"column":8},"end":{"line":1422,"column":36}},"526":{"start":{"line":1423,"column":8},"end":{"line":1423,"column":71}}},"branchMap":{"1":{"line":5,"type":"if","locations":[{"start":{"line":5,"column":2},"end":{"line":5,"column":2}},{"start":{"line":5,"column":2},"end":{"line":5,"column":2}}]},"2":{"line":9,"type":"if","locations":[{"start":{"line":9,"column":2},"end":{"line":9,"column":2}},{"start":{"line":9,"column":2},"end":{"line":9,"column":2}}]},"3":{"line":11,"type":"if","locations":[{"start":{"line":11,"column":9},"end":{"line":11,"column":9}},{"start":{"line":11,"column":9},"end":{"line":11,"column":9}}]},"4":{"line":12,"type":"binary-expr","locations":[{"start":{"line":12,"column":4},"end":{"line":12,"column":35}},{"start":{"line":13,"column":4},"end":{"line":13,"column":27}},{"start":{"line":14,"column":4},"end":{"line":14,"column":46}}]},"5":{"line":27,"type":"cond-expr","locations":[{"start":{"line":28,"column":14},"end":{"line":28,"column":55}},{"start":{"line":29,"column":14},"end":{"line":29,"column":16}}]},"6":{"line":33,"type":"if","locations":[{"start":{"line":33,"column":4},"end":{"line":33,"column":4}},{"start":{"line":33,"column":4},"end":{"line":33,"column":4}}]},"7":{"line":39,"type":"if","locations":[{"start":{"line":39,"column":2},"end":{"line":39,"column":2}},{"start":{"line":39,"column":2},"end":{"line":39,"column":2}}]},"8":{"line":42,"type":"if","locations":[{"start":{"line":42,"column":4},"end":{"line":42,"column":4}},{"start":{"line":42,"column":4},"end":{"line":42,"column":4}}]},"9":{"line":54,"type":"if","locations":[{"start":{"line":54,"column":2},"end":{"line":54,"column":2}},{"start":{"line":54,"column":2},"end":{"line":54,"column":2}}]},"10":{"line":63,"type":"cond-expr","locations":[{"start":{"line":64,"column":14},"end":{"line":64,"column":55}},{"start":{"line":65,"column":14},"end":{"line":65,"column":16}}]},"11":{"line":69,"type":"if","locations":[{"start":{"line":69,"column":4},"end":{"line":69,"column":4}},{"start":{"line":69,"column":4},"end":{"line":69,"column":4}}]},"12":{"line":86,"type":"if","locations":[{"start":{"line":86,"column":2},"end":{"line":86,"column":2}},{"start":{"line":86,"column":2},"end":{"line":86,"column":2}}]},"13":{"line":91,"type":"if","locations":[{"start":{"line":91,"column":2},"end":{"line":91,"column":2}},{"start":{"line":91,"column":2},"end":{"line":91,"column":2}}]},"14":{"line":107,"type":"if","locations":[{"start":{"line":107,"column":4},"end":{"line":107,"column":4}},{"start":{"line":107,"column":4},"end":{"line":107,"column":4}}]},"15":{"line":107,"type":"binary-expr","locations":[{"start":{"line":107,"column":8},"end":{"line":107,"column":16}},{"start":{"line":107,"column":20},"end":{"line":107,"column":28}}]},"16":{"line":116,"type":"if","locations":[{"start":{"line":116,"column":2},"end":{"line":116,"column":2}},{"start":{"line":116,"column":2},"end":{"line":116,"column":2}}]},"17":{"line":121,"type":"if","locations":[{"start":{"line":121,"column":2},"end":{"line":121,"column":2}},{"start":{"line":121,"column":2},"end":{"line":121,"column":2}}]},"18":{"line":121,"type":"binary-expr","locations":[{"start":{"line":121,"column":6},"end":{"line":121,"column":29}},{"start":{"line":121,"column":33},"end":{"line":121,"column":53}}]},"19":{"line":129,"type":"if","locations":[{"start":{"line":129,"column":2},"end":{"line":129,"column":2}},{"start":{"line":129,"column":2},"end":{"line":129,"column":2}}]},"20":{"line":129,"type":"binary-expr","locations":[{"start":{"line":129,"column":6},"end":{"line":129,"column":25}},{"start":{"line":129,"column":29},"end":{"line":129,"column":49}},{"start":{"line":129,"column":53},"end":{"line":129,"column":72}}]},"21":{"line":134,"type":"if","locations":[{"start":{"line":134,"column":2},"end":{"line":134,"column":2}},{"start":{"line":134,"column":2},"end":{"line":134,"column":2}}]},"22":{"line":147,"type":"if","locations":[{"start":{"line":147,"column":4},"end":{"line":147,"column":4}},{"start":{"line":147,"column":4},"end":{"line":147,"column":4}}]},"23":{"line":149,"type":"binary-expr","locations":[{"start":{"line":149,"column":9},"end":{"line":149,"column":23}},{"start":{"line":149,"column":27},"end":{"line":149,"column":52}},{"start":{"line":149,"column":57},"end":{"line":149,"column":59}}]},"24":{"line":150,"type":"if","locations":[{"start":{"line":150,"column":11},"end":{"line":150,"column":11}},{"start":{"line":150,"column":11},"end":{"line":150,"column":11}}]},"25":{"line":154,"type":"cond-expr","locations":[{"start":{"line":155,"column":12},"end":{"line":155,"column":16}},{"start":{"line":156,"column":12},"end":{"line":156,"column":32}}]},"26":{"line":154,"type":"binary-expr","locations":[{"start":{"line":154,"column":8},"end":{"line":154,"column":14}},{"start":{"line":154,"column":18},"end":{"line":154,"column":51}}]},"27":{"line":156,"type":"binary-expr","locations":[{"start":{"line":156,"column":12},"end":{"line":156,"column":26}},{"start":{"line":156,"column":30},"end":{"line":156,"column":32}}]},"28":{"line":191,"type":"if","locations":[{"start":{"line":191,"column":2},"end":{"line":191,"column":2}},{"start":{"line":191,"column":2},"end":{"line":191,"column":2}}]},"29":{"line":191,"type":"binary-expr","locations":[{"start":{"line":191,"column":6},"end":{"line":191,"column":13}},{"start":{"line":191,"column":17},"end":{"line":191,"column":51}}]},"30":{"line":192,"type":"if","locations":[{"start":{"line":192,"column":4},"end":{"line":192,"column":4}},{"start":{"line":192,"column":4},"end":{"line":192,"column":4}}]},"31":{"line":194,"type":"if","locations":[{"start":{"line":194,"column":11},"end":{"line":194,"column":11}},{"start":{"line":194,"column":11},"end":{"line":194,"column":11}}]},"32":{"line":209,"type":"if","locations":[{"start":{"line":209,"column":2},"end":{"line":209,"column":2}},{"start":{"line":209,"column":2},"end":{"line":209,"column":2}}]},"33":{"line":211,"type":"if","locations":[{"start":{"line":211,"column":9},"end":{"line":211,"column":9}},{"start":{"line":211,"column":9},"end":{"line":211,"column":9}}]},"34":{"line":213,"type":"if","locations":[{"start":{"line":213,"column":9},"end":{"line":213,"column":9}},{"start":{"line":213,"column":9},"end":{"line":213,"column":9}}]},"35":{"line":230,"type":"cond-expr","locations":[{"start":{"line":231,"column":8},"end":{"line":231,"column":38}},{"start":{"line":232,"column":8},"end":{"line":232,"column":24}}]},"36":{"line":246,"type":"cond-expr","locations":[{"start":{"line":246,"column":29},"end":{"line":246,"column":59}},{"start":{"line":246,"column":62},"end":{"line":246,"column":78}}]},"37":{"line":247,"type":"if","locations":[{"start":{"line":247,"column":2},"end":{"line":247,"column":2}},{"start":{"line":247,"column":2},"end":{"line":247,"column":2}}]},"38":{"line":247,"type":"binary-expr","locations":[{"start":{"line":247,"column":6},"end":{"line":247,"column":12}},{"start":{"line":247,"column":16},"end":{"line":247,"column":42}},{"start":{"line":247,"column":46},"end":{"line":247,"column":77}}]},"39":{"line":265,"type":"binary-expr","locations":[{"start":{"line":265,"column":10},"end":{"line":265,"column":13}},{"start":{"line":266,"column":10},"end":{"line":266,"column":22}},{"start":{"line":267,"column":10},"end":{"line":267,"column":67}}]},"40":{"line":285,"type":"binary-expr","locations":[{"start":{"line":285,"column":15},"end":{"line":285,"column":18}},{"start":{"line":285,"column":22},"end":{"line":285,"column":54}},{"start":{"line":285,"column":58},"end":{"line":285,"column":76}}]},"41":{"line":307,"type":"binary-expr","locations":[{"start":{"line":307,"column":15},"end":{"line":307,"column":18}},{"start":{"line":307,"column":22},"end":{"line":307,"column":54}},{"start":{"line":307,"column":58},"end":{"line":307,"column":76}}]},"42":{"line":334,"type":"binary-expr","locations":[{"start":{"line":334,"column":10},"end":{"line":334,"column":26}},{"start":{"line":334,"column":30},"end":{"line":334,"column":46}},{"start":{"line":334,"column":50},"end":{"line":334,"column":75}}]},"43":{"line":339,"type":"binary-expr","locations":[{"start":{"line":339,"column":10},"end":{"line":339,"column":13}},{"start":{"line":340,"column":10},"end":{"line":340,"column":40}},{"start":{"line":341,"column":10},"end":{"line":341,"column":44}},{"start":{"line":342,"column":10},"end":{"line":342,"column":40}},{"start":{"line":344,"column":11},"end":{"line":344,"column":52}},{"start":{"line":345,"column":13},"end":{"line":345,"column":28}},{"start":{"line":345,"column":32},"end":{"line":345,"column":67}}]},"44":{"line":365,"type":"binary-expr","locations":[{"start":{"line":365,"column":15},"end":{"line":365,"column":18}},{"start":{"line":365,"column":22},"end":{"line":365,"column":48}}]},"45":{"line":384,"type":"binary-expr","locations":[{"start":{"line":384,"column":10},"end":{"line":384,"column":13}},{"start":{"line":385,"column":10},"end":{"line":385,"column":42}},{"start":{"line":386,"column":10},"end":{"line":386,"column":29}},{"start":{"line":387,"column":10},"end":{"line":387,"column":27}}]},"46":{"line":411,"type":"binary-expr","locations":[{"start":{"line":411,"column":10},"end":{"line":411,"column":13}},{"start":{"line":412,"column":10},"end":{"line":412,"column":42}},{"start":{"line":413,"column":10},"end":{"line":413,"column":28}},{"start":{"line":414,"column":10},"end":{"line":414,"column":29}},{"start":{"line":415,"column":10},"end":{"line":415,"column":28}}]},"47":{"line":440,"type":"binary-expr","locations":[{"start":{"line":440,"column":15},"end":{"line":440,"column":42}},{"start":{"line":440,"column":46},"end":{"line":440,"column":77}}]},"48":{"line":449,"type":"binary-expr","locations":[{"start":{"line":449,"column":10},"end":{"line":449,"column":37}},{"start":{"line":450,"column":10},"end":{"line":450,"column":68}}]},"49":{"line":466,"type":"binary-expr","locations":[{"start":{"line":466,"column":15},"end":{"line":466,"column":18}},{"start":{"line":466,"column":22},"end":{"line":466,"column":41}}]},"50":{"line":491,"type":"binary-expr","locations":[{"start":{"line":491,"column":10},"end":{"line":491,"column":13}},{"start":{"line":492,"column":10},"end":{"line":492,"column":42}},{"start":{"line":493,"column":10},"end":{"line":493,"column":28}},{"start":{"line":494,"column":10},"end":{"line":494,"column":22}},{"start":{"line":495,"column":10},"end":{"line":495,"column":24}}]},"51":{"line":502,"type":"binary-expr","locations":[{"start":{"line":502,"column":10},"end":{"line":502,"column":29}},{"start":{"line":503,"column":11},"end":{"line":505,"column":39}},{"start":{"line":506,"column":10},"end":{"line":506,"column":51}},{"start":{"line":507,"column":10},"end":{"line":507,"column":43}}]},"52":{"line":503,"type":"cond-expr","locations":[{"start":{"line":504,"column":14},"end":{"line":504,"column":67}},{"start":{"line":505,"column":14},"end":{"line":505,"column":39}}]},"53":{"line":515,"type":"if","locations":[{"start":{"line":515,"column":8},"end":{"line":515,"column":8}},{"start":{"line":515,"column":8},"end":{"line":515,"column":8}}]},"54":{"line":516,"type":"if","locations":[{"start":{"line":516,"column":10},"end":{"line":516,"column":10}},{"start":{"line":516,"column":10},"end":{"line":516,"column":10}}]},"55":{"line":520,"type":"if","locations":[{"start":{"line":520,"column":12},"end":{"line":520,"column":12}},{"start":{"line":520,"column":12},"end":{"line":520,"column":12}}]},"56":{"line":522,"type":"if","locations":[{"start":{"line":522,"column":14},"end":{"line":522,"column":14}},{"start":{"line":522,"column":14},"end":{"line":522,"column":14}}]},"57":{"line":522,"type":"binary-expr","locations":[{"start":{"line":522,"column":18},"end":{"line":522,"column":23}},{"start":{"line":522,"column":27},"end":{"line":522,"column":50}}]},"58":{"line":528,"type":"if","locations":[{"start":{"line":528,"column":19},"end":{"line":528,"column":19}},{"start":{"line":528,"column":19},"end":{"line":528,"column":19}}]},"59":{"line":534,"type":"binary-expr","locations":[{"start":{"line":534,"column":20},"end":{"line":534,"column":48}},{"start":{"line":534,"column":52},"end":{"line":534,"column":62}}]},"60":{"line":547,"type":"binary-expr","locations":[{"start":{"line":547,"column":21},"end":{"line":547,"column":31}},{"start":{"line":547,"column":35},"end":{"line":547,"column":47}}]},"61":{"line":550,"type":"if","locations":[{"start":{"line":550,"column":12},"end":{"line":550,"column":12}},{"start":{"line":550,"column":12},"end":{"line":550,"column":12}}]},"62":{"line":576,"type":"if","locations":[{"start":{"line":576,"column":8},"end":{"line":576,"column":8}},{"start":{"line":576,"column":8},"end":{"line":576,"column":8}}]},"63":{"line":582,"type":"binary-expr","locations":[{"start":{"line":582,"column":10},"end":{"line":582,"column":40}},{"start":{"line":582,"column":44},"end":{"line":582,"column":76}}]},"64":{"line":584,"type":"binary-expr","locations":[{"start":{"line":584,"column":10},"end":{"line":584,"column":75}},{"start":{"line":585,"column":10},"end":{"line":585,"column":64}}]},"65":{"line":587,"type":"if","locations":[{"start":{"line":587,"column":8},"end":{"line":587,"column":8}},{"start":{"line":587,"column":8},"end":{"line":587,"column":8}}]},"66":{"line":590,"type":"if","locations":[{"start":{"line":590,"column":10},"end":{"line":590,"column":10}},{"start":{"line":590,"column":10},"end":{"line":590,"column":10}}]},"67":{"line":606,"type":"cond-expr","locations":[{"start":{"line":606,"column":40},"end":{"line":606,"column":41}},{"start":{"line":606,"column":44},"end":{"line":606,"column":70}}]},"68":{"line":613,"type":"if","locations":[{"start":{"line":613,"column":12},"end":{"line":613,"column":12}},{"start":{"line":613,"column":12},"end":{"line":613,"column":12}}]},"69":{"line":614,"type":"if","locations":[{"start":{"line":614,"column":14},"end":{"line":614,"column":14}},{"start":{"line":614,"column":14},"end":{"line":614,"column":14}}]},"70":{"line":644,"type":"cond-expr","locations":[{"start":{"line":644,"column":40},"end":{"line":644,"column":41}},{"start":{"line":644,"column":44},"end":{"line":644,"column":70}}]},"71":{"line":663,"type":"if","locations":[{"start":{"line":663,"column":8},"end":{"line":663,"column":8}},{"start":{"line":663,"column":8},"end":{"line":663,"column":8}}]},"72":{"line":696,"type":"if","locations":[{"start":{"line":696,"column":12},"end":{"line":696,"column":12}},{"start":{"line":696,"column":12},"end":{"line":696,"column":12}}]},"73":{"line":740,"type":"if","locations":[{"start":{"line":740,"column":6},"end":{"line":740,"column":6}},{"start":{"line":740,"column":6},"end":{"line":740,"column":6}}]},"74":{"line":740,"type":"binary-expr","locations":[{"start":{"line":740,"column":10},"end":{"line":740,"column":29}},{"start":{"line":740,"column":33},"end":{"line":740,"column":67}}]},"75":{"line":743,"type":"if","locations":[{"start":{"line":743,"column":13},"end":{"line":743,"column":13}},{"start":{"line":743,"column":13},"end":{"line":743,"column":13}}]},"76":{"line":746,"type":"if","locations":[{"start":{"line":746,"column":13},"end":{"line":746,"column":13}},{"start":{"line":746,"column":13},"end":{"line":746,"column":13}}]},"77":{"line":749,"type":"cond-expr","locations":[{"start":{"line":749,"column":25},"end":{"line":749,"column":52}},{"start":{"line":749,"column":55},"end":{"line":749,"column":68}}]},"78":{"line":751,"type":"if","locations":[{"start":{"line":751,"column":8},"end":{"line":751,"column":8}},{"start":{"line":751,"column":8},"end":{"line":751,"column":8}}]},"79":{"line":755,"type":"cond-expr","locations":[{"start":{"line":756,"column":18},"end":{"line":756,"column":22}},{"start":{"line":757,"column":18},"end":{"line":757,"column":48}}]},"80":{"line":755,"type":"binary-expr","locations":[{"start":{"line":755,"column":14},"end":{"line":755,"column":20}},{"start":{"line":755,"column":24},"end":{"line":755,"column":67}}]},"81":{"line":757,"type":"binary-expr","locations":[{"start":{"line":757,"column":18},"end":{"line":757,"column":42}},{"start":{"line":757,"column":46},"end":{"line":757,"column":48}}]},"82":{"line":766,"type":"if","locations":[{"start":{"line":766,"column":13},"end":{"line":766,"column":13}},{"start":{"line":766,"column":13},"end":{"line":766,"column":13}}]},"83":{"line":783,"type":"cond-expr","locations":[{"start":{"line":783,"column":45},"end":{"line":783,"column":51}},{"start":{"line":783,"column":54},"end":{"line":783,"column":59}}]},"84":{"line":788,"type":"cond-expr","locations":[{"start":{"line":789,"column":14},"end":{"line":789,"column":60}},{"start":{"line":790,"column":14},"end":{"line":790,"column":53}}]},"85":{"line":813,"type":"cond-expr","locations":[{"start":{"line":813,"column":45},"end":{"line":813,"column":51}},{"start":{"line":813,"column":54},"end":{"line":813,"column":59}}]},"86":{"line":818,"type":"cond-expr","locations":[{"start":{"line":819,"column":14},"end":{"line":819,"column":60}},{"start":{"line":820,"column":14},"end":{"line":820,"column":53}}]},"87":{"line":850,"type":"cond-expr","locations":[{"start":{"line":851,"column":12},"end":{"line":851,"column":56}},{"start":{"line":852,"column":12},"end":{"line":852,"column":49}}]},"88":{"line":853,"type":"if","locations":[{"start":{"line":853,"column":8},"end":{"line":853,"column":8}},{"start":{"line":853,"column":8},"end":{"line":853,"column":8}}]},"89":{"line":859,"type":"cond-expr","locations":[{"start":{"line":859,"column":45},"end":{"line":859,"column":51}},{"start":{"line":859,"column":54},"end":{"line":859,"column":59}}]},"90":{"line":873,"type":"cond-expr","locations":[{"start":{"line":874,"column":12},"end":{"line":874,"column":57}},{"start":{"line":875,"column":12},"end":{"line":875,"column":49}}]},"91":{"line":933,"type":"binary-expr","locations":[{"start":{"line":933,"column":12},"end":{"line":933,"column":32}},{"start":{"line":934,"column":12},"end":{"line":934,"column":26}},{"start":{"line":935,"column":12},"end":{"line":935,"column":30}},{"start":{"line":936,"column":12},"end":{"line":936,"column":36}},{"start":{"line":937,"column":12},"end":{"line":937,"column":33}}]},"92":{"line":940,"type":"if","locations":[{"start":{"line":940,"column":8},"end":{"line":940,"column":8}},{"start":{"line":940,"column":8},"end":{"line":940,"column":8}}]},"93":{"line":943,"type":"cond-expr","locations":[{"start":{"line":943,"column":49},"end":{"line":943,"column":51}},{"start":{"line":943,"column":54},"end":{"line":943,"column":57}}]},"94":{"line":951,"type":"if","locations":[{"start":{"line":951,"column":12},"end":{"line":951,"column":12}},{"start":{"line":951,"column":12},"end":{"line":951,"column":12}}]},"95":{"line":951,"type":"binary-expr","locations":[{"start":{"line":951,"column":16},"end":{"line":951,"column":21}},{"start":{"line":951,"column":25},"end":{"line":951,"column":58}}]},"96":{"line":953,"type":"cond-expr","locations":[{"start":{"line":953,"column":25},"end":{"line":953,"column":55}},{"start":{"line":953,"column":58},"end":{"line":953,"column":74}}]},"97":{"line":960,"type":"if","locations":[{"start":{"line":960,"column":12},"end":{"line":960,"column":12}},{"start":{"line":960,"column":12},"end":{"line":960,"column":12}}]},"98":{"line":961,"type":"if","locations":[{"start":{"line":961,"column":14},"end":{"line":961,"column":14}},{"start":{"line":961,"column":14},"end":{"line":961,"column":14}}]},"99":{"line":974,"type":"if","locations":[{"start":{"line":974,"column":19},"end":{"line":974,"column":19}},{"start":{"line":974,"column":19},"end":{"line":974,"column":19}}]},"100":{"line":986,"type":"binary-expr","locations":[{"start":{"line":986,"column":11},"end":{"line":986,"column":16}},{"start":{"line":986,"column":20},"end":{"line":986,"column":40}},{"start":{"line":986,"column":45},"end":{"line":986,"column":70}}]},"101":{"line":988,"type":"binary-expr","locations":[{"start":{"line":988,"column":33},"end":{"line":988,"column":38}},{"start":{"line":988,"column":42},"end":{"line":988,"column":58}}]},"102":{"line":991,"type":"if","locations":[{"start":{"line":991,"column":8},"end":{"line":991,"column":8}},{"start":{"line":991,"column":8},"end":{"line":991,"column":8}}]},"103":{"line":992,"type":"if","locations":[{"start":{"line":992,"column":10},"end":{"line":992,"column":10}},{"start":{"line":992,"column":10},"end":{"line":992,"column":10}}]},"104":{"line":996,"type":"if","locations":[{"start":{"line":996,"column":10},"end":{"line":996,"column":10}},{"start":{"line":996,"column":10},"end":{"line":996,"column":10}}]},"105":{"line":1000,"type":"if","locations":[{"start":{"line":1000,"column":17},"end":{"line":1000,"column":17}},{"start":{"line":1000,"column":17},"end":{"line":1000,"column":17}}]},"106":{"line":1001,"type":"binary-expr","locations":[{"start":{"line":1001,"column":12},"end":{"line":1001,"column":30}},{"start":{"line":1002,"column":12},"end":{"line":1002,"column":50}}]},"107":{"line":1017,"type":"if","locations":[{"start":{"line":1017,"column":14},"end":{"line":1017,"column":14}},{"start":{"line":1017,"column":14},"end":{"line":1017,"column":14}}]},"108":{"line":1022,"type":"if","locations":[{"start":{"line":1022,"column":21},"end":{"line":1022,"column":21}},{"start":{"line":1022,"column":21},"end":{"line":1022,"column":21}}]},"109":{"line":1027,"type":"if","locations":[{"start":{"line":1027,"column":21},"end":{"line":1027,"column":21}},{"start":{"line":1027,"column":21},"end":{"line":1027,"column":21}}]},"110":{"line":1028,"type":"binary-expr","locations":[{"start":{"line":1028,"column":16},"end":{"line":1028,"column":41}},{"start":{"line":1029,"column":17},"end":{"line":1029,"column":59}},{"start":{"line":1030,"column":18},"end":{"line":1030,"column":55}}]},"111":{"line":1036,"type":"if","locations":[{"start":{"line":1036,"column":16},"end":{"line":1036,"column":16}},{"start":{"line":1036,"column":16},"end":{"line":1036,"column":16}}]},"112":{"line":1041,"type":"if","locations":[{"start":{"line":1041,"column":16},"end":{"line":1041,"column":16}},{"start":{"line":1041,"column":16},"end":{"line":1041,"column":16}}]},"113":{"line":1053,"type":"if","locations":[{"start":{"line":1053,"column":21},"end":{"line":1053,"column":21}},{"start":{"line":1053,"column":21},"end":{"line":1053,"column":21}}]},"114":{"line":1055,"type":"if","locations":[{"start":{"line":1055,"column":16},"end":{"line":1055,"column":16}},{"start":{"line":1055,"column":16},"end":{"line":1055,"column":16}}]},"115":{"line":1063,"type":"if","locations":[{"start":{"line":1063,"column":16},"end":{"line":1063,"column":16}},{"start":{"line":1063,"column":16},"end":{"line":1063,"column":16}}]},"116":{"line":1089,"type":"if","locations":[{"start":{"line":1089,"column":14},"end":{"line":1089,"column":14}},{"start":{"line":1089,"column":14},"end":{"line":1089,"column":14}}]},"117":{"line":1099,"type":"if","locations":[{"start":{"line":1099,"column":12},"end":{"line":1099,"column":12}},{"start":{"line":1099,"column":12},"end":{"line":1099,"column":12}}]},"118":{"line":1119,"type":"cond-expr","locations":[{"start":{"line":1119,"column":31},"end":{"line":1119,"column":61}},{"start":{"line":1119,"column":64},"end":{"line":1119,"column":80}}]},"119":{"line":1121,"type":"if","locations":[{"start":{"line":1121,"column":18},"end":{"line":1121,"column":18}},{"start":{"line":1121,"column":18},"end":{"line":1121,"column":18}}]},"120":{"line":1126,"type":"binary-expr","locations":[{"start":{"line":1126,"column":25},"end":{"line":1126,"column":34}},{"start":{"line":1126,"column":38},"end":{"line":1126,"column":58}},{"start":{"line":1126,"column":63},"end":{"line":1126,"column":79}}]},"121":{"line":1142,"type":"if","locations":[{"start":{"line":1142,"column":20},"end":{"line":1142,"column":20}},{"start":{"line":1142,"column":20},"end":{"line":1142,"column":20}}]},"122":{"line":1143,"type":"binary-expr","locations":[{"start":{"line":1143,"column":23},"end":{"line":1143,"column":30}},{"start":{"line":1143,"column":34},"end":{"line":1143,"column":55}},{"start":{"line":1144,"column":23},"end":{"line":1144,"column":31}},{"start":{"line":1145,"column":25},"end":{"line":1145,"column":40}},{"start":{"line":1146,"column":26},"end":{"line":1146,"column":78}}]},"123":{"line":1151,"type":"if","locations":[{"start":{"line":1151,"column":24},"end":{"line":1151,"column":24}},{"start":{"line":1151,"column":24},"end":{"line":1151,"column":24}}]},"124":{"line":1152,"type":"binary-expr","locations":[{"start":{"line":1152,"column":26},"end":{"line":1152,"column":33}},{"start":{"line":1153,"column":26},"end":{"line":1154,"column":39}}]},"125":{"line":1166,"type":"if","locations":[{"start":{"line":1166,"column":20},"end":{"line":1166,"column":20}},{"start":{"line":1166,"column":20},"end":{"line":1166,"column":20}}]},"126":{"line":1168,"type":"if","locations":[{"start":{"line":1168,"column":22},"end":{"line":1168,"column":22}},{"start":{"line":1168,"column":22},"end":{"line":1168,"column":22}}]},"127":{"line":1168,"type":"binary-expr","locations":[{"start":{"line":1168,"column":26},"end":{"line":1168,"column":34}},{"start":{"line":1168,"column":38},"end":{"line":1168,"column":58}}]},"128":{"line":1170,"type":"binary-expr","locations":[{"start":{"line":1170,"column":34},"end":{"line":1170,"column":41}},{"start":{"line":1170,"column":45},"end":{"line":1170,"column":61}}]},"129":{"line":1177,"type":"if","locations":[{"start":{"line":1177,"column":28},"end":{"line":1177,"column":28}},{"start":{"line":1177,"column":28},"end":{"line":1177,"column":28}}]},"130":{"line":1183,"type":"binary-expr","locations":[{"start":{"line":1183,"column":35},"end":{"line":1183,"column":38}},{"start":{"line":1183,"column":42},"end":{"line":1183,"column":56}},{"start":{"line":1183,"column":61},"end":{"line":1183,"column":77}}]},"131":{"line":1197,"type":"if","locations":[{"start":{"line":1197,"column":18},"end":{"line":1197,"column":18}},{"start":{"line":1197,"column":18},"end":{"line":1197,"column":18}}]},"132":{"line":1198,"type":"if","locations":[{"start":{"line":1198,"column":20},"end":{"line":1198,"column":20}},{"start":{"line":1198,"column":20},"end":{"line":1198,"column":20}}]},"133":{"line":1205,"type":"if","locations":[{"start":{"line":1205,"column":28},"end":{"line":1205,"column":28}},{"start":{"line":1205,"column":28},"end":{"line":1205,"column":28}}]},"134":{"line":1216,"type":"if","locations":[{"start":{"line":1216,"column":24},"end":{"line":1216,"column":24}},{"start":{"line":1216,"column":24},"end":{"line":1216,"column":24}}]},"135":{"line":1222,"type":"if","locations":[{"start":{"line":1222,"column":25},"end":{"line":1222,"column":25}},{"start":{"line":1222,"column":25},"end":{"line":1222,"column":25}}]},"136":{"line":1229,"type":"binary-expr","locations":[{"start":{"line":1229,"column":20},"end":{"line":1229,"column":54}},{"start":{"line":1230,"column":20},"end":{"line":1230,"column":50}}]},"137":{"line":1231,"type":"if","locations":[{"start":{"line":1231,"column":18},"end":{"line":1231,"column":18}},{"start":{"line":1231,"column":18},"end":{"line":1231,"column":18}}]},"138":{"line":1233,"type":"if","locations":[{"start":{"line":1233,"column":20},"end":{"line":1233,"column":20}},{"start":{"line":1233,"column":20},"end":{"line":1233,"column":20}}]},"139":{"line":1233,"type":"binary-expr","locations":[{"start":{"line":1233,"column":24},"end":{"line":1233,"column":36}},{"start":{"line":1233,"column":40},"end":{"line":1233,"column":59}}]},"140":{"line":1323,"type":"if","locations":[{"start":{"line":1323,"column":8},"end":{"line":1323,"column":8}},{"start":{"line":1323,"column":8},"end":{"line":1323,"column":8}}]},"141":{"line":1350,"type":"if","locations":[{"start":{"line":1350,"column":8},"end":{"line":1350,"column":8}},{"start":{"line":1350,"column":8},"end":{"line":1350,"column":8}}]},"142":{"line":1352,"type":"if","locations":[{"start":{"line":1352,"column":10},"end":{"line":1352,"column":10}},{"start":{"line":1352,"column":10},"end":{"line":1352,"column":10}}]},"143":{"line":1367,"type":"if","locations":[{"start":{"line":1367,"column":10},"end":{"line":1367,"column":10}},{"start":{"line":1367,"column":10},"end":{"line":1367,"column":10}}]},"144":{"line":1388,"type":"if","locations":[{"start":{"line":1388,"column":8},"end":{"line":1388,"column":8}},{"start":{"line":1388,"column":8},"end":{"line":1388,"column":8}}]}}},"/Users/ssimonsen/Code/unexpected-dom/lib/matchesSelector.js":{"path":"/Users/ssimonsen/Code/unexpected-dom/lib/matchesSelector.js","s":{"1":1,"2":16,"3":0,"4":0,"5":0,"6":0,"7":0,"8":0,"9":16},"b":{"1":[16,16,16,16,16,0],"2":[0,0],"3":[0,0]},"f":{"1":16,"2":0},"fnMap":{"1":{"name":"(anonymous_1)","line":1,"loc":{"start":{"line":1,"column":17},"end":{"line":1,"column":41}}},"2":{"name":"(anonymous_2)","line":8,"loc":{"start":{"line":8,"column":4},"end":{"line":8,"column":23}}}},"statementMap":{"1":{"start":{"line":1,"column":0},"end":{"line":21,"column":2}},"2":{"start":{"line":2,"column":2},"end":{"line":18,"column":6}},"3":{"start":{"line":9,"column":6},"end":{"line":9,"column":22}},"4":{"start":{"line":10,"column":6},"end":{"line":10,"column":80}},"5":{"start":{"line":11,"column":6},"end":{"line":11,"column":16}},"6":{"start":{"line":13,"column":6},"end":{"line":15,"column":7}},"7":{"start":{"line":14,"column":8},"end":{"line":14,"column":15}},"8":{"start":{"line":17,"column":6},"end":{"line":17,"column":24}},"9":{"start":{"line":20,"column":2},"end":{"line":20,"column":42}}},"branchMap":{"1":{"line":3,"type":"binary-expr","locations":[{"start":{"line":3,"column":4},"end":{"line":3,"column":23}},{"start":{"line":4,"column":4},"end":{"line":4,"column":26}},{"start":{"line":5,"column":4},"end":{"line":5,"column":25}},{"start":{"line":6,"column":4},"end":{"line":6,"column":24}},{"start":{"line":7,"column":4},"end":{"line":7,"column":29}},{"start":{"line":8,"column":4},"end":{"line":18,"column":5}}]},"2":{"line":10,"type":"binary-expr","locations":[{"start":{"line":10,"column":19},"end":{"line":10,"column":34}},{"start":{"line":10,"column":38},"end":{"line":10,"column":51}}]},"3":{"line":13,"type":"binary-expr","locations":[{"start":{"line":13,"column":13},"end":{"line":13,"column":21}},{"start":{"line":13,"column":25},"end":{"line":13,"column":42}}]}}}}