TN:
SF:/Users/ssimonsen/Code/unexpected-dom/bootstrap-unexpected-markdown.js
FN:10,createElement
FNF:1
FNH:1
FNDA:40,createElement
DA:2,1
DA:3,1
DA:4,1
DA:5,1
DA:6,1
DA:7,1
DA:8,1
DA:10,1
DA:11,40
DA:13,40
DA:19,40
DA:22,1
LF:12
LH:12
BRF:0
BRH:0
end_of_record
TN:
SF:/Users/ssimonsen/Code/unexpected-dom/lib/index.js
FN:4,parseHtml
FN:53,parseXml
FN:82,isBooleanAttribute
FN:98,styleStringToObject
FN:101,(anonymous_5)
FN:102,(anonymous_6)
FN:115,getClassNamesFromAttributeValue
FN:127,isInsideHtmlDocument
FN:141,getAttributes
FN:163,getCanonicalAttributes
FN:169,(anonymous_11)
FN:176,entitify
FN:183,isVoidElement
FN:189,writeAttributeToMagicPen
FN:196,(anonymous_15)
FN:208,stringifyAttribute
FN:217,(anonymous_17)
FN:228,stringifyStartTag
FN:236,(anonymous_19)
FN:244,stringifyEndTag
FN:256,(anonymous_21)
FN:263,(anonymous_22)
FN:270,(anonymous_23)
FN:273,(anonymous_24)
FN:284,(anonymous_25)
FN:287,(anonymous_26)
FN:290,(anonymous_27)
FN:293,(anonymous_28)
FN:306,(anonymous_29)
FN:309,(anonymous_30)
FN:312,(anonymous_31)
FN:315,(anonymous_32)
FN:325,(anonymous_33)
FN:328,(anonymous_34)
FN:331,(anonymous_35)
FN:337,(anonymous_36)
FN:355,(anonymous_37)
FN:358,(anonymous_38)
FN:361,(anonymous_39)
FN:364,(anonymous_40)
FN:369,makeAttachedDOMNodeList
FN:382,(anonymous_42)
FN:390,(anonymous_43)
FN:393,(anonymous_44)
FN:396,(anonymous_45)
FN:409,(anonymous_46)
FN:418,(anonymous_47)
FN:424,(anonymous_48)
FN:439,(anonymous_49)
FN:447,(anonymous_50)
FN:453,(anonymous_51)
FN:465,(anonymous_52)
FN:468,(anonymous_53)
FN:474,(anonymous_54)
FN:489,(anonymous_55)
FN:498,(anonymous_56)
FN:510,(anonymous_57)
FN:544,(anonymous_58)
FN:553,(anonymous_59)
FN:562,(anonymous_60)
FN:572,(anonymous_61)
FN:595,(anonymous_62)
FN:605,(anonymous_63)
FN:622,(anonymous_64)
FN:636,(anonymous_65)
FN:643,(anonymous_66)
FN:646,(anonymous_67)
FN:685,(anonymous_68)
FN:692,(anonymous_69)
FN:694,(anonymous_70)
FN:711,(anonymous_71)
FN:719,(anonymous_72)
FN:727,(anonymous_73)
FN:734,(anonymous_74)
FN:739,convertDOMNodeToSatisfySpec
FN:760,(anonymous_76)
FN:780,(anonymous_77)
FN:782,(anonymous_78)
FN:798,(anonymous_79)
FN:810,(anonymous_80)
FN:812,(anonymous_81)
FN:827,(anonymous_82)
FN:832,(anonymous_83)
FN:841,(anonymous_84)
FN:848,(anonymous_85)
FN:858,(anonymous_86)
FN:871,(anonymous_87)
FN:879,(anonymous_88)
FN:890,(anonymous_89)
FN:895,(anonymous_90)
FN:904,(anonymous_91)
FN:915,(anonymous_92)
FN:922,(anonymous_93)
FN:929,(anonymous_94)
FN:931,(anonymous_95)
FN:950,(anonymous_96)
FN:959,(anonymous_97)
FN:997,(anonymous_98)
FN:1006,(anonymous_99)
FN:1012,(anonymous_100)
FN:1016,(anonymous_101)
FN:1086,(anonymous_102)
FN:1088,(anonymous_103)
FN:1109,(anonymous_104)
FN:1110,(anonymous_105)
FN:1112,(anonymous_106)
FN:1113,(anonymous_107)
FN:1124,(anonymous_108)
FN:1133,(anonymous_109)
FN:1150,(anonymous_110)
FN:1165,(anonymous_111)
FN:1173,(anonymous_112)
FN:1203,(anonymous_113)
FN:1204,(anonymous_114)
FN:1215,(anonymous_115)
FN:1245,(anonymous_116)
FN:1254,(anonymous_117)
FN:1277,(anonymous_118)
FN:1288,(anonymous_119)
FN:1291,(anonymous_120)
FN:1301,(anonymous_121)
FN:1312,(anonymous_122)
FN:1322,(anonymous_123)
FN:1331,(anonymous_124)
FN:1341,(anonymous_125)
FN:1344,(anonymous_126)
FN:1353,(anonymous_127)
FN:1356,(anonymous_128)
FN:1368,(anonymous_129)
FN:1371,(anonymous_130)
FN:1387,(anonymous_131)
FN:1392,(anonymous_132)
FN:1401,(anonymous_133)
FN:1402,(anonymous_134)
FN:1411,(anonymous_135)
FN:1421,(anonymous_136)
FNF:136
FNH:133
FNDA:64,parseHtml
FNDA:4,parseXml
FNDA:1137,isBooleanAttribute
FNDA:111,styleStringToObject
FNDA:220,(anonymous_5)
FNDA:425,(anonymous_6)
FNDA:100,getClassNamesFromAttributeValue
FNDA:2062,isInsideHtmlDocument
FNDA:936,getAttributes
FNDA:559,getCanonicalAttributes
FNDA:393,(anonymous_11)
FNDA:822,entitify
FNDA:693,isVoidElement
FNDA:251,writeAttributeToMagicPen
FNDA:64,(anonymous_15)
FNDA:393,stringifyAttribute
FNDA:66,(anonymous_17)
FNDA:559,stringifyStartTag
FNDA:393,(anonymous_19)
FNDA:711,stringifyEndTag
FNDA:3,(anonymous_21)
FNDA:17690,(anonymous_22)
FNDA:14,(anonymous_23)
FNDA:0,(anonymous_24)
FNDA:17743,(anonymous_25)
FNDA:13,(anonymous_26)
FNDA:14,(anonymous_27)
FNDA:1,(anonymous_28)
FNDA:18363,(anonymous_29)
FNDA:45,(anonymous_30)
FNDA:398,(anonymous_31)
FNDA:6,(anonymous_32)
FNDA:48,(anonymous_33)
FNDA:48,(anonymous_34)
FNDA:134,(anonymous_35)
FNDA:18570,(anonymous_36)
FNDA:115,(anonymous_37)
FNDA:115,(anonymous_38)
FNDA:163,(anonymous_39)
FNDA:18870,(anonymous_40)
FNDA:149,makeAttachedDOMNodeList
FNDA:18909,(anonymous_42)
FNDA:25,(anonymous_43)
FNDA:3,(anonymous_44)
FNDA:0,(anonymous_45)
FNDA:56882,(anonymous_46)
FNDA:20,(anonymous_47)
FNDA:1,(anonymous_48)
FNDA:18980,(anonymous_49)
FNDA:18993,(anonymous_50)
FNDA:1,(anonymous_51)
FNDA:19063,(anonymous_52)
FNDA:22,(anonymous_53)
FNDA:2,(anonymous_54)
FNDA:20627,(anonymous_55)
FNDA:40,(anonymous_56)
FNDA:547,(anonymous_57)
FNDA:455,(anonymous_58)
FNDA:176,(anonymous_59)
FNDA:306,(anonymous_60)
FNDA:22,(anonymous_61)
FNDA:2,(anonymous_62)
FNDA:10,(anonymous_63)
FNDA:5,(anonymous_64)
FNDA:3,(anonymous_65)
FNDA:2,(anonymous_66)
FNDA:2,(anonymous_67)
FNDA:16,(anonymous_68)
FNDA:7,(anonymous_69)
FNDA:7,(anonymous_70)
FNDA:3,(anonymous_71)
FNDA:1,(anonymous_72)
FNDA:6,(anonymous_73)
FNDA:93,(anonymous_74)
FNDA:138,convertDOMNodeToSatisfySpec
FNDA:66,(anonymous_76)
FNDA:4,(anonymous_77)
FNDA:1,(anonymous_78)
FNDA:4,(anonymous_79)
FNDA:3,(anonymous_80)
FNDA:4,(anonymous_81)
FNDA:7,(anonymous_82)
FNDA:18,(anonymous_83)
FNDA:15,(anonymous_84)
FNDA:31,(anonymous_85)
FNDA:13,(anonymous_86)
FNDA:2,(anonymous_87)
FNDA:4,(anonymous_88)
FNDA:2,(anonymous_89)
FNDA:4,(anonymous_90)
FNDA:40,(anonymous_91)
FNDA:3,(anonymous_92)
FNDA:0,(anonymous_93)
FNDA:235,(anonymous_94)
FNDA:523,(anonymous_95)
FNDA:234,(anonymous_96)
FNDA:234,(anonymous_97)
FNDA:74,(anonymous_98)
FNDA:227,(anonymous_99)
FNDA:227,(anonymous_100)
FNDA:227,(anonymous_101)
FNDA:203,(anonymous_102)
FNDA:227,(anonymous_103)
FNDA:84,(anonymous_104)
FNDA:84,(anonymous_105)
FNDA:142,(anonymous_106)
FNDA:142,(anonymous_107)
FNDA:10,(anonymous_108)
FNDA:239,(anonymous_109)
FNDA:100,(anonymous_110)
FNDA:144,(anonymous_111)
FNDA:22,(anonymous_112)
FNDA:102,(anonymous_113)
FNDA:234,(anonymous_114)
FNDA:27,(anonymous_115)
FNDA:2,(anonymous_116)
FNDA:2,(anonymous_117)
FNDA:24,(anonymous_118)
FNDA:13,(anonymous_119)
FNDA:23,(anonymous_120)
FNDA:8,(anonymous_121)
FNDA:110,(anonymous_122)
FNDA:19,(anonymous_123)
FNDA:15,(anonymous_124)
FNDA:62,(anonymous_125)
FNDA:26,(anonymous_126)
FNDA:5,(anonymous_127)
FNDA:5,(anonymous_128)
FNDA:2,(anonymous_129)
FNDA:2,(anonymous_130)
FNDA:15,(anonymous_131)
FNDA:6,(anonymous_132)
FNDA:16,(anonymous_133)
FNDA:7,(anonymous_134)
FNDA:24,(anonymous_135)
FNDA:4,(anonymous_136)
DA:2,1
DA:4,1
DA:5,64
DA:6,53
DA:8,64
DA:9,64
DA:10,1
DA:11,63
DA:16,63
DA:17,63
DA:18,63
DA:19,63
DA:21,0
DA:22,0
DA:23,0
DA:25,0
DA:33,0
DA:34,0
DA:36,0
DA:39,64
DA:40,53
DA:41,53
DA:42,53
DA:43,53
DA:44,75
DA:47,53
DA:49,11
DA:53,1
DA:54,4
DA:55,1
DA:57,3
DA:58,3
DA:59,3
DA:61,0
DA:69,3
DA:70,3
DA:72,0
DA:78,1
DA:82,1
DA:83,1137
DA:86,1137
DA:87,88
DA:90,1049
DA:91,1049
DA:92,1049
DA:94,0
DA:98,1
DA:99,111
DA:101,111
DA:102,220
DA:103,425
DA:107,220
DA:108,205
DA:112,111
DA:115,1
DA:116,100
DA:117,1
DA:120,99
DA:121,99
DA:122,0
DA:124,99
DA:127,1
DA:128,2062
DA:129,2062
DA:130,4
DA:132,2058
DA:134,2062
DA:135,2062
DA:137,0
DA:141,1
DA:142,936
DA:143,936
DA:144,936
DA:146,936
DA:147,850
DA:148,277
DA:150,573
DA:151,100
DA:153,473
DA:160,936
DA:163,1
DA:164,559
DA:165,559
DA:167,559
DA:170,393
DA:173,559
DA:176,1
DA:177,822
DA:183,1
DA:184,693
DA:189,1
DA:190,251
DA:191,251
DA:192,231
DA:193,78
DA:194,153
DA:195,34
DA:197,64
DA:201,231
DA:208,1
DA:209,393
DA:210,24
DA:211,369
DA:212,145
DA:213,224
DA:214,36
DA:218,66
DA:224,188
DA:228,1
DA:229,559
DA:233,559
DA:234,559
DA:236,559
DA:237,393
DA:240,559
DA:241,559
DA:244,1
DA:245,711
DA:246,711
DA:247,711
DA:248,24
DA:250,687
DA:254,1
DA:257,3
DA:258,3
DA:259,3
DA:260,3
DA:264,17690
DA:271,14
DA:274,0
DA:281,3
DA:285,17743
DA:288,13
DA:291,14
DA:294,1
DA:298,1
DA:299,1
DA:303,3
DA:307,18363
DA:310,45
DA:313,398
DA:316,6
DA:317,6
DA:318,6
DA:322,3
DA:326,48
DA:329,48
DA:333,134
DA:338,18570
DA:351,3
DA:356,115
DA:359,115
DA:362,163
DA:365,18870
DA:369,1
DA:370,149
DA:371,149
DA:372,195
DA:374,149
DA:375,149
DA:376,149
DA:379,3
DA:383,18909
DA:391,25
DA:394,3
DA:397,0
DA:401,0
DA:402,0
DA:406,3
DA:410,56882
DA:419,20
DA:420,42
DA:422,20
DA:425,1
DA:426,1
DA:432,1
DA:436,3
DA:440,18980
DA:444,3
DA:448,18993
DA:454,1
DA:455,1
DA:456,1
DA:458,1
DA:462,3
DA:466,19063
DA:469,22
DA:475,2
DA:476,2
DA:482,2
DA:486,3
DA:490,20627
DA:499,40
DA:500,40
DA:501,40
DA:511,547
DA:512,547
DA:514,547
DA:515,547
DA:516,410
DA:517,72
DA:519,338
DA:520,338
DA:521,0
DA:522,0
DA:523,0
DA:525,0
DA:528,338
DA:529,0
DA:538,338
DA:539,482
DA:543,338
DA:544,338
DA:545,455
DA:546,455
DA:547,455
DA:550,338
DA:551,94
DA:553,94
DA:554,176
DA:560,94
DA:562,244
DA:563,306
DA:568,547
DA:569,547
DA:573,22
DA:574,22
DA:576,22
DA:577,0
DA:578,0
DA:581,22
DA:583,22
DA:587,22
DA:588,10
DA:589,10
DA:590,10
DA:593,2
DA:596,2
DA:601,2
DA:603,10
DA:604,10
DA:605,10
DA:606,10
DA:607,10
DA:613,10
DA:614,7
DA:618,2
DA:620,5
DA:623,5
DA:630,5
DA:632,7
DA:634,3
DA:637,3
DA:640,3
DA:643,10
DA:644,2
DA:645,2
DA:647,2
DA:648,2
DA:656,2
DA:658,10
DA:660,12
DA:663,22
DA:664,14
DA:678,22
DA:679,22
DA:683,3
DA:686,16
DA:690,3
DA:693,7
DA:695,7
DA:696,7
DA:697,3
DA:699,7
DA:709,3
DA:712,3
DA:717,3
DA:720,1
DA:725,3
DA:728,6
DA:732,3
DA:735,93
DA:739,1
DA:740,138
DA:742,2
DA:743,136
DA:745,4
DA:746,132
DA:748,68
DA:751,68
DA:752,68
DA:753,68
DA:754,28
DA:760,68
DA:763,66
DA:765,68
DA:766,64
DA:768,64
DA:770,0
DA:778,3
DA:781,4
DA:782,4
DA:783,1
DA:785,4
DA:796,3
DA:799,4
DA:800,4
DA:801,4
DA:802,6
DA:804,4
DA:808,3
DA:811,3
DA:812,3
DA:813,4
DA:815,3
DA:825,3
DA:828,7
DA:829,7
DA:833,18
DA:839,3
DA:842,15
DA:846,3
DA:849,31
DA:850,31
DA:853,31
DA:854,0
DA:858,31
DA:859,13
DA:861,31
DA:869,3
DA:872,2
DA:873,2
DA:876,2
DA:882,4
DA:888,3
DA:891,2
DA:892,2
DA:896,4
DA:902,3
DA:905,40
DA:913,3
DA:916,3
DA:920,3
DA:923,0
DA:927,3
DA:930,235
DA:931,235
DA:932,523
DA:940,235
DA:941,1
DA:949,234
DA:951,234
DA:952,96
DA:960,234
DA:961,111
DA:962,0
DA:966,111
DA:974,123
DA:975,2
DA:985,234
DA:987,234
DA:988,234
DA:989,234
DA:991,234
DA:992,203
DA:993,0
DA:995,203
DA:996,203
DA:997,34
DA:998,74
DA:1000,169
DA:1004,169
DA:1006,203
DA:1009,227
DA:1012,203
DA:1013,227
DA:1014,227
DA:1016,227
DA:1017,227
DA:1018,75
DA:1022,152
DA:1023,3
DA:1027,149
DA:1032,55
DA:1035,55
DA:1036,55
DA:1037,35
DA:1041,55
DA:1042,11
DA:1048,44
DA:1053,94
DA:1054,31
DA:1055,31
DA:1056,11
DA:1060,20
DA:1063,31
DA:1064,12
DA:1070,19
DA:1077,63
DA:1086,203
DA:1087,203
DA:1088,203
DA:1089,227
DA:1093,3
DA:1095,224
DA:1096,224
DA:1099,183
DA:1100,36
DA:1109,234
DA:1110,84
DA:1111,84
DA:1113,142
DA:1114,142
DA:1115,142
DA:1116,142
DA:1121,142
DA:1122,10
DA:1123,10
DA:1124,10
DA:1125,10
DA:1132,142
DA:1133,142
DA:1134,239
DA:1135,239
DA:1136,239
DA:1142,239
DA:1149,100
DA:1150,100
DA:1151,100
DA:1156,56
DA:1159,44
DA:1163,239
DA:1165,142
DA:1166,144
DA:1167,25
DA:1168,25
DA:1169,22
DA:1170,22
DA:1171,22
DA:1174,22
DA:1177,22
DA:1181,12
DA:1193,22
DA:1197,142
DA:1198,122
DA:1199,102
DA:1204,102
DA:1205,234
DA:1206,132
DA:1208,234
DA:1214,20
DA:1215,20
DA:1216,27
DA:1217,7
DA:1219,27
DA:1222,20
DA:1224,6
DA:1227,142
DA:1228,142
DA:1231,142
DA:1232,40
DA:1233,40
DA:1234,38
DA:1241,2
DA:1246,2
DA:1251,2
DA:1254,2
DA:1255,2
DA:1257,2
DA:1260,102
DA:1261,70
DA:1264,142
DA:1266,142
DA:1267,142
DA:1275,3
DA:1278,24
DA:1286,3
DA:1289,13
DA:1291,13
DA:1292,23
DA:1295,13
DA:1299,3
DA:1302,8
DA:1310,3
DA:1313,110
DA:1320,3
DA:1323,19
DA:1324,12
DA:1326,7
DA:1331,3
DA:1336,15
DA:1339,3
DA:1342,62
DA:1344,62
DA:1345,26
DA:1348,62
DA:1350,62
DA:1351,53
DA:1352,53
DA:1353,3
DA:1354,5
DA:1356,3
DA:1357,5
DA:1366,9
DA:1367,9
DA:1368,1
DA:1369,2
DA:1371,1
DA:1372,2
DA:1381,58
DA:1385,3
DA:1388,15
DA:1389,6
DA:1392,9
DA:1393,6
DA:1395,9
DA:1399,3
DA:1402,16
DA:1403,7
DA:1405,16
DA:1409,3
DA:1412,24
DA:1413,24
DA:1419,3
DA:1422,4
DA:1423,4
LF:526
LH:498
BRDA:5,1,0,53
BRDA:5,1,1,11
BRDA:9,2,0,1
BRDA:9,2,1,63
BRDA:11,3,0,63
BRDA:11,3,1,0
BRDA:12,4,0,63
BRDA:12,4,1,63
BRDA:12,4,2,63
BRDA:27,5,0,0
BRDA:27,5,1,0
BRDA:33,6,0,0
BRDA:33,6,1,0
BRDA:39,7,0,53
BRDA:39,7,1,11
BRDA:42,8,0,53
BRDA:42,8,1,0
BRDA:54,9,0,1
BRDA:54,9,1,3
BRDA:63,10,0,0
BRDA:63,10,1,0
BRDA:69,11,0,3
BRDA:69,11,1,0
BRDA:86,12,0,88
BRDA:86,12,1,1049
BRDA:91,13,0,1049
BRDA:91,13,1,0
BRDA:107,14,0,205
BRDA:107,14,1,15
BRDA:107,15,0,220
BRDA:107,15,1,205
BRDA:116,16,0,1
BRDA:116,16,1,99
BRDA:121,17,0,0
BRDA:121,17,1,99
BRDA:121,18,0,99
BRDA:121,18,1,56
BRDA:129,19,0,4
BRDA:129,19,1,2058
BRDA:129,20,0,2062
BRDA:129,20,1,4
BRDA:129,20,2,4
BRDA:134,21,0,2062
BRDA:134,21,1,0
BRDA:147,22,0,277
BRDA:147,22,1,573
BRDA:149,23,0,277
BRDA:149,23,1,277
BRDA:149,23,2,0
BRDA:150,24,0,100
BRDA:150,24,1,473
BRDA:154,25,0,44
BRDA:154,25,1,429
BRDA:154,26,0,473
BRDA:154,26,1,467
BRDA:156,27,0,429
BRDA:156,27,1,1
BRDA:191,28,0,231
BRDA:191,28,1,20
BRDA:191,29,0,251
BRDA:191,29,1,249
BRDA:192,30,0,78
BRDA:192,30,1,153
BRDA:194,31,0,34
BRDA:194,31,1,119
BRDA:209,32,0,24
BRDA:209,32,1,369
BRDA:211,33,0,145
BRDA:211,33,1,224
BRDA:213,34,0,36
BRDA:213,34,1,188
BRDA:230,35,0,549
BRDA:230,35,1,10
BRDA:246,36,0,693
BRDA:246,36,1,18
BRDA:247,37,0,24
BRDA:247,37,1,687
BRDA:247,38,0,711
BRDA:247,38,1,693
BRDA:247,38,2,24
BRDA:265,39,0,17690
BRDA:265,39,1,17051
BRDA:265,39,2,0
BRDA:285,40,0,17743
BRDA:285,40,1,17104
BRDA:285,40,2,54
BRDA:307,41,0,18363
BRDA:307,41,1,17724
BRDA:307,41,2,674
BRDA:334,42,0,134
BRDA:334,42,1,72
BRDA:334,42,2,17
BRDA:339,43,0,18570
BRDA:339,43,1,17931
BRDA:339,43,2,12395
BRDA:339,43,3,12395
BRDA:339,43,4,207
BRDA:339,43,5,0
BRDA:339,43,6,0
BRDA:365,44,0,18870
BRDA:365,44,1,18231
BRDA:384,45,0,18909
BRDA:384,45,1,18270
BRDA:384,45,2,713
BRDA:384,45,3,39
BRDA:411,46,0,56882
BRDA:411,46,1,54965
BRDA:411,46,2,2294
BRDA:411,46,3,155
BRDA:411,46,4,155
BRDA:440,47,0,18980
BRDA:440,47,1,71
BRDA:449,48,0,18993
BRDA:449,48,1,84
BRDA:466,49,0,19063
BRDA:466,49,1,18424
BRDA:491,50,0,20627
BRDA:491,50,1,19988
BRDA:491,50,2,2431
BRDA:491,50,3,1565
BRDA:491,50,4,1564
BRDA:502,51,0,40
BRDA:502,51,1,40
BRDA:502,51,2,35
BRDA:502,51,3,28
BRDA:503,52,0,40
BRDA:503,52,1,0
BRDA:515,53,0,410
BRDA:515,53,1,137
BRDA:516,54,0,72
BRDA:516,54,1,338
BRDA:520,55,0,0
BRDA:520,55,1,338
BRDA:522,56,0,0
BRDA:522,56,1,0
BRDA:522,57,0,0
BRDA:522,57,1,0
BRDA:528,58,0,0
BRDA:528,58,1,338
BRDA:534,59,0,0
BRDA:534,59,1,0
BRDA:547,60,0,455
BRDA:547,60,1,361
BRDA:550,61,0,94
BRDA:550,61,1,244
BRDA:576,62,0,0
BRDA:576,62,1,22
BRDA:582,63,0,22
BRDA:582,63,1,8
BRDA:584,64,0,22
BRDA:584,64,1,20
BRDA:587,65,0,10
BRDA:587,65,1,12
BRDA:590,66,0,2
BRDA:590,66,1,8
BRDA:606,67,0,7
BRDA:606,67,1,3
BRDA:613,68,0,7
BRDA:613,68,1,3
BRDA:614,69,0,2
BRDA:614,69,1,5
BRDA:644,70,0,2
BRDA:644,70,1,0
BRDA:663,71,0,14
BRDA:663,71,1,8
BRDA:696,72,0,3
BRDA:696,72,1,4
BRDA:740,73,0,2
BRDA:740,73,1,136
BRDA:740,74,0,138
BRDA:740,74,1,2
BRDA:743,75,0,4
BRDA:743,75,1,132
BRDA:746,76,0,68
BRDA:746,76,1,64
BRDA:749,77,0,68
BRDA:749,77,1,0
BRDA:751,78,0,68
BRDA:751,78,1,0
BRDA:755,79,0,0
BRDA:755,79,1,28
BRDA:755,80,0,28
BRDA:755,80,1,28
BRDA:757,81,0,28
BRDA:757,81,1,0
BRDA:766,82,0,64
BRDA:766,82,1,0
BRDA:783,83,0,1
BRDA:783,83,1,0
BRDA:788,84,0,4
BRDA:788,84,1,0
BRDA:813,85,0,4
BRDA:813,85,1,0
BRDA:818,86,0,3
BRDA:818,86,1,0
BRDA:850,87,0,31
BRDA:850,87,1,0
BRDA:853,88,0,0
BRDA:853,88,1,31
BRDA:859,89,0,13
BRDA:859,89,1,0
BRDA:873,90,0,2
BRDA:873,90,1,0
BRDA:933,91,0,523
BRDA:933,91,1,320
BRDA:933,91,2,224
BRDA:933,91,3,113
BRDA:933,91,4,3
BRDA:940,92,0,1
BRDA:940,92,1,234
BRDA:943,93,0,1
BRDA:943,93,1,0
BRDA:951,94,0,96
BRDA:951,94,1,138
BRDA:951,95,0,234
BRDA:951,95,1,234
BRDA:953,96,0,91
BRDA:953,96,1,5
BRDA:960,97,0,111
BRDA:960,97,1,123
BRDA:961,98,0,0
BRDA:961,98,1,111
BRDA:974,99,0,2
BRDA:974,99,1,121
BRDA:986,100,0,234
BRDA:986,100,1,234
BRDA:986,100,2,202
BRDA:988,101,0,234
BRDA:988,101,1,234
BRDA:991,102,0,203
BRDA:991,102,1,31
BRDA:992,103,0,0
BRDA:992,103,1,203
BRDA:996,104,0,34
BRDA:996,104,1,169
BRDA:1000,105,0,169
BRDA:1000,105,1,0
BRDA:1001,106,0,169
BRDA:1001,106,1,169
BRDA:1017,107,0,75
BRDA:1017,107,1,152
BRDA:1022,108,0,3
BRDA:1022,108,1,149
BRDA:1027,109,0,55
BRDA:1027,109,1,94
BRDA:1028,110,0,149
BRDA:1028,110,1,62
BRDA:1028,110,2,27
BRDA:1036,111,0,35
BRDA:1036,111,1,20
BRDA:1041,112,0,11
BRDA:1041,112,1,44
BRDA:1053,113,0,31
BRDA:1053,113,1,63
BRDA:1055,114,0,11
BRDA:1055,114,1,20
BRDA:1063,115,0,12
BRDA:1063,115,1,19
BRDA:1089,116,0,3
BRDA:1089,116,1,224
BRDA:1099,117,0,36
BRDA:1099,117,1,147
BRDA:1119,118,0,134
BRDA:1119,118,1,8
BRDA:1121,119,0,10
BRDA:1121,119,1,132
BRDA:1126,120,0,10
BRDA:1126,120,1,10
BRDA:1126,120,2,0
BRDA:1142,121,0,139
BRDA:1142,121,1,100
BRDA:1143,122,0,239
BRDA:1143,122,1,119
BRDA:1143,122,2,178
BRDA:1143,122,3,120
BRDA:1143,122,4,42
BRDA:1151,123,0,56
BRDA:1151,123,1,44
BRDA:1152,124,0,100
BRDA:1152,124,1,58
BRDA:1166,125,0,25
BRDA:1166,125,1,119
BRDA:1168,126,0,22
BRDA:1168,126,1,3
BRDA:1168,127,0,25
BRDA:1168,127,1,25
BRDA:1170,128,0,22
BRDA:1170,128,1,22
BRDA:1177,129,0,12
BRDA:1177,129,1,10
BRDA:1183,130,0,12
BRDA:1183,130,1,12
BRDA:1183,130,2,2
BRDA:1197,131,0,122
BRDA:1197,131,1,20
BRDA:1198,132,0,102
BRDA:1198,132,1,20
BRDA:1205,133,0,132
BRDA:1205,133,1,102
BRDA:1216,134,0,7
BRDA:1216,134,1,20
BRDA:1222,135,0,6
BRDA:1222,135,1,14
BRDA:1229,136,0,142
BRDA:1229,136,1,40
BRDA:1231,137,0,40
BRDA:1231,137,1,102
BRDA:1233,138,0,38
BRDA:1233,138,1,2
BRDA:1233,139,0,40
BRDA:1233,139,1,40
BRDA:1323,140,0,12
BRDA:1323,140,1,7
BRDA:1350,141,0,53
BRDA:1350,141,1,9
BRDA:1352,142,0,3
BRDA:1352,142,1,50
BRDA:1367,143,0,1
BRDA:1367,143,1,8
BRDA:1388,144,0,6
BRDA:1388,144,1,9
BRF:321
BRH:276
end_of_record
TN:
SF:/Users/ssimonsen/Code/unexpected-dom/lib/matchesSelector.js
FN:1,(anonymous_1)
FN:8,(anonymous_2)
FNF:2
FNH:1
FNDA:16,(anonymous_1)
FNDA:0,(anonymous_2)
DA:1,1
DA:2,16
DA:9,0
DA:10,0
DA:11,0
DA:13,0
DA:14,0
DA:17,0
DA:20,16
LF:9
LH:3
BRDA:3,1,0,16
BRDA:3,1,1,16
BRDA:3,1,2,16
BRDA:3,1,3,16
BRDA:3,1,4,16
BRDA:3,1,5,0
BRDA:10,2,0,0
BRDA:10,2,1,0
BRDA:13,3,0,0
BRDA:13,3,1,0
BRF:10
BRH:5
end_of_record
