TN:
SF:/Users/ssimonsen/Code/unexpected-dom/bootstrap-unexpected-markdown.js
FN:10,createElement
FNF:1
FNH:1
FNDA:43,createElement
DA:2,1
DA:3,1
DA:4,1
DA:6,1
DA:7,1
DA:8,1
DA:10,1
DA:11,43
DA:13,43
DA:19,43
DA:22,1
LF:11
LH:11
BRF:0
BRH:0
end_of_record
TN:
SF:/Users/ssimonsen/Code/unexpected-dom/src/index.js
FN:4,getJSDOM
FN:14,getHtmlDocument
FN:36,parseHtml
FN:56,parseXml
FN:77,isBooleanAttribute
FN:81,isEnumeratedAttribute
FN:85,validateStyles
FN:88,(anonymous_7)
FN:99,styleStringToObject
FN:102,(anonymous_9)
FN:103,(anonymous_10)
FN:113,getClassNamesFromAttributeValue
FN:129,isInsideHtmlDocument
FN:142,getAttributes
FN:164,getCanonicalAttributes
FN:170,(anonymous_15)
FN:177,entitify
FN:184,isVoidElement
FN:190,writeAttributeToMagicPen
FN:197,(anonymous_19)
FN:207,stringifyAttribute
FN:218,(anonymous_21)
FN:225,stringifyStartTag
FN:233,(anonymous_23)
FN:241,stringifyEndTag
FN:255,(anonymous_25)
FN:259,bubbleError
FN:260,(anonymous_27)
FN:269,(anonymous_28)
FN:276,(anonymous_29)
FN:279,(anonymous_30)
FN:290,(anonymous_31)
FN:293,(anonymous_32)
FN:296,(anonymous_33)
FN:299,(anonymous_34)
FN:313,(anonymous_35)
FN:323,(anonymous_36)
FN:326,(anonymous_37)
FN:329,(anonymous_38)
FN:332,(anonymous_39)
FN:342,(anonymous_40)
FN:345,(anonymous_41)
FN:348,(anonymous_42)
FN:354,(anonymous_43)
FN:372,(anonymous_44)
FN:375,(anonymous_45)
FN:378,(anonymous_46)
FN:381,(anonymous_47)
FN:386,makeAttachedDOMNodeList
FN:399,(anonymous_49)
FN:407,(anonymous_50)
FN:410,(anonymous_51)
FN:413,(anonymous_52)
FN:426,(anonymous_53)
FN:435,(anonymous_54)
FN:441,(anonymous_55)
FN:456,(anonymous_56)
FN:464,(anonymous_57)
FN:470,(anonymous_58)
FN:482,(anonymous_59)
FN:485,(anonymous_60)
FN:491,(anonymous_61)
FN:506,(anonymous_62)
FN:515,(anonymous_63)
FN:527,(anonymous_64)
FN:561,(anonymous_65)
FN:570,(anonymous_66)
FN:579,(anonymous_67)
FN:589,(anonymous_68)
FN:612,(anonymous_69)
FN:623,(anonymous_70)
FN:640,(anonymous_71)
FN:655,(anonymous_72)
FN:660,(anonymous_73)
FN:663,(anonymous_74)
FN:702,(anonymous_75)
FN:708,(anonymous_76)
FN:710,(anonymous_77)
FN:715,(anonymous_78)
FN:724,(anonymous_79)
FN:730,(anonymous_80)
FN:737,(anonymous_81)
FN:744,(anonymous_82)
FN:750,(anonymous_83)
FN:755,(anonymous_84)
FN:758,convertDOMNodeToSatisfySpec
FN:777,(anonymous_86)
FN:798,(anonymous_87)
FN:801,(anonymous_88)
FN:814,(anonymous_89)
FN:826,(anonymous_90)
FN:829,(anonymous_91)
FN:842,(anonymous_92)
FN:847,(anonymous_93)
FN:856,(anonymous_94)
FN:862,(anonymous_95)
FN:873,(anonymous_96)
FN:886,(anonymous_97)
FN:894,(anonymous_98)
FN:903,(anonymous_99)
FN:908,(anonymous_100)
FN:917,(anonymous_101)
FN:931,(anonymous_102)
FN:936,(anonymous_103)
FN:939,(anonymous_104)
FN:955,(anonymous_105)
FN:957,(anonymous_106)
FN:966,(anonymous_107)
FN:973,(anonymous_108)
FN:984,(anonymous_109)
FN:1004,(anonymous_110)
FN:1013,(anonymous_111)
FN:1017,(anonymous_112)
FN:1021,(anonymous_113)
FN:1023,(anonymous_114)
FN:1031,(anonymous_115)
FN:1033,(anonymous_116)
FN:1048,(anonymous_117)
FN:1066,(anonymous_118)
FN:1075,(anonymous_119)
FN:1079,(anonymous_120)
FN:1095,(anonymous_121)
FN:1103,(anonymous_122)
FN:1108,(anonymous_123)
FN:1115,(anonymous_124)
FN:1117,(anonymous_125)
FN:1138,(anonymous_126)
FN:1139,(anonymous_127)
FN:1141,(anonymous_128)
FN:1142,(anonymous_129)
FN:1152,(anonymous_130)
FN:1163,(anonymous_131)
FN:1180,(anonymous_132)
FN:1195,(anonymous_133)
FN:1203,(anonymous_134)
FN:1235,(anonymous_135)
FN:1236,(anonymous_136)
FN:1247,(anonymous_137)
FN:1278,(anonymous_138)
FN:1289,(anonymous_139)
FN:1312,(anonymous_140)
FN:1318,(anonymous_141)
FN:1321,(anonymous_142)
FN:1331,(anonymous_143)
FN:1337,(anonymous_144)
FN:1346,(anonymous_145)
FN:1354,(anonymous_146)
FN:1360,(anonymous_147)
FN:1363,(anonymous_148)
FN:1369,(anonymous_149)
FN:1372,(anonymous_150)
FN:1384,(anonymous_151)
FN:1387,(anonymous_152)
FN:1403,(anonymous_153)
FN:1408,(anonymous_154)
FN:1417,(anonymous_155)
FN:1418,(anonymous_156)
FN:1427,(anonymous_157)
FN:1435,(anonymous_158)
FNF:159
FNH:155
FNDA:100,getJSDOM
FNDA:96,getHtmlDocument
FNDA:96,parseHtml
FNDA:7,parseXml
FNDA:1194,isBooleanAttribute
FNDA:647,isEnumeratedAttribute
FNDA:14,validateStyles
FNDA:25,(anonymous_7)
FNDA:122,styleStringToObject
FNDA:245,(anonymous_9)
FNDA:460,(anonymous_10)
FNDA:120,getClassNamesFromAttributeValue
FNDA:2342,isInsideHtmlDocument
FNDA:1051,getAttributes
FNDA:603,getCanonicalAttributes
FNDA:428,(anonymous_15)
FNDA:812,entitify
FNDA:740,isVoidElement
FNDA:252,writeAttributeToMagicPen
FNDA:66,(anonymous_19)
FNDA:428,stringifyAttribute
FNDA:72,(anonymous_21)
FNDA:603,stringifyStartTag
FNDA:428,(anonymous_23)
FNDA:758,stringifyEndTag
FNDA:3,(anonymous_25)
FNDA:577,bubbleError
FNDA:97,(anonymous_27)
FNDA:19892,(anonymous_28)
FNDA:14,(anonymous_29)
FNDA:0,(anonymous_30)
FNDA:39910,(anonymous_31)
FNDA:13,(anonymous_32)
FNDA:14,(anonymous_33)
FNDA:1,(anonymous_34)
FNDA:19967,(anonymous_35)
FNDA:20612,(anonymous_36)
FNDA:45,(anonymous_37)
FNDA:383,(anonymous_38)
FNDA:6,(anonymous_39)
FNDA:60,(anonymous_40)
FNDA:60,(anonymous_41)
FNDA:165,(anonymous_42)
FNDA:20868,(anonymous_43)
FNDA:56,(anonymous_44)
FNDA:56,(anonymous_45)
FNDA:89,(anonymous_46)
FNDA:21266,(anonymous_47)
FNDA:211,makeAttachedDOMNodeList
FNDA:21307,(anonymous_49)
FNDA:25,(anonymous_50)
FNDA:3,(anonymous_51)
FNDA:0,(anonymous_52)
FNDA:64089,(anonymous_53)
FNDA:20,(anonymous_54)
FNDA:1,(anonymous_55)
FNDA:21383,(anonymous_56)
FNDA:21399,(anonymous_57)
FNDA:1,(anonymous_58)
FNDA:21478,(anonymous_59)
FNDA:24,(anonymous_60)
FNDA:2,(anonymous_61)
FNDA:23270,(anonymous_62)
FNDA:40,(anonymous_63)
FNDA:591,(anonymous_64)
FNDA:507,(anonymous_65)
FNDA:182,(anonymous_66)
FNDA:352,(anonymous_67)
FNDA:22,(anonymous_68)
FNDA:2,(anonymous_69)
FNDA:10,(anonymous_70)
FNDA:5,(anonymous_71)
FNDA:3,(anonymous_72)
FNDA:2,(anonymous_73)
FNDA:2,(anonymous_74)
FNDA:16,(anonymous_75)
FNDA:7,(anonymous_76)
FNDA:7,(anonymous_77)
FNDA:7,(anonymous_78)
FNDA:3,(anonymous_79)
FNDA:0,(anonymous_80)
FNDA:1,(anonymous_81)
FNDA:10,(anonymous_82)
FNDA:9,(anonymous_83)
FNDA:127,(anonymous_84)
FNDA:219,convertDOMNodeToSatisfySpec
FNDA:114,(anonymous_86)
FNDA:5,(anonymous_87)
FNDA:0,(anonymous_88)
FNDA:5,(anonymous_89)
FNDA:3,(anonymous_90)
FNDA:4,(anonymous_91)
FNDA:8,(anonymous_92)
FNDA:23,(anonymous_93)
FNDA:16,(anonymous_94)
FNDA:51,(anonymous_95)
FNDA:11,(anonymous_96)
FNDA:5,(anonymous_97)
FNDA:7,(anonymous_98)
FNDA:2,(anonymous_99)
FNDA:4,(anonymous_100)
FNDA:64,(anonymous_101)
FNDA:4,(anonymous_102)
FNDA:306,(anonymous_103)
FNDA:698,(anonymous_104)
FNDA:305,(anonymous_105)
FNDA:153,(anonymous_106)
FNDA:305,(anonymous_107)
FNDA:170,(anonymous_108)
FNDA:2,(anonymous_109)
FNDA:74,(anonymous_110)
FNDA:246,(anonymous_111)
FNDA:246,(anonymous_112)
FNDA:246,(anonymous_113)
FNDA:3,(anonymous_114)
FNDA:3,(anonymous_115)
FNDA:2,(anonymous_116)
FNDA:75,(anonymous_117)
FNDA:13,(anonymous_118)
FNDA:1,(anonymous_119)
FNDA:51,(anonymous_120)
FNDA:12,(anonymous_121)
FNDA:21,(anonymous_122)
FNDA:66,(anonymous_123)
FNDA:259,(anonymous_124)
FNDA:246,(anonymous_125)
FNDA:96,(anonymous_126)
FNDA:96,(anonymous_127)
FNDA:145,(anonymous_128)
FNDA:145,(anonymous_129)
FNDA:10,(anonymous_130)
FNDA:240,(anonymous_131)
FNDA:104,(anonymous_132)
FNDA:142,(anonymous_133)
FNDA:22,(anonymous_134)
FNDA:106,(anonymous_135)
FNDA:238,(anonymous_136)
FNDA:24,(anonymous_137)
FNDA:2,(anonymous_138)
FNDA:2,(anonymous_139)
FNDA:24,(anonymous_140)
FNDA:13,(anonymous_141)
FNDA:23,(anonymous_142)
FNDA:8,(anonymous_143)
FNDA:113,(anonymous_144)
FNDA:19,(anonymous_145)
FNDA:18,(anonymous_146)
FNDA:76,(anonymous_147)
FNDA:31,(anonymous_148)
FNDA:5,(anonymous_149)
FNDA:5,(anonymous_150)
FNDA:2,(anonymous_151)
FNDA:2,(anonymous_152)
FNDA:15,(anonymous_153)
FNDA:6,(anonymous_154)
FNDA:16,(anonymous_155)
FNDA:7,(anonymous_156)
FNDA:32,(anonymous_157)
FNDA:7,(anonymous_158)
DA:2,1
DA:5,100
DA:6,100
DA:8,0
DA:15,96
DA:16,1
DA:17,95
DA:22,1
DA:23,1
DA:24,1
DA:25,1
DA:26,1
DA:28,94
DA:30,94
DA:37,96
DA:38,77
DA:40,96
DA:42,96
DA:43,77
DA:44,77
DA:45,77
DA:46,77
DA:47,104
DA:50,77
DA:52,19
DA:57,7
DA:58,1
DA:60,6
DA:62,6
DA:63,6
DA:65,0
DA:71,1
DA:75,1
DA:78,1194
DA:82,647
DA:86,14
DA:88,25
DA:90,14
DA:91,1
DA:92,1
DA:100,122
DA:102,122
DA:103,460
DA:105,245
DA:106,215
DA:110,122
DA:114,120
DA:115,1
DA:118,119
DA:119,2
DA:122,117
DA:123,117
DA:124,0
DA:126,117
DA:131,2342
DA:135,2342
DA:136,2342
DA:138,0
DA:143,1051
DA:144,1051
DA:145,1051
DA:147,1051
DA:148,936
DA:149,342
DA:151,594
DA:152,109
DA:154,485
DA:161,1051
DA:165,603
DA:166,603
DA:168,603
DA:171,428
DA:174,603
DA:178,812
DA:185,740
DA:191,252
DA:192,252
DA:193,232
DA:194,76
DA:195,156
DA:196,36
DA:197,66
DA:200,232
DA:208,428
DA:212,26
DA:213,402
DA:214,168
DA:215,234
DA:216,42
DA:218,72
DA:221,192
DA:227,603
DA:230,603
DA:231,603
DA:233,603
DA:234,428
DA:237,603
DA:238,603
DA:242,758
DA:243,758
DA:246,758
DA:247,29
DA:249,729
DA:253,1
DA:256,3
DA:257,3
DA:260,577
DA:261,97
DA:262,97
DA:266,3
DA:270,19892
DA:277,14
DA:280,0
DA:287,3
DA:291,39910
DA:294,13
DA:297,14
DA:300,1
DA:304,1
DA:305,1
DA:310,3
DA:314,19967
DA:320,3
DA:324,20612
DA:327,45
DA:330,383
DA:333,6
DA:334,6
DA:335,6
DA:339,3
DA:343,60
DA:346,60
DA:350,165
DA:355,20868
DA:368,3
DA:373,56
DA:376,56
DA:379,89
DA:382,21266
DA:387,211
DA:388,211
DA:389,258
DA:391,211
DA:392,211
DA:393,211
DA:396,3
DA:400,21307
DA:408,25
DA:411,3
DA:414,0
DA:418,0
DA:419,0
DA:423,3
DA:427,64089
DA:436,20
DA:437,42
DA:439,20
DA:442,1
DA:443,1
DA:449,1
DA:453,3
DA:457,21383
DA:461,3
DA:465,21399
DA:471,1
DA:472,1
DA:473,1
DA:475,1
DA:479,3
DA:483,21478
DA:486,24
DA:492,2
DA:493,2
DA:499,2
DA:503,3
DA:507,23270
DA:516,40
DA:517,40
DA:518,40
DA:528,591
DA:529,591
DA:531,591
DA:532,591
DA:533,457
DA:534,81
DA:536,376
DA:537,376
DA:538,0
DA:539,0
DA:540,0
DA:542,0
DA:545,376
DA:546,0
DA:555,376
DA:556,534
DA:560,376
DA:561,376
DA:562,507
DA:563,507
DA:564,507
DA:567,376
DA:568,96
DA:570,96
DA:571,182
DA:577,96
DA:579,280
DA:580,352
DA:585,591
DA:586,591
DA:590,22
DA:591,22
DA:593,22
DA:594,0
DA:595,0
DA:599,22
DA:601,22
DA:604,22
DA:605,10
DA:606,10
DA:607,10
DA:610,2
DA:613,2
DA:619,2
DA:621,10
DA:622,10
DA:623,10
DA:624,10
DA:625,10
DA:631,10
DA:632,7
DA:636,2
DA:638,5
DA:641,5
DA:649,5
DA:651,7
DA:653,3
DA:655,3
DA:657,3
DA:660,10
DA:661,2
DA:662,2
DA:664,2
DA:665,2
DA:673,2
DA:675,10
DA:677,12
DA:680,22
DA:681,14
DA:695,22
DA:696,22
DA:700,3
DA:703,16
DA:706,3
DA:709,7
DA:711,7
DA:712,7
DA:713,3
DA:715,7
DA:716,7
DA:722,3
DA:725,3
DA:728,3
DA:731,0
DA:735,3
DA:737,1
DA:741,3
DA:748,3
DA:750,9
DA:753,3
DA:755,127
DA:759,219
DA:761,4
DA:762,215
DA:764,116
DA:766,116
DA:768,116
DA:769,116
DA:770,116
DA:771,39
DA:777,116
DA:778,114
DA:780,116
DA:781,99
DA:783,96
DA:784,3
DA:786,3
DA:788,0
DA:796,3
DA:799,5
DA:801,5
DA:802,0
DA:804,5
DA:812,3
DA:815,5
DA:816,5
DA:817,5
DA:818,7
DA:820,5
DA:824,3
DA:827,3
DA:829,3
DA:830,4
DA:832,3
DA:840,3
DA:843,8
DA:844,8
DA:848,23
DA:854,3
DA:857,16
DA:860,3
DA:863,51
DA:864,51
DA:867,51
DA:868,0
DA:873,51
DA:874,11
DA:876,51
DA:884,3
DA:887,5
DA:888,5
DA:891,5
DA:895,7
DA:901,3
DA:904,2
DA:905,2
DA:909,4
DA:915,3
DA:918,64
DA:925,3
DA:931,4
DA:934,3
DA:937,306
DA:938,306
DA:940,698
DA:946,306
DA:947,1
DA:954,305
DA:956,305
DA:957,153
DA:958,153
DA:967,305
DA:968,170
DA:969,0
DA:973,170
DA:974,170
DA:983,135
DA:984,2
DA:985,2
DA:993,305
DA:994,305
DA:995,305
DA:996,305
DA:997,305
DA:999,305
DA:1000,259
DA:1001,0
DA:1003,259
DA:1004,34
DA:1005,74
DA:1007,225
DA:1011,225
DA:1013,259
DA:1014,246
DA:1017,259
DA:1018,246
DA:1020,246
DA:1021,246
DA:1022,246
DA:1023,3
DA:1024,3
DA:1026,243
DA:1027,3
DA:1031,3
DA:1032,3
DA:1033,1
DA:1034,2
DA:1045,2
DA:1047,240
DA:1048,75
DA:1049,75
DA:1051,165
DA:1056,65
DA:1059,65
DA:1060,65
DA:1061,45
DA:1065,65
DA:1066,13
DA:1067,13
DA:1074,52
DA:1075,1
DA:1076,1
DA:1079,51
DA:1080,51
DA:1083,100
DA:1085,34
DA:1086,14
DA:1087,13
DA:1091,20
DA:1094,33
DA:1095,12
DA:1096,12
DA:1103,21
DA:1104,21
DA:1108,66
DA:1109,66
DA:1115,259
DA:1116,259
DA:1117,259
DA:1118,246
DA:1122,3
DA:1124,243
DA:1125,243
DA:1128,239
DA:1129,39
DA:1138,305
DA:1139,96
DA:1140,96
DA:1142,145
DA:1143,145
DA:1144,145
DA:1149,145
DA:1150,10
DA:1151,10
DA:1152,10
DA:1153,10
DA:1162,145
DA:1163,145
DA:1164,240
DA:1165,240
DA:1166,240
DA:1172,240
DA:1179,104
DA:1180,104
DA:1181,104
DA:1186,58
DA:1189,46
DA:1193,240
DA:1195,145
DA:1196,142
DA:1197,24
DA:1198,24
DA:1199,22
DA:1200,22
DA:1201,22
DA:1204,22
DA:1208,22
DA:1212,12
DA:1225,22
DA:1229,145
DA:1230,123
DA:1231,106
DA:1236,106
DA:1237,238
DA:1238,132
DA:1240,238
DA:1246,17
DA:1247,17
DA:1248,24
DA:1249,7
DA:1251,24
DA:1254,22
DA:1256,6
DA:1259,145
DA:1261,145
DA:1263,145
DA:1264,37
DA:1265,37
DA:1266,35
DA:1274,2
DA:1279,2
DA:1284,2
DA:1287,2
DA:1290,2
DA:1292,2
DA:1295,108
DA:1296,74
DA:1299,145
DA:1301,145
DA:1302,145
DA:1310,3
DA:1313,24
DA:1316,3
DA:1319,13
DA:1321,13
DA:1322,23
DA:1325,13
DA:1329,3
DA:1332,8
DA:1335,3
DA:1338,113
DA:1344,3
DA:1347,19
DA:1352,3
DA:1355,18
DA:1358,3
DA:1363,76
DA:1364,76
DA:1366,76
DA:1367,58
DA:1368,58
DA:1369,3
DA:1370,5
DA:1372,3
DA:1373,5
DA:1382,18
DA:1383,18
DA:1384,1
DA:1385,2
DA:1387,1
DA:1388,2
DA:1397,72
DA:1401,3
DA:1404,15
DA:1405,6
DA:1408,9
DA:1409,6
DA:1411,9
DA:1415,3
DA:1418,16
DA:1419,7
DA:1421,16
DA:1425,3
DA:1428,32
DA:1429,32
DA:1433,3
DA:1436,7
DA:1437,7
LF:527
LH:506
BRDA:15,0,0,1
BRDA:15,0,1,95
BRDA:17,1,0,1
BRDA:17,1,1,94
BRDA:18,2,0,95
BRDA:18,2,1,1
BRDA:18,2,2,1
BRDA:30,3,0,94
BRDA:30,3,1,0
BRDA:37,4,0,77
BRDA:37,4,1,19
BRDA:42,5,0,77
BRDA:42,5,1,19
BRDA:45,6,0,77
BRDA:45,6,1,0
BRDA:57,7,0,1
BRDA:57,7,1,6
BRDA:62,8,0,6
BRDA:62,8,1,0
BRDA:90,9,0,1
BRDA:90,9,1,13
BRDA:105,10,0,215
BRDA:105,10,1,30
BRDA:105,11,0,245
BRDA:105,11,1,221
BRDA:114,12,0,1
BRDA:114,12,1,119
BRDA:118,13,0,2
BRDA:118,13,1,117
BRDA:123,14,0,0
BRDA:123,14,1,117
BRDA:123,15,0,117
BRDA:123,15,1,74
BRDA:131,16,0,7
BRDA:131,16,1,2335
BRDA:131,17,0,2342
BRDA:131,17,1,7
BRDA:131,17,2,7
BRDA:135,18,0,2342
BRDA:135,18,1,0
BRDA:148,19,0,342
BRDA:148,19,1,594
BRDA:150,20,0,342
BRDA:150,20,1,340
BRDA:150,20,2,2
BRDA:151,21,0,109
BRDA:151,21,1,485
BRDA:155,22,0,44
BRDA:155,22,1,441
BRDA:155,23,0,485
BRDA:155,23,1,477
BRDA:157,24,0,441
BRDA:157,24,1,1
BRDA:192,25,0,232
BRDA:192,25,1,20
BRDA:192,26,0,252
BRDA:192,26,1,250
BRDA:193,27,0,76
BRDA:193,27,1,156
BRDA:195,28,0,36
BRDA:195,28,1,120
BRDA:208,29,0,26
BRDA:208,29,1,402
BRDA:209,30,0,428
BRDA:209,30,1,404
BRDA:213,31,0,168
BRDA:213,31,1,234
BRDA:215,32,0,42
BRDA:215,32,1,192
BRDA:227,33,0,593
BRDA:227,33,1,10
BRDA:243,34,0,740
BRDA:243,34,1,18
BRDA:246,35,0,29
BRDA:246,35,1,729
BRDA:246,36,0,758
BRDA:246,36,1,740
BRDA:246,36,2,29
BRDA:271,37,0,19892
BRDA:271,37,1,19253
BRDA:271,37,2,0
BRDA:291,38,0,39910
BRDA:291,38,1,38632
BRDA:291,38,2,128
BRDA:315,39,0,19967
BRDA:315,39,1,75
BRDA:324,40,0,20612
BRDA:324,40,1,19973
BRDA:324,40,2,721
BRDA:351,41,0,165
BRDA:351,41,1,87
BRDA:351,41,2,17
BRDA:356,42,0,20868
BRDA:356,42,1,20229
BRDA:356,42,2,13903
BRDA:356,42,3,13903
BRDA:356,42,4,256
BRDA:356,42,5,0
BRDA:356,42,6,0
BRDA:382,43,0,21266
BRDA:382,43,1,20627
BRDA:401,44,0,21307
BRDA:401,44,1,20668
BRDA:401,44,2,762
BRDA:401,44,3,41
BRDA:428,45,0,64089
BRDA:428,45,1,62172
BRDA:428,45,2,2454
BRDA:428,45,3,168
BRDA:428,45,4,168
BRDA:457,46,0,21383
BRDA:457,46,1,76
BRDA:466,47,0,21399
BRDA:466,47,1,92
BRDA:483,48,0,21478
BRDA:483,48,1,20839
BRDA:508,49,0,23270
BRDA:508,49,1,22631
BRDA:508,49,2,2725
BRDA:508,49,3,1793
BRDA:508,49,4,1792
BRDA:519,50,0,40
BRDA:519,50,1,40
BRDA:519,50,2,35
BRDA:519,50,3,28
BRDA:520,51,0,40
BRDA:520,51,1,0
BRDA:532,52,0,457
BRDA:532,52,1,134
BRDA:533,53,0,81
BRDA:533,53,1,376
BRDA:537,54,0,0
BRDA:537,54,1,376
BRDA:539,55,0,0
BRDA:539,55,1,0
BRDA:539,56,0,0
BRDA:539,56,1,0
BRDA:545,57,0,0
BRDA:545,57,1,376
BRDA:551,58,0,0
BRDA:551,58,1,0
BRDA:564,59,0,507
BRDA:564,59,1,411
BRDA:567,60,0,96
BRDA:567,60,1,280
BRDA:593,61,0,0
BRDA:593,61,1,22
BRDA:599,62,0,22
BRDA:599,62,1,8
BRDA:601,63,0,22
BRDA:601,63,1,20
BRDA:604,64,0,10
BRDA:604,64,1,12
BRDA:607,65,0,2
BRDA:607,65,1,8
BRDA:624,66,0,7
BRDA:624,66,1,3
BRDA:631,67,0,7
BRDA:631,67,1,3
BRDA:632,68,0,2
BRDA:632,68,1,5
BRDA:661,69,0,2
BRDA:661,69,1,0
BRDA:680,70,0,14
BRDA:680,70,1,8
BRDA:712,71,0,3
BRDA:712,71,1,4
BRDA:759,72,0,4
BRDA:759,72,1,215
BRDA:762,73,0,116
BRDA:762,73,1,99
BRDA:764,74,0,116
BRDA:764,74,1,0
BRDA:768,75,0,116
BRDA:768,75,1,0
BRDA:772,76,0,0
BRDA:772,76,1,39
BRDA:772,77,0,39
BRDA:772,77,1,39
BRDA:774,78,0,39
BRDA:774,78,1,2
BRDA:781,79,0,96
BRDA:781,79,1,3
BRDA:784,80,0,3
BRDA:784,80,1,0
BRDA:802,81,0,0
BRDA:802,81,1,0
BRDA:807,82,0,5
BRDA:807,82,1,0
BRDA:830,83,0,4
BRDA:830,83,1,0
BRDA:835,84,0,3
BRDA:835,84,1,0
BRDA:864,85,0,51
BRDA:864,85,1,0
BRDA:867,86,0,0
BRDA:867,86,1,51
BRDA:874,87,0,11
BRDA:874,87,1,0
BRDA:888,88,0,5
BRDA:888,88,1,0
BRDA:940,89,0,698
BRDA:940,89,1,439
BRDA:940,89,2,286
BRDA:940,89,3,116
BRDA:940,89,4,3
BRDA:946,90,0,1
BRDA:946,90,1,305
BRDA:949,91,0,1
BRDA:949,91,1,0
BRDA:956,92,0,153
BRDA:956,92,1,152
BRDA:956,93,0,305
BRDA:956,93,1,305
BRDA:959,94,0,148
BRDA:959,94,1,5
BRDA:967,95,0,170
BRDA:967,95,1,135
BRDA:968,96,0,0
BRDA:968,96,1,170
BRDA:983,97,0,2
BRDA:983,97,1,133
BRDA:993,98,0,305
BRDA:993,98,1,305
BRDA:993,98,2,273
BRDA:995,99,0,305
BRDA:995,99,1,305
BRDA:999,100,0,259
BRDA:999,100,1,46
BRDA:1000,101,0,0
BRDA:1000,101,1,259
BRDA:1003,102,0,34
BRDA:1003,102,1,225
BRDA:1007,103,0,225
BRDA:1007,103,1,0
BRDA:1008,104,0,225
BRDA:1008,104,1,225
BRDA:1022,105,0,3
BRDA:1022,105,1,243
BRDA:1026,106,0,3
BRDA:1026,106,1,240
BRDA:1032,107,0,1
BRDA:1032,107,1,2
BRDA:1047,108,0,75
BRDA:1047,108,1,165
BRDA:1051,109,0,65
BRDA:1051,109,1,100
BRDA:1052,110,0,165
BRDA:1052,110,1,72
BRDA:1052,110,2,27
BRDA:1060,111,0,45
BRDA:1060,111,1,20
BRDA:1065,112,0,13
BRDA:1065,112,1,52
BRDA:1074,113,0,1
BRDA:1074,113,1,51
BRDA:1083,114,0,34
BRDA:1083,114,1,66
BRDA:1085,115,0,14
BRDA:1085,115,1,20
BRDA:1094,116,0,12
BRDA:1094,116,1,21
BRDA:1118,117,0,3
BRDA:1118,117,1,243
BRDA:1128,118,0,39
BRDA:1128,118,1,200
BRDA:1147,119,0,137
BRDA:1147,119,1,8
BRDA:1149,120,0,10
BRDA:1149,120,1,135
BRDA:1155,121,0,10
BRDA:1155,121,1,10
BRDA:1155,121,2,0
BRDA:1172,122,0,136
BRDA:1172,122,1,104
BRDA:1173,123,0,240
BRDA:1173,123,1,118
BRDA:1173,123,2,182
BRDA:1173,123,3,122
BRDA:1173,123,4,44
BRDA:1181,124,0,58
BRDA:1181,124,1,46
BRDA:1182,125,0,104
BRDA:1182,125,1,60
BRDA:1196,126,0,24
BRDA:1196,126,1,118
BRDA:1198,127,0,22
BRDA:1198,127,1,2
BRDA:1198,128,0,24
BRDA:1198,128,1,24
BRDA:1200,129,0,22
BRDA:1200,129,1,22
BRDA:1208,130,0,12
BRDA:1208,130,1,10
BRDA:1215,131,0,12
BRDA:1215,131,1,12
BRDA:1215,131,2,2
BRDA:1229,132,0,123
BRDA:1229,132,1,22
BRDA:1230,133,0,106
BRDA:1230,133,1,17
BRDA:1237,134,0,132
BRDA:1237,134,1,106
BRDA:1248,135,0,7
BRDA:1248,135,1,17
BRDA:1254,136,0,6
BRDA:1254,136,1,16
BRDA:1261,137,0,145
BRDA:1261,137,1,37
BRDA:1263,138,0,37
BRDA:1263,138,1,108
BRDA:1265,139,0,35
BRDA:1265,139,1,2
BRDA:1265,140,0,37
BRDA:1265,140,1,37
BRDA:1347,141,0,12
BRDA:1347,141,1,7
BRDA:1366,142,0,58
BRDA:1366,142,1,18
BRDA:1368,143,0,3
BRDA:1368,143,1,55
BRDA:1383,144,0,1
BRDA:1383,144,1,17
BRDA:1404,145,0,6
BRDA:1404,145,1,9
BRF:325
BRH:288
end_of_record
TN:
SF:/Users/ssimonsen/Code/unexpected-dom/src/matchesSelector.js
FN:1,(anonymous_0)
FN:8,(anonymous_1)
FNF:2
FNH:1
FNDA:16,(anonymous_0)
FNDA:0,(anonymous_1)
DA:1,1
DA:3,16
DA:9,0
DA:10,0
DA:13,0
DA:15,0
DA:16,0
DA:19,0
DA:22,16
LF:9
LH:3
BRDA:3,0,0,16
BRDA:3,0,1,16
BRDA:3,0,2,16
BRDA:3,0,3,16
BRDA:3,0,4,16
BRDA:3,0,5,0
BRDA:10,1,0,0
BRDA:10,1,1,0
BRDA:15,2,0,0
BRDA:15,2,1,0
BRF:10
BRH:5
end_of_record
